ARM GAS  C:\Users\patel\AppData\Local\Temp\ccAITBg5.s 			page 1


   1              		.syntax unified
   2              		.cpu cortex-m3
   3              		.fpu softvfp
   4              		.eabi_attribute 20, 1
   5              		.eabi_attribute 21, 1
   6              		.eabi_attribute 23, 3
   7              		.eabi_attribute 24, 1
   8              		.eabi_attribute 25, 1
   9              		.eabi_attribute 26, 1
  10              		.eabi_attribute 30, 1
  11              		.eabi_attribute 34, 1
  12              		.eabi_attribute 18, 4
  13              		.thumb
  14              		.file	"main.c"
  15              		.text
  16              	.Ltext0:
  17              		.cfi_sections	.debug_frame
  18              		.section	.text.main,"ax",%progbits
  19              		.align	2
  20              		.global	main
  21              		.thumb
  22              		.thumb_func
  23              		.type	main, %function
  24              	main:
  25              	.LFB63:
  26              		.file 1 ".\\main.c"
   1:.\main.c      **** /* ========================================
   2:.\main.c      ****  *
   3:.\main.c      ****  * Copyright YOUR COMPANY, THE YEAR
   4:.\main.c      ****  * All Rights Reserved
   5:.\main.c      ****  * UNPUBLISHED, LICENSED SOFTWARE.
   6:.\main.c      ****  *
   7:.\main.c      ****  * CONFIDENTIAL AND PROPRIETARY INFORMATION
   8:.\main.c      ****  * WHICH IS THE PROPERTY OF your company.
   9:.\main.c      ****  *
  10:.\main.c      ****  * ========================================
  11:.\main.c      **** */
  12:.\main.c      **** #include <project.h>
  13:.\main.c      **** #include <stdio.h>
  14:.\main.c      **** #include <string.h>
  15:.\main.c      **** #include <stdlib.h>
  16:.\main.c      **** 
  17:.\main.c      **** int main()
  18:.\main.c      **** {
  27              		.loc 1 18 0
  28              		.cfi_startproc
  29              		@ args = 0, pretend = 0, frame = 0
  30              		@ frame_needed = 0, uses_anonymous_args = 0
  31 0000 08B5     		push	{r3, lr}
  32              		.cfi_def_cfa_offset 8
  33              		.cfi_offset 3, -8
  34              		.cfi_offset 14, -4
  19:.\main.c      ****     CyGlobalIntEnable; /* Enable global interrupts. */
  35              		.loc 1 19 0
  36              	@ 19 ".\main.c" 1
  37 0002 62B6     		CPSIE   i
  38              	@ 0 "" 2
ARM GAS  C:\Users\patel\AppData\Local\Temp\ccAITBg5.s 			page 2


  20:.\main.c      **** 
  21:.\main.c      ****     /* Place your initialization/startup code here (e.g. MyInst_Start()) */
  22:.\main.c      **** 
  23:.\main.c      ****     UART_Start();
  39              		.loc 1 23 0
  40              		.thumb
  41 0004 FFF7FEFF 		bl	UART_Start
  42              	.LVL0:
  43              	.L2:
  24:.\main.c      ****     uint16 count1 = 864;
  25:.\main.c      ****     char str[15];
  26:.\main.c      ****     
  27:.\main.c      ****     for(;;)
  28:.\main.c      ****     {
  29:.\main.c      ****         /* Place your application code here. */
  30:.\main.c      ****         
  31:.\main.c      ****         //sprintf(str, "%d", count1);
  32:.\main.c      ****         UART_PutString("f");
  44              		.loc 1 32 0 discriminator 1
  45 0008 0348     		ldr	r0, .L4
  46 000a FFF7FEFF 		bl	UART_PutString
  47              	.LVL1:
  33:.\main.c      ****         CyDelay(1);
  48              		.loc 1 33 0 discriminator 1
  49 000e 0120     		movs	r0, #1
  50 0010 FFF7FEFF 		bl	CyDelay
  51              	.LVL2:
  34:.\main.c      ****         
  35:.\main.c      ****     }
  52              		.loc 1 35 0 discriminator 1
  53 0014 F8E7     		b	.L2
  54              	.L5:
  55 0016 00BF     		.align	2
  56              	.L4:
  57 0018 00000000 		.word	.LC0
  58              		.cfi_endproc
  59              	.LFE63:
  60              		.size	main, .-main
  61              		.section	.rodata.str1.4,"aMS",%progbits,1
  62              		.align	2
  63              	.LC0:
  64 0000 6600     		.ascii	"f\000"
  65 0002 0000     		.text
  66              	.Letext0:
  67              		.file 2 "f:\\psoc creator\\3.3\\psoc creator\\import\\gnu\\arm\\4.9.3\\arm-none-eabi\\include\\mac
  68              		.file 3 "f:\\psoc creator\\3.3\\psoc creator\\import\\gnu\\arm\\4.9.3\\arm-none-eabi\\include\\std
  69              		.file 4 "Generated_Source\\PSoC5/cytypes.h"
  70              		.file 5 "Generated_Source\\PSoC5/core_cm3.h"
  71              		.file 6 "Generated_Source\\PSoC5/UART.h"
  72              		.file 7 "Generated_Source\\PSoC5/CyLib.h"
  73              		.section	.debug_info,"",%progbits
  74              	.Ldebug_info0:
  75 0000 70010000 		.4byte	0x170
  76 0004 0400     		.2byte	0x4
  77 0006 00000000 		.4byte	.Ldebug_abbrev0
  78 000a 04       		.byte	0x4
  79 000b 01       		.uleb128 0x1
ARM GAS  C:\Users\patel\AppData\Local\Temp\ccAITBg5.s 			page 3


  80 000c 78000000 		.4byte	.LASF18
  81 0010 01       		.byte	0x1
  82 0011 2D010000 		.4byte	.LASF19
  83 0015 36010000 		.4byte	.LASF20
  84 0019 00000000 		.4byte	.Ldebug_ranges0+0
  85 001d 00000000 		.4byte	0
  86 0021 00000000 		.4byte	.Ldebug_line0
  87 0025 02       		.uleb128 0x2
  88 0026 01       		.byte	0x1
  89 0027 06       		.byte	0x6
  90 0028 B0010000 		.4byte	.LASF0
  91 002c 02       		.uleb128 0x2
  92 002d 01       		.byte	0x1
  93 002e 08       		.byte	0x8
  94 002f 11010000 		.4byte	.LASF1
  95 0033 02       		.uleb128 0x2
  96 0034 02       		.byte	0x2
  97 0035 05       		.byte	0x5
  98 0036 CC010000 		.4byte	.LASF2
  99 003a 02       		.uleb128 0x2
 100 003b 02       		.byte	0x2
 101 003c 07       		.byte	0x7
 102 003d 5F000000 		.4byte	.LASF3
 103 0041 03       		.uleb128 0x3
 104 0042 BC010000 		.4byte	.LASF9
 105 0046 02       		.byte	0x2
 106 0047 3F       		.byte	0x3f
 107 0048 4C000000 		.4byte	0x4c
 108 004c 02       		.uleb128 0x2
 109 004d 04       		.byte	0x4
 110 004e 05       		.byte	0x5
 111 004f 24010000 		.4byte	.LASF4
 112 0053 02       		.uleb128 0x2
 113 0054 04       		.byte	0x4
 114 0055 07       		.byte	0x7
 115 0056 36000000 		.4byte	.LASF5
 116 005a 02       		.uleb128 0x2
 117 005b 08       		.byte	0x8
 118 005c 05       		.byte	0x5
 119 005d 00000000 		.4byte	.LASF6
 120 0061 02       		.uleb128 0x2
 121 0062 08       		.byte	0x8
 122 0063 07       		.byte	0x7
 123 0064 48000000 		.4byte	.LASF7
 124 0068 04       		.uleb128 0x4
 125 0069 04       		.byte	0x4
 126 006a 05       		.byte	0x5
 127 006b 696E7400 		.ascii	"int\000"
 128 006f 02       		.uleb128 0x2
 129 0070 04       		.byte	0x4
 130 0071 07       		.byte	0x7
 131 0072 15000000 		.4byte	.LASF8
 132 0076 03       		.uleb128 0x3
 133 0077 DD010000 		.4byte	.LASF10
 134 007b 03       		.byte	0x3
 135 007c 2C       		.byte	0x2c
 136 007d 41000000 		.4byte	0x41
ARM GAS  C:\Users\patel\AppData\Local\Temp\ccAITBg5.s 			page 4


 137 0081 05       		.uleb128 0x5
 138 0082 D6010000 		.4byte	.LASF11
 139 0086 04       		.byte	0x4
 140 0087 9301     		.2byte	0x193
 141 0089 3A000000 		.4byte	0x3a
 142 008d 05       		.uleb128 0x5
 143 008e 0E000000 		.4byte	.LASF12
 144 0092 04       		.byte	0x4
 145 0093 9401     		.2byte	0x194
 146 0095 53000000 		.4byte	0x53
 147 0099 02       		.uleb128 0x2
 148 009a 04       		.byte	0x4
 149 009b 04       		.byte	0x4
 150 009c C6010000 		.4byte	.LASF13
 151 00a0 02       		.uleb128 0x2
 152 00a1 08       		.byte	0x8
 153 00a2 04       		.byte	0x4
 154 00a3 8D010000 		.4byte	.LASF14
 155 00a7 05       		.uleb128 0x5
 156 00a8 72000000 		.4byte	.LASF15
 157 00ac 04       		.byte	0x4
 158 00ad A301     		.2byte	0x1a3
 159 00af B3000000 		.4byte	0xb3
 160 00b3 02       		.uleb128 0x2
 161 00b4 01       		.byte	0x1
 162 00b5 08       		.byte	0x8
 163 00b6 1F010000 		.4byte	.LASF16
 164 00ba 02       		.uleb128 0x2
 165 00bb 04       		.byte	0x4
 166 00bc 07       		.byte	0x7
 167 00bd E5010000 		.4byte	.LASF17
 168 00c1 06       		.uleb128 0x6
 169 00c2 22000000 		.4byte	.LASF21
 170 00c6 01       		.byte	0x1
 171 00c7 11       		.byte	0x11
 172 00c8 68000000 		.4byte	0x68
 173 00cc 00000000 		.4byte	.LFB63
 174 00d0 1C000000 		.4byte	.LFE63-.LFB63
 175 00d4 01       		.uleb128 0x1
 176 00d5 9C       		.byte	0x9c
 177 00d6 22010000 		.4byte	0x122
 178 00da 07       		.uleb128 0x7
 179 00db 27000000 		.4byte	.LASF22
 180 00df 01       		.byte	0x1
 181 00e0 18       		.byte	0x18
 182 00e1 81000000 		.4byte	0x81
 183 00e5 6003     		.2byte	0x360
 184 00e7 08       		.uleb128 0x8
 185 00e8 73747200 		.ascii	"str\000"
 186 00ec 01       		.byte	0x1
 187 00ed 19       		.byte	0x19
 188 00ee 22010000 		.4byte	0x122
 189 00f2 09       		.uleb128 0x9
 190 00f3 08000000 		.4byte	.LVL0
 191 00f7 43010000 		.4byte	0x143
 192 00fb 0A       		.uleb128 0xa
 193 00fc 0E000000 		.4byte	.LVL1
ARM GAS  C:\Users\patel\AppData\Local\Temp\ccAITBg5.s 			page 5


 194 0100 4A010000 		.4byte	0x14a
 195 0104 12010000 		.4byte	0x112
 196 0108 0B       		.uleb128 0xb
 197 0109 01       		.uleb128 0x1
 198 010a 50       		.byte	0x50
 199 010b 05       		.uleb128 0x5
 200 010c 03       		.byte	0x3
 201 010d 00000000 		.4byte	.LC0
 202 0111 00       		.byte	0
 203 0112 0C       		.uleb128 0xc
 204 0113 14000000 		.4byte	.LVL2
 205 0117 66010000 		.4byte	0x166
 206 011b 0B       		.uleb128 0xb
 207 011c 01       		.uleb128 0x1
 208 011d 50       		.byte	0x50
 209 011e 01       		.uleb128 0x1
 210 011f 31       		.byte	0x31
 211 0120 00       		.byte	0
 212 0121 00       		.byte	0
 213 0122 0D       		.uleb128 0xd
 214 0123 B3000000 		.4byte	0xb3
 215 0127 32010000 		.4byte	0x132
 216 012b 0E       		.uleb128 0xe
 217 012c BA000000 		.4byte	0xba
 218 0130 0E       		.byte	0xe
 219 0131 00       		.byte	0
 220 0132 0F       		.uleb128 0xf
 221 0133 A3010000 		.4byte	.LASF23
 222 0137 05       		.byte	0x5
 223 0138 9606     		.2byte	0x696
 224 013a 3E010000 		.4byte	0x13e
 225 013e 10       		.uleb128 0x10
 226 013f 76000000 		.4byte	0x76
 227 0143 11       		.uleb128 0x11
 228 0144 06010000 		.4byte	.LASF24
 229 0148 06       		.byte	0x6
 230 0149 54       		.byte	0x54
 231 014a 12       		.uleb128 0x12
 232 014b 94010000 		.4byte	.LASF25
 233 014f 06       		.byte	0x6
 234 0150 8B       		.byte	0x8b
 235 0151 5B010000 		.4byte	0x15b
 236 0155 13       		.uleb128 0x13
 237 0156 5B010000 		.4byte	0x15b
 238 015a 00       		.byte	0
 239 015b 14       		.uleb128 0x14
 240 015c 04       		.byte	0x4
 241 015d 61010000 		.4byte	0x161
 242 0161 15       		.uleb128 0x15
 243 0162 A7000000 		.4byte	0xa7
 244 0166 16       		.uleb128 0x16
 245 0167 2E000000 		.4byte	.LASF26
 246 016b 07       		.byte	0x7
 247 016c 76       		.byte	0x76
 248 016d 13       		.uleb128 0x13
 249 016e 8D000000 		.4byte	0x8d
 250 0172 00       		.byte	0
ARM GAS  C:\Users\patel\AppData\Local\Temp\ccAITBg5.s 			page 6


 251 0173 00       		.byte	0
 252              		.section	.debug_abbrev,"",%progbits
 253              	.Ldebug_abbrev0:
 254 0000 01       		.uleb128 0x1
 255 0001 11       		.uleb128 0x11
 256 0002 01       		.byte	0x1
 257 0003 25       		.uleb128 0x25
 258 0004 0E       		.uleb128 0xe
 259 0005 13       		.uleb128 0x13
 260 0006 0B       		.uleb128 0xb
 261 0007 03       		.uleb128 0x3
 262 0008 0E       		.uleb128 0xe
 263 0009 1B       		.uleb128 0x1b
 264 000a 0E       		.uleb128 0xe
 265 000b 55       		.uleb128 0x55
 266 000c 17       		.uleb128 0x17
 267 000d 11       		.uleb128 0x11
 268 000e 01       		.uleb128 0x1
 269 000f 10       		.uleb128 0x10
 270 0010 17       		.uleb128 0x17
 271 0011 00       		.byte	0
 272 0012 00       		.byte	0
 273 0013 02       		.uleb128 0x2
 274 0014 24       		.uleb128 0x24
 275 0015 00       		.byte	0
 276 0016 0B       		.uleb128 0xb
 277 0017 0B       		.uleb128 0xb
 278 0018 3E       		.uleb128 0x3e
 279 0019 0B       		.uleb128 0xb
 280 001a 03       		.uleb128 0x3
 281 001b 0E       		.uleb128 0xe
 282 001c 00       		.byte	0
 283 001d 00       		.byte	0
 284 001e 03       		.uleb128 0x3
 285 001f 16       		.uleb128 0x16
 286 0020 00       		.byte	0
 287 0021 03       		.uleb128 0x3
 288 0022 0E       		.uleb128 0xe
 289 0023 3A       		.uleb128 0x3a
 290 0024 0B       		.uleb128 0xb
 291 0025 3B       		.uleb128 0x3b
 292 0026 0B       		.uleb128 0xb
 293 0027 49       		.uleb128 0x49
 294 0028 13       		.uleb128 0x13
 295 0029 00       		.byte	0
 296 002a 00       		.byte	0
 297 002b 04       		.uleb128 0x4
 298 002c 24       		.uleb128 0x24
 299 002d 00       		.byte	0
 300 002e 0B       		.uleb128 0xb
 301 002f 0B       		.uleb128 0xb
 302 0030 3E       		.uleb128 0x3e
 303 0031 0B       		.uleb128 0xb
 304 0032 03       		.uleb128 0x3
 305 0033 08       		.uleb128 0x8
 306 0034 00       		.byte	0
 307 0035 00       		.byte	0
ARM GAS  C:\Users\patel\AppData\Local\Temp\ccAITBg5.s 			page 7


 308 0036 05       		.uleb128 0x5
 309 0037 16       		.uleb128 0x16
 310 0038 00       		.byte	0
 311 0039 03       		.uleb128 0x3
 312 003a 0E       		.uleb128 0xe
 313 003b 3A       		.uleb128 0x3a
 314 003c 0B       		.uleb128 0xb
 315 003d 3B       		.uleb128 0x3b
 316 003e 05       		.uleb128 0x5
 317 003f 49       		.uleb128 0x49
 318 0040 13       		.uleb128 0x13
 319 0041 00       		.byte	0
 320 0042 00       		.byte	0
 321 0043 06       		.uleb128 0x6
 322 0044 2E       		.uleb128 0x2e
 323 0045 01       		.byte	0x1
 324 0046 3F       		.uleb128 0x3f
 325 0047 19       		.uleb128 0x19
 326 0048 03       		.uleb128 0x3
 327 0049 0E       		.uleb128 0xe
 328 004a 3A       		.uleb128 0x3a
 329 004b 0B       		.uleb128 0xb
 330 004c 3B       		.uleb128 0x3b
 331 004d 0B       		.uleb128 0xb
 332 004e 49       		.uleb128 0x49
 333 004f 13       		.uleb128 0x13
 334 0050 11       		.uleb128 0x11
 335 0051 01       		.uleb128 0x1
 336 0052 12       		.uleb128 0x12
 337 0053 06       		.uleb128 0x6
 338 0054 40       		.uleb128 0x40
 339 0055 18       		.uleb128 0x18
 340 0056 9742     		.uleb128 0x2117
 341 0058 19       		.uleb128 0x19
 342 0059 01       		.uleb128 0x1
 343 005a 13       		.uleb128 0x13
 344 005b 00       		.byte	0
 345 005c 00       		.byte	0
 346 005d 07       		.uleb128 0x7
 347 005e 34       		.uleb128 0x34
 348 005f 00       		.byte	0
 349 0060 03       		.uleb128 0x3
 350 0061 0E       		.uleb128 0xe
 351 0062 3A       		.uleb128 0x3a
 352 0063 0B       		.uleb128 0xb
 353 0064 3B       		.uleb128 0x3b
 354 0065 0B       		.uleb128 0xb
 355 0066 49       		.uleb128 0x49
 356 0067 13       		.uleb128 0x13
 357 0068 1C       		.uleb128 0x1c
 358 0069 05       		.uleb128 0x5
 359 006a 00       		.byte	0
 360 006b 00       		.byte	0
 361 006c 08       		.uleb128 0x8
 362 006d 34       		.uleb128 0x34
 363 006e 00       		.byte	0
 364 006f 03       		.uleb128 0x3
ARM GAS  C:\Users\patel\AppData\Local\Temp\ccAITBg5.s 			page 8


 365 0070 08       		.uleb128 0x8
 366 0071 3A       		.uleb128 0x3a
 367 0072 0B       		.uleb128 0xb
 368 0073 3B       		.uleb128 0x3b
 369 0074 0B       		.uleb128 0xb
 370 0075 49       		.uleb128 0x49
 371 0076 13       		.uleb128 0x13
 372 0077 00       		.byte	0
 373 0078 00       		.byte	0
 374 0079 09       		.uleb128 0x9
 375 007a 898201   		.uleb128 0x4109
 376 007d 00       		.byte	0
 377 007e 11       		.uleb128 0x11
 378 007f 01       		.uleb128 0x1
 379 0080 31       		.uleb128 0x31
 380 0081 13       		.uleb128 0x13
 381 0082 00       		.byte	0
 382 0083 00       		.byte	0
 383 0084 0A       		.uleb128 0xa
 384 0085 898201   		.uleb128 0x4109
 385 0088 01       		.byte	0x1
 386 0089 11       		.uleb128 0x11
 387 008a 01       		.uleb128 0x1
 388 008b 31       		.uleb128 0x31
 389 008c 13       		.uleb128 0x13
 390 008d 01       		.uleb128 0x1
 391 008e 13       		.uleb128 0x13
 392 008f 00       		.byte	0
 393 0090 00       		.byte	0
 394 0091 0B       		.uleb128 0xb
 395 0092 8A8201   		.uleb128 0x410a
 396 0095 00       		.byte	0
 397 0096 02       		.uleb128 0x2
 398 0097 18       		.uleb128 0x18
 399 0098 9142     		.uleb128 0x2111
 400 009a 18       		.uleb128 0x18
 401 009b 00       		.byte	0
 402 009c 00       		.byte	0
 403 009d 0C       		.uleb128 0xc
 404 009e 898201   		.uleb128 0x4109
 405 00a1 01       		.byte	0x1
 406 00a2 11       		.uleb128 0x11
 407 00a3 01       		.uleb128 0x1
 408 00a4 31       		.uleb128 0x31
 409 00a5 13       		.uleb128 0x13
 410 00a6 00       		.byte	0
 411 00a7 00       		.byte	0
 412 00a8 0D       		.uleb128 0xd
 413 00a9 01       		.uleb128 0x1
 414 00aa 01       		.byte	0x1
 415 00ab 49       		.uleb128 0x49
 416 00ac 13       		.uleb128 0x13
 417 00ad 01       		.uleb128 0x1
 418 00ae 13       		.uleb128 0x13
 419 00af 00       		.byte	0
 420 00b0 00       		.byte	0
 421 00b1 0E       		.uleb128 0xe
ARM GAS  C:\Users\patel\AppData\Local\Temp\ccAITBg5.s 			page 9


 422 00b2 21       		.uleb128 0x21
 423 00b3 00       		.byte	0
 424 00b4 49       		.uleb128 0x49
 425 00b5 13       		.uleb128 0x13
 426 00b6 2F       		.uleb128 0x2f
 427 00b7 0B       		.uleb128 0xb
 428 00b8 00       		.byte	0
 429 00b9 00       		.byte	0
 430 00ba 0F       		.uleb128 0xf
 431 00bb 34       		.uleb128 0x34
 432 00bc 00       		.byte	0
 433 00bd 03       		.uleb128 0x3
 434 00be 0E       		.uleb128 0xe
 435 00bf 3A       		.uleb128 0x3a
 436 00c0 0B       		.uleb128 0xb
 437 00c1 3B       		.uleb128 0x3b
 438 00c2 05       		.uleb128 0x5
 439 00c3 49       		.uleb128 0x49
 440 00c4 13       		.uleb128 0x13
 441 00c5 3F       		.uleb128 0x3f
 442 00c6 19       		.uleb128 0x19
 443 00c7 3C       		.uleb128 0x3c
 444 00c8 19       		.uleb128 0x19
 445 00c9 00       		.byte	0
 446 00ca 00       		.byte	0
 447 00cb 10       		.uleb128 0x10
 448 00cc 35       		.uleb128 0x35
 449 00cd 00       		.byte	0
 450 00ce 49       		.uleb128 0x49
 451 00cf 13       		.uleb128 0x13
 452 00d0 00       		.byte	0
 453 00d1 00       		.byte	0
 454 00d2 11       		.uleb128 0x11
 455 00d3 2E       		.uleb128 0x2e
 456 00d4 00       		.byte	0
 457 00d5 3F       		.uleb128 0x3f
 458 00d6 19       		.uleb128 0x19
 459 00d7 03       		.uleb128 0x3
 460 00d8 0E       		.uleb128 0xe
 461 00d9 3A       		.uleb128 0x3a
 462 00da 0B       		.uleb128 0xb
 463 00db 3B       		.uleb128 0x3b
 464 00dc 0B       		.uleb128 0xb
 465 00dd 27       		.uleb128 0x27
 466 00de 19       		.uleb128 0x19
 467 00df 3C       		.uleb128 0x3c
 468 00e0 19       		.uleb128 0x19
 469 00e1 00       		.byte	0
 470 00e2 00       		.byte	0
 471 00e3 12       		.uleb128 0x12
 472 00e4 2E       		.uleb128 0x2e
 473 00e5 01       		.byte	0x1
 474 00e6 3F       		.uleb128 0x3f
 475 00e7 19       		.uleb128 0x19
 476 00e8 03       		.uleb128 0x3
 477 00e9 0E       		.uleb128 0xe
 478 00ea 3A       		.uleb128 0x3a
ARM GAS  C:\Users\patel\AppData\Local\Temp\ccAITBg5.s 			page 10


 479 00eb 0B       		.uleb128 0xb
 480 00ec 3B       		.uleb128 0x3b
 481 00ed 0B       		.uleb128 0xb
 482 00ee 27       		.uleb128 0x27
 483 00ef 19       		.uleb128 0x19
 484 00f0 3C       		.uleb128 0x3c
 485 00f1 19       		.uleb128 0x19
 486 00f2 01       		.uleb128 0x1
 487 00f3 13       		.uleb128 0x13
 488 00f4 00       		.byte	0
 489 00f5 00       		.byte	0
 490 00f6 13       		.uleb128 0x13
 491 00f7 05       		.uleb128 0x5
 492 00f8 00       		.byte	0
 493 00f9 49       		.uleb128 0x49
 494 00fa 13       		.uleb128 0x13
 495 00fb 00       		.byte	0
 496 00fc 00       		.byte	0
 497 00fd 14       		.uleb128 0x14
 498 00fe 0F       		.uleb128 0xf
 499 00ff 00       		.byte	0
 500 0100 0B       		.uleb128 0xb
 501 0101 0B       		.uleb128 0xb
 502 0102 49       		.uleb128 0x49
 503 0103 13       		.uleb128 0x13
 504 0104 00       		.byte	0
 505 0105 00       		.byte	0
 506 0106 15       		.uleb128 0x15
 507 0107 26       		.uleb128 0x26
 508 0108 00       		.byte	0
 509 0109 49       		.uleb128 0x49
 510 010a 13       		.uleb128 0x13
 511 010b 00       		.byte	0
 512 010c 00       		.byte	0
 513 010d 16       		.uleb128 0x16
 514 010e 2E       		.uleb128 0x2e
 515 010f 01       		.byte	0x1
 516 0110 3F       		.uleb128 0x3f
 517 0111 19       		.uleb128 0x19
 518 0112 03       		.uleb128 0x3
 519 0113 0E       		.uleb128 0xe
 520 0114 3A       		.uleb128 0x3a
 521 0115 0B       		.uleb128 0xb
 522 0116 3B       		.uleb128 0x3b
 523 0117 0B       		.uleb128 0xb
 524 0118 27       		.uleb128 0x27
 525 0119 19       		.uleb128 0x19
 526 011a 3C       		.uleb128 0x3c
 527 011b 19       		.uleb128 0x19
 528 011c 00       		.byte	0
 529 011d 00       		.byte	0
 530 011e 00       		.byte	0
 531              		.section	.debug_aranges,"",%progbits
 532 0000 1C000000 		.4byte	0x1c
 533 0004 0200     		.2byte	0x2
 534 0006 00000000 		.4byte	.Ldebug_info0
 535 000a 04       		.byte	0x4
ARM GAS  C:\Users\patel\AppData\Local\Temp\ccAITBg5.s 			page 11


 536 000b 00       		.byte	0
 537 000c 0000     		.2byte	0
 538 000e 0000     		.2byte	0
 539 0010 00000000 		.4byte	.LFB63
 540 0014 1C000000 		.4byte	.LFE63-.LFB63
 541 0018 00000000 		.4byte	0
 542 001c 00000000 		.4byte	0
 543              		.section	.debug_ranges,"",%progbits
 544              	.Ldebug_ranges0:
 545 0000 00000000 		.4byte	.LFB63
 546 0004 1C000000 		.4byte	.LFE63
 547 0008 00000000 		.4byte	0
 548 000c 00000000 		.4byte	0
 549              		.section	.debug_line,"",%progbits
 550              	.Ldebug_line0:
 551 0000 4E010000 		.section	.debug_str,"MS",%progbits,1
 551      02002601 
 551      00000201 
 551      FB0E0D00 
 551      01010101 
 552              	.LASF6:
 553 0000 6C6F6E67 		.ascii	"long long int\000"
 553      206C6F6E 
 553      6720696E 
 553      7400
 554              	.LASF12:
 555 000e 75696E74 		.ascii	"uint32\000"
 555      333200
 556              	.LASF8:
 557 0015 756E7369 		.ascii	"unsigned int\000"
 557      676E6564 
 557      20696E74 
 557      00
 558              	.LASF21:
 559 0022 6D61696E 		.ascii	"main\000"
 559      00
 560              	.LASF22:
 561 0027 636F756E 		.ascii	"count1\000"
 561      743100
 562              	.LASF26:
 563 002e 43794465 		.ascii	"CyDelay\000"
 563      6C617900 
 564              	.LASF5:
 565 0036 6C6F6E67 		.ascii	"long unsigned int\000"
 565      20756E73 
 565      69676E65 
 565      6420696E 
 565      7400
 566              	.LASF7:
 567 0048 6C6F6E67 		.ascii	"long long unsigned int\000"
 567      206C6F6E 
 567      6720756E 
 567      7369676E 
 567      65642069 
 568              	.LASF3:
 569 005f 73686F72 		.ascii	"short unsigned int\000"
 569      7420756E 
ARM GAS  C:\Users\patel\AppData\Local\Temp\ccAITBg5.s 			page 12


 569      7369676E 
 569      65642069 
 569      6E7400
 570              	.LASF15:
 571 0072 63686172 		.ascii	"char8\000"
 571      3800
 572              	.LASF18:
 573 0078 474E5520 		.ascii	"GNU C 4.9.3 20150303 (release) [ARM/embedded-4_9-br"
 573      4320342E 
 573      392E3320 
 573      32303135 
 573      30333033 
 574 00ab 616E6368 		.ascii	"anch revision 221220] -mcpu=cortex-m3 -mthumb -g -O"
 574      20726576 
 574      6973696F 
 574      6E203232 
 574      31323230 
 575 00de 67202D66 		.ascii	"g -ffunction-sections -ffat-lto-objects\000"
 575      66756E63 
 575      74696F6E 
 575      2D736563 
 575      74696F6E 
 576              	.LASF24:
 577 0106 55415254 		.ascii	"UART_Start\000"
 577      5F537461 
 577      727400
 578              	.LASF1:
 579 0111 756E7369 		.ascii	"unsigned char\000"
 579      676E6564 
 579      20636861 
 579      7200
 580              	.LASF16:
 581 011f 63686172 		.ascii	"char\000"
 581      00
 582              	.LASF4:
 583 0124 6C6F6E67 		.ascii	"long int\000"
 583      20696E74 
 583      00
 584              	.LASF19:
 585 012d 2E5C6D61 		.ascii	".\\main.c\000"
 585      696E2E63 
 585      00
 586              	.LASF20:
 587 0136 433A5C55 		.ascii	"C:\\Users\\patel\\Downloads\\New\\CS301_Class.cyprj"
 587      73657273 
 587      5C706174 
 587      656C5C44 
 587      6F776E6C 
 588 0164 2E417263 		.ascii	".Archive01\\CS301_Class.cydsn\\UART2.cydsn\000"
 588      68697665 
 588      30315C43 
 588      53333031 
 588      5F436C61 
 589              	.LASF14:
 590 018d 646F7562 		.ascii	"double\000"
 590      6C6500
 591              	.LASF25:
ARM GAS  C:\Users\patel\AppData\Local\Temp\ccAITBg5.s 			page 13


 592 0194 55415254 		.ascii	"UART_PutString\000"
 592      5F507574 
 592      53747269 
 592      6E6700
 593              	.LASF23:
 594 01a3 49544D5F 		.ascii	"ITM_RxBuffer\000"
 594      52784275 
 594      66666572 
 594      00
 595              	.LASF0:
 596 01b0 7369676E 		.ascii	"signed char\000"
 596      65642063 
 596      68617200 
 597              	.LASF9:
 598 01bc 5F5F696E 		.ascii	"__int32_t\000"
 598      7433325F 
 598      7400
 599              	.LASF13:
 600 01c6 666C6F61 		.ascii	"float\000"
 600      7400
 601              	.LASF2:
 602 01cc 73686F72 		.ascii	"short int\000"
 602      7420696E 
 602      7400
 603              	.LASF11:
 604 01d6 75696E74 		.ascii	"uint16\000"
 604      313600
 605              	.LASF10:
 606 01dd 696E7433 		.ascii	"int32_t\000"
 606      325F7400 
 607              	.LASF17:
 608 01e5 73697A65 		.ascii	"sizetype\000"
 608      74797065 
 608      00
 609              		.ident	"GCC: (GNU Tools for ARM Embedded Processors) 4.9.3 20150303 (release) [ARM/embedded-4_9-br
