ARM GAS  C:\Users\patel\AppData\Local\Temp\ccvHQzz3.s 			page 1


   1              		.syntax unified
   2              		.cpu cortex-m3
   3              		.fpu softvfp
   4              		.eabi_attribute 20, 1
   5              		.eabi_attribute 21, 1
   6              		.eabi_attribute 23, 3
   7              		.eabi_attribute 24, 1
   8              		.eabi_attribute 25, 1
   9              		.eabi_attribute 26, 1
  10              		.eabi_attribute 30, 6
  11              		.eabi_attribute 34, 1
  12              		.eabi_attribute 18, 4
  13              		.thumb
  14              		.file	"isr_eoc.c"
  15              		.text
  16              	.Ltext0:
  17              		.cfi_sections	.debug_frame
  18              		.section	.text.isr_eoc_Start,"ax",%progbits
  19              		.align	2
  20              		.global	isr_eoc_Start
  21              		.thumb
  22              		.thumb_func
  23              		.type	isr_eoc_Start, %function
  24              	isr_eoc_Start:
  25              	.LFB63:
  26              		.file 1 ".\\Generated_Source\\PSoC5\\isr_eoc.c"
   1:.\Generated_Source\PSoC5/isr_eoc.c **** /*******************************************************************************
   2:.\Generated_Source\PSoC5/isr_eoc.c **** * File Name: isr_eoc.c  
   3:.\Generated_Source\PSoC5/isr_eoc.c **** * Version 1.70
   4:.\Generated_Source\PSoC5/isr_eoc.c **** *
   5:.\Generated_Source\PSoC5/isr_eoc.c **** *  Description:
   6:.\Generated_Source\PSoC5/isr_eoc.c **** *   API for controlling the state of an interrupt.
   7:.\Generated_Source\PSoC5/isr_eoc.c **** *
   8:.\Generated_Source\PSoC5/isr_eoc.c **** *
   9:.\Generated_Source\PSoC5/isr_eoc.c **** *  Note:
  10:.\Generated_Source\PSoC5/isr_eoc.c **** *
  11:.\Generated_Source\PSoC5/isr_eoc.c **** ********************************************************************************
  12:.\Generated_Source\PSoC5/isr_eoc.c **** * Copyright 2008-2015, Cypress Semiconductor Corporation.  All rights reserved.
  13:.\Generated_Source\PSoC5/isr_eoc.c **** * You may use this file only in accordance with the license, terms, conditions, 
  14:.\Generated_Source\PSoC5/isr_eoc.c **** * disclaimers, and limitations in the end user license agreement accompanying 
  15:.\Generated_Source\PSoC5/isr_eoc.c **** * the software package with which this file was provided.
  16:.\Generated_Source\PSoC5/isr_eoc.c **** *******************************************************************************/
  17:.\Generated_Source\PSoC5/isr_eoc.c **** 
  18:.\Generated_Source\PSoC5/isr_eoc.c **** 
  19:.\Generated_Source\PSoC5/isr_eoc.c **** #include <cydevice_trm.h>
  20:.\Generated_Source\PSoC5/isr_eoc.c **** #include <CyLib.h>
  21:.\Generated_Source\PSoC5/isr_eoc.c **** #include <isr_eoc.h>
  22:.\Generated_Source\PSoC5/isr_eoc.c **** 
  23:.\Generated_Source\PSoC5/isr_eoc.c **** 
  24:.\Generated_Source\PSoC5/isr_eoc.c **** #if !defined(isr_eoc__REMOVED) /* Check for removal by optimization */
  25:.\Generated_Source\PSoC5/isr_eoc.c **** 
  26:.\Generated_Source\PSoC5/isr_eoc.c **** /*******************************************************************************
  27:.\Generated_Source\PSoC5/isr_eoc.c **** *  Place your includes, defines and code here 
  28:.\Generated_Source\PSoC5/isr_eoc.c **** ********************************************************************************/
  29:.\Generated_Source\PSoC5/isr_eoc.c **** /* `#START isr_eoc_intc` */
  30:.\Generated_Source\PSoC5/isr_eoc.c **** #include <project.h>   
  31:.\Generated_Source\PSoC5/isr_eoc.c **** #include "defines.h"
ARM GAS  C:\Users\patel\AppData\Local\Temp\ccvHQzz3.s 			page 2


  32:.\Generated_Source\PSoC5/isr_eoc.c **** extern uint16 adcvalue[8];
  33:.\Generated_Source\PSoC5/isr_eoc.c **** extern uint8 dataready_flag;
  34:.\Generated_Source\PSoC5/isr_eoc.c **** /* `#END` */
  35:.\Generated_Source\PSoC5/isr_eoc.c **** 
  36:.\Generated_Source\PSoC5/isr_eoc.c **** #ifndef CYINT_IRQ_BASE
  37:.\Generated_Source\PSoC5/isr_eoc.c **** #define CYINT_IRQ_BASE      16
  38:.\Generated_Source\PSoC5/isr_eoc.c **** #endif /* CYINT_IRQ_BASE */
  39:.\Generated_Source\PSoC5/isr_eoc.c **** #ifndef CYINT_VECT_TABLE
  40:.\Generated_Source\PSoC5/isr_eoc.c **** #define CYINT_VECT_TABLE    ((cyisraddress **) CYREG_NVIC_VECT_OFFSET)
  41:.\Generated_Source\PSoC5/isr_eoc.c **** #endif /* CYINT_VECT_TABLE */
  42:.\Generated_Source\PSoC5/isr_eoc.c **** 
  43:.\Generated_Source\PSoC5/isr_eoc.c **** /* Declared in startup, used to set unused interrupts to. */
  44:.\Generated_Source\PSoC5/isr_eoc.c **** CY_ISR_PROTO(IntDefaultHandler);
  45:.\Generated_Source\PSoC5/isr_eoc.c **** 
  46:.\Generated_Source\PSoC5/isr_eoc.c **** 
  47:.\Generated_Source\PSoC5/isr_eoc.c **** /*******************************************************************************
  48:.\Generated_Source\PSoC5/isr_eoc.c **** * Function Name: isr_eoc_Start
  49:.\Generated_Source\PSoC5/isr_eoc.c **** ********************************************************************************
  50:.\Generated_Source\PSoC5/isr_eoc.c **** *
  51:.\Generated_Source\PSoC5/isr_eoc.c **** * Summary:
  52:.\Generated_Source\PSoC5/isr_eoc.c **** *  Set up the interrupt and enable it. This function disables the interrupt, 
  53:.\Generated_Source\PSoC5/isr_eoc.c **** *  sets the default interrupt vector, sets the priority from the value in the
  54:.\Generated_Source\PSoC5/isr_eoc.c **** *  Design Wide Resources Interrupt Editor, then enables the interrupt to the 
  55:.\Generated_Source\PSoC5/isr_eoc.c **** *  interrupt controller.
  56:.\Generated_Source\PSoC5/isr_eoc.c **** *
  57:.\Generated_Source\PSoC5/isr_eoc.c **** * Parameters:  
  58:.\Generated_Source\PSoC5/isr_eoc.c **** *   None
  59:.\Generated_Source\PSoC5/isr_eoc.c **** *
  60:.\Generated_Source\PSoC5/isr_eoc.c **** * Return:
  61:.\Generated_Source\PSoC5/isr_eoc.c **** *   None
  62:.\Generated_Source\PSoC5/isr_eoc.c **** *
  63:.\Generated_Source\PSoC5/isr_eoc.c **** *******************************************************************************/
  64:.\Generated_Source\PSoC5/isr_eoc.c **** void isr_eoc_Start(void)
  65:.\Generated_Source\PSoC5/isr_eoc.c **** {
  27              		.loc 1 65 0
  28              		.cfi_startproc
  29              		@ args = 0, pretend = 0, frame = 0
  30              		@ frame_needed = 1, uses_anonymous_args = 0
  31 0000 80B5     		push	{r7, lr}
  32              		.cfi_def_cfa_offset 8
  33              		.cfi_offset 7, -8
  34              		.cfi_offset 14, -4
  35 0002 00AF     		add	r7, sp, #0
  36              		.cfi_def_cfa_register 7
  66:.\Generated_Source\PSoC5/isr_eoc.c ****     /* For all we know the interrupt is active. */
  67:.\Generated_Source\PSoC5/isr_eoc.c ****     isr_eoc_Disable();
  37              		.loc 1 67 0
  38 0004 FFF7FEFF 		bl	isr_eoc_Disable
  68:.\Generated_Source\PSoC5/isr_eoc.c **** 
  69:.\Generated_Source\PSoC5/isr_eoc.c ****     /* Set the ISR to point to the isr_eoc Interrupt. */
  70:.\Generated_Source\PSoC5/isr_eoc.c ****     isr_eoc_SetVector(&isr_eoc_Interrupt);
  39              		.loc 1 70 0
  40 0008 0448     		ldr	r0, .L2
  41 000a FFF7FEFF 		bl	isr_eoc_SetVector
  71:.\Generated_Source\PSoC5/isr_eoc.c **** 
  72:.\Generated_Source\PSoC5/isr_eoc.c ****     /* Set the priority. */
  73:.\Generated_Source\PSoC5/isr_eoc.c ****     isr_eoc_SetPriority((uint8)isr_eoc_INTC_PRIOR_NUMBER);
ARM GAS  C:\Users\patel\AppData\Local\Temp\ccvHQzz3.s 			page 3


  42              		.loc 1 73 0
  43 000e 0720     		movs	r0, #7
  44 0010 FFF7FEFF 		bl	isr_eoc_SetPriority
  74:.\Generated_Source\PSoC5/isr_eoc.c **** 
  75:.\Generated_Source\PSoC5/isr_eoc.c ****     /* Enable it. */
  76:.\Generated_Source\PSoC5/isr_eoc.c ****     isr_eoc_Enable();
  45              		.loc 1 76 0
  46 0014 FFF7FEFF 		bl	isr_eoc_Enable
  77:.\Generated_Source\PSoC5/isr_eoc.c **** }
  47              		.loc 1 77 0
  48 0018 80BD     		pop	{r7, pc}
  49              	.L3:
  50 001a 00BF     		.align	2
  51              	.L2:
  52 001c 00000000 		.word	isr_eoc_Interrupt
  53              		.cfi_endproc
  54              	.LFE63:
  55              		.size	isr_eoc_Start, .-isr_eoc_Start
  56              		.section	.text.isr_eoc_StartEx,"ax",%progbits
  57              		.align	2
  58              		.global	isr_eoc_StartEx
  59              		.thumb
  60              		.thumb_func
  61              		.type	isr_eoc_StartEx, %function
  62              	isr_eoc_StartEx:
  63              	.LFB64:
  78:.\Generated_Source\PSoC5/isr_eoc.c **** 
  79:.\Generated_Source\PSoC5/isr_eoc.c **** 
  80:.\Generated_Source\PSoC5/isr_eoc.c **** /*******************************************************************************
  81:.\Generated_Source\PSoC5/isr_eoc.c **** * Function Name: isr_eoc_StartEx
  82:.\Generated_Source\PSoC5/isr_eoc.c **** ********************************************************************************
  83:.\Generated_Source\PSoC5/isr_eoc.c **** *
  84:.\Generated_Source\PSoC5/isr_eoc.c **** * Summary:
  85:.\Generated_Source\PSoC5/isr_eoc.c **** *  Sets up the interrupt and enables it. This function disables the interrupt,
  86:.\Generated_Source\PSoC5/isr_eoc.c **** *  sets the interrupt vector based on the address passed in, sets the priority 
  87:.\Generated_Source\PSoC5/isr_eoc.c **** *  from the value in the Design Wide Resources Interrupt Editor, then enables 
  88:.\Generated_Source\PSoC5/isr_eoc.c **** *  the interrupt to the interrupt controller.
  89:.\Generated_Source\PSoC5/isr_eoc.c **** *  
  90:.\Generated_Source\PSoC5/isr_eoc.c **** *  When defining ISR functions, the CY_ISR and CY_ISR_PROTO macros should be 
  91:.\Generated_Source\PSoC5/isr_eoc.c **** *  used to provide consistent definition across compilers:
  92:.\Generated_Source\PSoC5/isr_eoc.c **** *  
  93:.\Generated_Source\PSoC5/isr_eoc.c **** *  Function definition example:
  94:.\Generated_Source\PSoC5/isr_eoc.c **** *   CY_ISR(MyISR)
  95:.\Generated_Source\PSoC5/isr_eoc.c **** *   {
  96:.\Generated_Source\PSoC5/isr_eoc.c **** *   }
  97:.\Generated_Source\PSoC5/isr_eoc.c **** *   Function prototype example:
  98:.\Generated_Source\PSoC5/isr_eoc.c **** *   CY_ISR_PROTO(MyISR);
  99:.\Generated_Source\PSoC5/isr_eoc.c **** *
 100:.\Generated_Source\PSoC5/isr_eoc.c **** * Parameters:  
 101:.\Generated_Source\PSoC5/isr_eoc.c **** *   address: Address of the ISR to set in the interrupt vector table.
 102:.\Generated_Source\PSoC5/isr_eoc.c **** *
 103:.\Generated_Source\PSoC5/isr_eoc.c **** * Return:
 104:.\Generated_Source\PSoC5/isr_eoc.c **** *   None
 105:.\Generated_Source\PSoC5/isr_eoc.c **** *
 106:.\Generated_Source\PSoC5/isr_eoc.c **** *******************************************************************************/
 107:.\Generated_Source\PSoC5/isr_eoc.c **** void isr_eoc_StartEx(cyisraddress address)
 108:.\Generated_Source\PSoC5/isr_eoc.c **** {
ARM GAS  C:\Users\patel\AppData\Local\Temp\ccvHQzz3.s 			page 4


  64              		.loc 1 108 0
  65              		.cfi_startproc
  66              		@ args = 0, pretend = 0, frame = 8
  67              		@ frame_needed = 1, uses_anonymous_args = 0
  68 0000 80B5     		push	{r7, lr}
  69              		.cfi_def_cfa_offset 8
  70              		.cfi_offset 7, -8
  71              		.cfi_offset 14, -4
  72 0002 82B0     		sub	sp, sp, #8
  73              		.cfi_def_cfa_offset 16
  74 0004 00AF     		add	r7, sp, #0
  75              		.cfi_def_cfa_register 7
  76 0006 7860     		str	r0, [r7, #4]
 109:.\Generated_Source\PSoC5/isr_eoc.c ****     /* For all we know the interrupt is active. */
 110:.\Generated_Source\PSoC5/isr_eoc.c ****     isr_eoc_Disable();
  77              		.loc 1 110 0
  78 0008 FFF7FEFF 		bl	isr_eoc_Disable
 111:.\Generated_Source\PSoC5/isr_eoc.c **** 
 112:.\Generated_Source\PSoC5/isr_eoc.c ****     /* Set the ISR to point to the isr_eoc Interrupt. */
 113:.\Generated_Source\PSoC5/isr_eoc.c ****     isr_eoc_SetVector(address);
  79              		.loc 1 113 0
  80 000c 7868     		ldr	r0, [r7, #4]
  81 000e FFF7FEFF 		bl	isr_eoc_SetVector
 114:.\Generated_Source\PSoC5/isr_eoc.c **** 
 115:.\Generated_Source\PSoC5/isr_eoc.c ****     /* Set the priority. */
 116:.\Generated_Source\PSoC5/isr_eoc.c ****     isr_eoc_SetPriority((uint8)isr_eoc_INTC_PRIOR_NUMBER);
  82              		.loc 1 116 0
  83 0012 0720     		movs	r0, #7
  84 0014 FFF7FEFF 		bl	isr_eoc_SetPriority
 117:.\Generated_Source\PSoC5/isr_eoc.c **** 
 118:.\Generated_Source\PSoC5/isr_eoc.c ****     /* Enable it. */
 119:.\Generated_Source\PSoC5/isr_eoc.c ****     isr_eoc_Enable();
  85              		.loc 1 119 0
  86 0018 FFF7FEFF 		bl	isr_eoc_Enable
 120:.\Generated_Source\PSoC5/isr_eoc.c **** }
  87              		.loc 1 120 0
  88 001c 0837     		adds	r7, r7, #8
  89              		.cfi_def_cfa_offset 8
  90 001e BD46     		mov	sp, r7
  91              		.cfi_def_cfa_register 13
  92              		@ sp needed
  93 0020 80BD     		pop	{r7, pc}
  94              		.cfi_endproc
  95              	.LFE64:
  96              		.size	isr_eoc_StartEx, .-isr_eoc_StartEx
  97 0022 00BF     		.section	.text.isr_eoc_Stop,"ax",%progbits
  98              		.align	2
  99              		.global	isr_eoc_Stop
 100              		.thumb
 101              		.thumb_func
 102              		.type	isr_eoc_Stop, %function
 103              	isr_eoc_Stop:
 104              	.LFB65:
 121:.\Generated_Source\PSoC5/isr_eoc.c **** 
 122:.\Generated_Source\PSoC5/isr_eoc.c **** 
 123:.\Generated_Source\PSoC5/isr_eoc.c **** /*******************************************************************************
 124:.\Generated_Source\PSoC5/isr_eoc.c **** * Function Name: isr_eoc_Stop
ARM GAS  C:\Users\patel\AppData\Local\Temp\ccvHQzz3.s 			page 5


 125:.\Generated_Source\PSoC5/isr_eoc.c **** ********************************************************************************
 126:.\Generated_Source\PSoC5/isr_eoc.c **** *
 127:.\Generated_Source\PSoC5/isr_eoc.c **** * Summary:
 128:.\Generated_Source\PSoC5/isr_eoc.c **** *   Disables and removes the interrupt.
 129:.\Generated_Source\PSoC5/isr_eoc.c **** *
 130:.\Generated_Source\PSoC5/isr_eoc.c **** * Parameters:  
 131:.\Generated_Source\PSoC5/isr_eoc.c **** *   None
 132:.\Generated_Source\PSoC5/isr_eoc.c **** *
 133:.\Generated_Source\PSoC5/isr_eoc.c **** * Return:
 134:.\Generated_Source\PSoC5/isr_eoc.c **** *   None
 135:.\Generated_Source\PSoC5/isr_eoc.c **** *
 136:.\Generated_Source\PSoC5/isr_eoc.c **** *******************************************************************************/
 137:.\Generated_Source\PSoC5/isr_eoc.c **** void isr_eoc_Stop(void)
 138:.\Generated_Source\PSoC5/isr_eoc.c **** {
 105              		.loc 1 138 0
 106              		.cfi_startproc
 107              		@ args = 0, pretend = 0, frame = 0
 108              		@ frame_needed = 1, uses_anonymous_args = 0
 109 0000 80B5     		push	{r7, lr}
 110              		.cfi_def_cfa_offset 8
 111              		.cfi_offset 7, -8
 112              		.cfi_offset 14, -4
 113 0002 00AF     		add	r7, sp, #0
 114              		.cfi_def_cfa_register 7
 139:.\Generated_Source\PSoC5/isr_eoc.c ****     /* Disable this interrupt. */
 140:.\Generated_Source\PSoC5/isr_eoc.c ****     isr_eoc_Disable();
 115              		.loc 1 140 0
 116 0004 FFF7FEFF 		bl	isr_eoc_Disable
 141:.\Generated_Source\PSoC5/isr_eoc.c **** 
 142:.\Generated_Source\PSoC5/isr_eoc.c ****     /* Set the ISR to point to the passive one. */
 143:.\Generated_Source\PSoC5/isr_eoc.c ****     isr_eoc_SetVector(&IntDefaultHandler);
 117              		.loc 1 143 0
 118 0008 0148     		ldr	r0, .L6
 119 000a FFF7FEFF 		bl	isr_eoc_SetVector
 144:.\Generated_Source\PSoC5/isr_eoc.c **** }
 120              		.loc 1 144 0
 121 000e 80BD     		pop	{r7, pc}
 122              	.L7:
 123              		.align	2
 124              	.L6:
 125 0010 00000000 		.word	IntDefaultHandler
 126              		.cfi_endproc
 127              	.LFE65:
 128              		.size	isr_eoc_Stop, .-isr_eoc_Stop
 129              		.section	.text.isr_eoc_Interrupt,"ax",%progbits
 130              		.align	2
 131              		.global	isr_eoc_Interrupt
 132              		.thumb
 133              		.thumb_func
 134              		.type	isr_eoc_Interrupt, %function
 135              	isr_eoc_Interrupt:
 136              	.LFB66:
 145:.\Generated_Source\PSoC5/isr_eoc.c **** 
 146:.\Generated_Source\PSoC5/isr_eoc.c **** 
 147:.\Generated_Source\PSoC5/isr_eoc.c **** /*******************************************************************************
 148:.\Generated_Source\PSoC5/isr_eoc.c **** * Function Name: isr_eoc_Interrupt
 149:.\Generated_Source\PSoC5/isr_eoc.c **** ********************************************************************************
ARM GAS  C:\Users\patel\AppData\Local\Temp\ccvHQzz3.s 			page 6


 150:.\Generated_Source\PSoC5/isr_eoc.c **** *
 151:.\Generated_Source\PSoC5/isr_eoc.c **** * Summary:
 152:.\Generated_Source\PSoC5/isr_eoc.c **** *   The default Interrupt Service Routine for isr_eoc.
 153:.\Generated_Source\PSoC5/isr_eoc.c **** *
 154:.\Generated_Source\PSoC5/isr_eoc.c **** *   Add custom code between the coments to keep the next version of this file
 155:.\Generated_Source\PSoC5/isr_eoc.c **** *   from over writting your code.
 156:.\Generated_Source\PSoC5/isr_eoc.c **** *
 157:.\Generated_Source\PSoC5/isr_eoc.c **** * Parameters:  
 158:.\Generated_Source\PSoC5/isr_eoc.c **** *
 159:.\Generated_Source\PSoC5/isr_eoc.c **** * Return:
 160:.\Generated_Source\PSoC5/isr_eoc.c **** *   None
 161:.\Generated_Source\PSoC5/isr_eoc.c **** *
 162:.\Generated_Source\PSoC5/isr_eoc.c **** *******************************************************************************/
 163:.\Generated_Source\PSoC5/isr_eoc.c **** CY_ISR(isr_eoc_Interrupt)
 164:.\Generated_Source\PSoC5/isr_eoc.c **** {
 137              		.loc 1 164 0
 138              		.cfi_startproc
 139              		@ args = 0, pretend = 0, frame = 0
 140              		@ frame_needed = 1, uses_anonymous_args = 0
 141 0000 80B5     		push	{r7, lr}
 142              		.cfi_def_cfa_offset 8
 143              		.cfi_offset 7, -8
 144              		.cfi_offset 14, -4
 145 0002 00AF     		add	r7, sp, #0
 146              		.cfi_def_cfa_register 7
 165:.\Generated_Source\PSoC5/isr_eoc.c ****     #ifdef isr_eoc_INTERRUPT_INTERRUPT_CALLBACK
 166:.\Generated_Source\PSoC5/isr_eoc.c ****         isr_eoc_Interrupt_InterruptCallback();
 167:.\Generated_Source\PSoC5/isr_eoc.c ****     #endif /* isr_eoc_INTERRUPT_INTERRUPT_CALLBACK */ 
 168:.\Generated_Source\PSoC5/isr_eoc.c **** 
 169:.\Generated_Source\PSoC5/isr_eoc.c ****     /*  Place your Interrupt code here. */
 170:.\Generated_Source\PSoC5/isr_eoc.c ****     /* `#START isr_eoc_Interrupt` */
 171:.\Generated_Source\PSoC5/isr_eoc.c ****     adcvalue[0] = ADC_GetResult16(0);
 147              		.loc 1 171 0
 148 0004 0020     		movs	r0, #0
 149 0006 FFF7FEFF 		bl	ADC_GetResult16
 150 000a 0346     		mov	r3, r0
 151 000c 9AB2     		uxth	r2, r3
 152 000e 184B     		ldr	r3, .L9
 153 0010 1A80     		strh	r2, [r3]	@ movhi
 172:.\Generated_Source\PSoC5/isr_eoc.c ****     adcvalue[1] = ADC_GetResult16(1);
 154              		.loc 1 172 0
 155 0012 0120     		movs	r0, #1
 156 0014 FFF7FEFF 		bl	ADC_GetResult16
 157 0018 0346     		mov	r3, r0
 158 001a 9AB2     		uxth	r2, r3
 159 001c 144B     		ldr	r3, .L9
 160 001e 5A80     		strh	r2, [r3, #2]	@ movhi
 173:.\Generated_Source\PSoC5/isr_eoc.c ****     adcvalue[2] = ADC_GetResult16(2);
 161              		.loc 1 173 0
 162 0020 0220     		movs	r0, #2
 163 0022 FFF7FEFF 		bl	ADC_GetResult16
 164 0026 0346     		mov	r3, r0
 165 0028 9AB2     		uxth	r2, r3
 166 002a 114B     		ldr	r3, .L9
 167 002c 9A80     		strh	r2, [r3, #4]	@ movhi
 174:.\Generated_Source\PSoC5/isr_eoc.c ****     adcvalue[3] = ADC_GetResult16(3);
 168              		.loc 1 174 0
ARM GAS  C:\Users\patel\AppData\Local\Temp\ccvHQzz3.s 			page 7


 169 002e 0320     		movs	r0, #3
 170 0030 FFF7FEFF 		bl	ADC_GetResult16
 171 0034 0346     		mov	r3, r0
 172 0036 9AB2     		uxth	r2, r3
 173 0038 0D4B     		ldr	r3, .L9
 174 003a DA80     		strh	r2, [r3, #6]	@ movhi
 175:.\Generated_Source\PSoC5/isr_eoc.c ****     adcvalue[4] = ADC_GetResult16(4);
 175              		.loc 1 175 0
 176 003c 0420     		movs	r0, #4
 177 003e FFF7FEFF 		bl	ADC_GetResult16
 178 0042 0346     		mov	r3, r0
 179 0044 9AB2     		uxth	r2, r3
 180 0046 0A4B     		ldr	r3, .L9
 181 0048 1A81     		strh	r2, [r3, #8]	@ movhi
 176:.\Generated_Source\PSoC5/isr_eoc.c ****     adcvalue[5] = ADC_GetResult16(5);
 182              		.loc 1 176 0
 183 004a 0520     		movs	r0, #5
 184 004c FFF7FEFF 		bl	ADC_GetResult16
 185 0050 0346     		mov	r3, r0
 186 0052 9AB2     		uxth	r2, r3
 187 0054 064B     		ldr	r3, .L9
 188 0056 5A81     		strh	r2, [r3, #10]	@ movhi
 177:.\Generated_Source\PSoC5/isr_eoc.c ****     adcvalue[6] = ADC_GetResult16(6);
 189              		.loc 1 177 0
 190 0058 0620     		movs	r0, #6
 191 005a FFF7FEFF 		bl	ADC_GetResult16
 192 005e 0346     		mov	r3, r0
 193 0060 9AB2     		uxth	r2, r3
 194 0062 034B     		ldr	r3, .L9
 195 0064 9A81     		strh	r2, [r3, #12]	@ movhi
 178:.\Generated_Source\PSoC5/isr_eoc.c ****     //adcvalue[7] = ADC_GetResult16(7);
 179:.\Generated_Source\PSoC5/isr_eoc.c ****     dataready_flag = 1;
 196              		.loc 1 179 0
 197 0066 034B     		ldr	r3, .L9+4
 198 0068 0122     		movs	r2, #1
 199 006a 1A70     		strb	r2, [r3]
 180:.\Generated_Source\PSoC5/isr_eoc.c **** 
 181:.\Generated_Source\PSoC5/isr_eoc.c ****     /* `#END` */
 182:.\Generated_Source\PSoC5/isr_eoc.c **** }
 200              		.loc 1 182 0
 201 006c 80BD     		pop	{r7, pc}
 202              	.L10:
 203 006e 00BF     		.align	2
 204              	.L9:
 205 0070 00000000 		.word	adcvalue
 206 0074 00000000 		.word	dataready_flag
 207              		.cfi_endproc
 208              	.LFE66:
 209              		.size	isr_eoc_Interrupt, .-isr_eoc_Interrupt
 210              		.section	.text.isr_eoc_SetVector,"ax",%progbits
 211              		.align	2
 212              		.global	isr_eoc_SetVector
 213              		.thumb
 214              		.thumb_func
 215              		.type	isr_eoc_SetVector, %function
 216              	isr_eoc_SetVector:
 217              	.LFB67:
ARM GAS  C:\Users\patel\AppData\Local\Temp\ccvHQzz3.s 			page 8


 183:.\Generated_Source\PSoC5/isr_eoc.c **** 
 184:.\Generated_Source\PSoC5/isr_eoc.c **** 
 185:.\Generated_Source\PSoC5/isr_eoc.c **** /*******************************************************************************
 186:.\Generated_Source\PSoC5/isr_eoc.c **** * Function Name: isr_eoc_SetVector
 187:.\Generated_Source\PSoC5/isr_eoc.c **** ********************************************************************************
 188:.\Generated_Source\PSoC5/isr_eoc.c **** *
 189:.\Generated_Source\PSoC5/isr_eoc.c **** * Summary:
 190:.\Generated_Source\PSoC5/isr_eoc.c **** *   Change the ISR vector for the Interrupt. Note calling isr_eoc_Start
 191:.\Generated_Source\PSoC5/isr_eoc.c **** *   will override any effect this method would have had. To set the vector 
 192:.\Generated_Source\PSoC5/isr_eoc.c **** *   before the component has been started use isr_eoc_StartEx instead.
 193:.\Generated_Source\PSoC5/isr_eoc.c **** * 
 194:.\Generated_Source\PSoC5/isr_eoc.c **** *   When defining ISR functions, the CY_ISR and CY_ISR_PROTO macros should be 
 195:.\Generated_Source\PSoC5/isr_eoc.c **** *   used to provide consistent definition across compilers:
 196:.\Generated_Source\PSoC5/isr_eoc.c **** *
 197:.\Generated_Source\PSoC5/isr_eoc.c **** *   Function definition example:
 198:.\Generated_Source\PSoC5/isr_eoc.c **** *   CY_ISR(MyISR)
 199:.\Generated_Source\PSoC5/isr_eoc.c **** *   {
 200:.\Generated_Source\PSoC5/isr_eoc.c **** *   }
 201:.\Generated_Source\PSoC5/isr_eoc.c **** *
 202:.\Generated_Source\PSoC5/isr_eoc.c **** *   Function prototype example:
 203:.\Generated_Source\PSoC5/isr_eoc.c **** *     CY_ISR_PROTO(MyISR);
 204:.\Generated_Source\PSoC5/isr_eoc.c **** *
 205:.\Generated_Source\PSoC5/isr_eoc.c **** * Parameters:
 206:.\Generated_Source\PSoC5/isr_eoc.c **** *   address: Address of the ISR to set in the interrupt vector table.
 207:.\Generated_Source\PSoC5/isr_eoc.c **** *
 208:.\Generated_Source\PSoC5/isr_eoc.c **** * Return:
 209:.\Generated_Source\PSoC5/isr_eoc.c **** *   None
 210:.\Generated_Source\PSoC5/isr_eoc.c **** *
 211:.\Generated_Source\PSoC5/isr_eoc.c **** *******************************************************************************/
 212:.\Generated_Source\PSoC5/isr_eoc.c **** void isr_eoc_SetVector(cyisraddress address)
 213:.\Generated_Source\PSoC5/isr_eoc.c **** {
 218              		.loc 1 213 0
 219              		.cfi_startproc
 220              		@ args = 0, pretend = 0, frame = 16
 221              		@ frame_needed = 1, uses_anonymous_args = 0
 222              		@ link register save eliminated.
 223 0000 80B4     		push	{r7}
 224              		.cfi_def_cfa_offset 4
 225              		.cfi_offset 7, -4
 226 0002 85B0     		sub	sp, sp, #20
 227              		.cfi_def_cfa_offset 24
 228 0004 00AF     		add	r7, sp, #0
 229              		.cfi_def_cfa_register 7
 230 0006 7860     		str	r0, [r7, #4]
 214:.\Generated_Source\PSoC5/isr_eoc.c ****     cyisraddress * ramVectorTable;
 215:.\Generated_Source\PSoC5/isr_eoc.c **** 
 216:.\Generated_Source\PSoC5/isr_eoc.c ****     ramVectorTable = (cyisraddress *) *CYINT_VECT_TABLE;
 231              		.loc 1 216 0
 232 0008 054B     		ldr	r3, .L12
 233 000a 1B68     		ldr	r3, [r3]
 234 000c FB60     		str	r3, [r7, #12]
 217:.\Generated_Source\PSoC5/isr_eoc.c **** 
 218:.\Generated_Source\PSoC5/isr_eoc.c ****     ramVectorTable[CYINT_IRQ_BASE + (uint32)isr_eoc__INTC_NUMBER] = address;
 235              		.loc 1 218 0
 236 000e FB68     		ldr	r3, [r7, #12]
 237 0010 6433     		adds	r3, r3, #100
 238 0012 7A68     		ldr	r2, [r7, #4]
ARM GAS  C:\Users\patel\AppData\Local\Temp\ccvHQzz3.s 			page 9


 239 0014 1A60     		str	r2, [r3]
 219:.\Generated_Source\PSoC5/isr_eoc.c **** }
 240              		.loc 1 219 0
 241 0016 1437     		adds	r7, r7, #20
 242              		.cfi_def_cfa_offset 4
 243 0018 BD46     		mov	sp, r7
 244              		.cfi_def_cfa_register 13
 245              		@ sp needed
 246 001a 5DF8047B 		ldr	r7, [sp], #4
 247              		.cfi_restore 7
 248              		.cfi_def_cfa_offset 0
 249 001e 7047     		bx	lr
 250              	.L13:
 251              		.align	2
 252              	.L12:
 253 0020 08ED00E0 		.word	-536810232
 254              		.cfi_endproc
 255              	.LFE67:
 256              		.size	isr_eoc_SetVector, .-isr_eoc_SetVector
 257              		.section	.text.isr_eoc_GetVector,"ax",%progbits
 258              		.align	2
 259              		.global	isr_eoc_GetVector
 260              		.thumb
 261              		.thumb_func
 262              		.type	isr_eoc_GetVector, %function
 263              	isr_eoc_GetVector:
 264              	.LFB68:
 220:.\Generated_Source\PSoC5/isr_eoc.c **** 
 221:.\Generated_Source\PSoC5/isr_eoc.c **** 
 222:.\Generated_Source\PSoC5/isr_eoc.c **** /*******************************************************************************
 223:.\Generated_Source\PSoC5/isr_eoc.c **** * Function Name: isr_eoc_GetVector
 224:.\Generated_Source\PSoC5/isr_eoc.c **** ********************************************************************************
 225:.\Generated_Source\PSoC5/isr_eoc.c **** *
 226:.\Generated_Source\PSoC5/isr_eoc.c **** * Summary:
 227:.\Generated_Source\PSoC5/isr_eoc.c **** *   Gets the "address" of the current ISR vector for the Interrupt.
 228:.\Generated_Source\PSoC5/isr_eoc.c **** *
 229:.\Generated_Source\PSoC5/isr_eoc.c **** * Parameters:
 230:.\Generated_Source\PSoC5/isr_eoc.c **** *   None
 231:.\Generated_Source\PSoC5/isr_eoc.c **** *
 232:.\Generated_Source\PSoC5/isr_eoc.c **** * Return:
 233:.\Generated_Source\PSoC5/isr_eoc.c **** *   Address of the ISR in the interrupt vector table.
 234:.\Generated_Source\PSoC5/isr_eoc.c **** *
 235:.\Generated_Source\PSoC5/isr_eoc.c **** *******************************************************************************/
 236:.\Generated_Source\PSoC5/isr_eoc.c **** cyisraddress isr_eoc_GetVector(void)
 237:.\Generated_Source\PSoC5/isr_eoc.c **** {
 265              		.loc 1 237 0
 266              		.cfi_startproc
 267              		@ args = 0, pretend = 0, frame = 8
 268              		@ frame_needed = 1, uses_anonymous_args = 0
 269              		@ link register save eliminated.
 270 0000 80B4     		push	{r7}
 271              		.cfi_def_cfa_offset 4
 272              		.cfi_offset 7, -4
 273 0002 83B0     		sub	sp, sp, #12
 274              		.cfi_def_cfa_offset 16
 275 0004 00AF     		add	r7, sp, #0
 276              		.cfi_def_cfa_register 7
ARM GAS  C:\Users\patel\AppData\Local\Temp\ccvHQzz3.s 			page 10


 238:.\Generated_Source\PSoC5/isr_eoc.c ****     cyisraddress * ramVectorTable;
 239:.\Generated_Source\PSoC5/isr_eoc.c **** 
 240:.\Generated_Source\PSoC5/isr_eoc.c ****     ramVectorTable = (cyisraddress *) *CYINT_VECT_TABLE;
 277              		.loc 1 240 0
 278 0006 054B     		ldr	r3, .L16
 279 0008 1B68     		ldr	r3, [r3]
 280 000a 7B60     		str	r3, [r7, #4]
 241:.\Generated_Source\PSoC5/isr_eoc.c **** 
 242:.\Generated_Source\PSoC5/isr_eoc.c ****     return ramVectorTable[CYINT_IRQ_BASE + (uint32)isr_eoc__INTC_NUMBER];
 281              		.loc 1 242 0
 282 000c 7B68     		ldr	r3, [r7, #4]
 283 000e 5B6E     		ldr	r3, [r3, #100]
 243:.\Generated_Source\PSoC5/isr_eoc.c **** }
 284              		.loc 1 243 0
 285 0010 1846     		mov	r0, r3
 286 0012 0C37     		adds	r7, r7, #12
 287              		.cfi_def_cfa_offset 4
 288 0014 BD46     		mov	sp, r7
 289              		.cfi_def_cfa_register 13
 290              		@ sp needed
 291 0016 5DF8047B 		ldr	r7, [sp], #4
 292              		.cfi_restore 7
 293              		.cfi_def_cfa_offset 0
 294 001a 7047     		bx	lr
 295              	.L17:
 296              		.align	2
 297              	.L16:
 298 001c 08ED00E0 		.word	-536810232
 299              		.cfi_endproc
 300              	.LFE68:
 301              		.size	isr_eoc_GetVector, .-isr_eoc_GetVector
 302              		.section	.text.isr_eoc_SetPriority,"ax",%progbits
 303              		.align	2
 304              		.global	isr_eoc_SetPriority
 305              		.thumb
 306              		.thumb_func
 307              		.type	isr_eoc_SetPriority, %function
 308              	isr_eoc_SetPriority:
 309              	.LFB69:
 244:.\Generated_Source\PSoC5/isr_eoc.c **** 
 245:.\Generated_Source\PSoC5/isr_eoc.c **** 
 246:.\Generated_Source\PSoC5/isr_eoc.c **** /*******************************************************************************
 247:.\Generated_Source\PSoC5/isr_eoc.c **** * Function Name: isr_eoc_SetPriority
 248:.\Generated_Source\PSoC5/isr_eoc.c **** ********************************************************************************
 249:.\Generated_Source\PSoC5/isr_eoc.c **** *
 250:.\Generated_Source\PSoC5/isr_eoc.c **** * Summary:
 251:.\Generated_Source\PSoC5/isr_eoc.c **** *   Sets the Priority of the Interrupt. 
 252:.\Generated_Source\PSoC5/isr_eoc.c **** *
 253:.\Generated_Source\PSoC5/isr_eoc.c **** *   Note calling isr_eoc_Start or isr_eoc_StartEx will 
 254:.\Generated_Source\PSoC5/isr_eoc.c **** *   override any effect this API would have had. This API should only be called
 255:.\Generated_Source\PSoC5/isr_eoc.c **** *   after isr_eoc_Start or isr_eoc_StartEx has been called. 
 256:.\Generated_Source\PSoC5/isr_eoc.c **** *   To set the initial priority for the component, use the Design-Wide Resources
 257:.\Generated_Source\PSoC5/isr_eoc.c **** *   Interrupt Editor.
 258:.\Generated_Source\PSoC5/isr_eoc.c **** *
 259:.\Generated_Source\PSoC5/isr_eoc.c **** *   Note This API has no effect on Non-maskable interrupt NMI).
 260:.\Generated_Source\PSoC5/isr_eoc.c **** *
 261:.\Generated_Source\PSoC5/isr_eoc.c **** * Parameters:
ARM GAS  C:\Users\patel\AppData\Local\Temp\ccvHQzz3.s 			page 11


 262:.\Generated_Source\PSoC5/isr_eoc.c **** *   priority: Priority of the interrupt, 0 being the highest priority
 263:.\Generated_Source\PSoC5/isr_eoc.c **** *             PSoC 3 and PSoC 5LP: Priority is from 0 to 7.
 264:.\Generated_Source\PSoC5/isr_eoc.c **** *             PSoC 4: Priority is from 0 to 3.
 265:.\Generated_Source\PSoC5/isr_eoc.c **** *
 266:.\Generated_Source\PSoC5/isr_eoc.c **** * Return:
 267:.\Generated_Source\PSoC5/isr_eoc.c **** *   None
 268:.\Generated_Source\PSoC5/isr_eoc.c **** *
 269:.\Generated_Source\PSoC5/isr_eoc.c **** *******************************************************************************/
 270:.\Generated_Source\PSoC5/isr_eoc.c **** void isr_eoc_SetPriority(uint8 priority)
 271:.\Generated_Source\PSoC5/isr_eoc.c **** {
 310              		.loc 1 271 0
 311              		.cfi_startproc
 312              		@ args = 0, pretend = 0, frame = 8
 313              		@ frame_needed = 1, uses_anonymous_args = 0
 314              		@ link register save eliminated.
 315 0000 80B4     		push	{r7}
 316              		.cfi_def_cfa_offset 4
 317              		.cfi_offset 7, -4
 318 0002 83B0     		sub	sp, sp, #12
 319              		.cfi_def_cfa_offset 16
 320 0004 00AF     		add	r7, sp, #0
 321              		.cfi_def_cfa_register 7
 322 0006 0346     		mov	r3, r0
 323 0008 FB71     		strb	r3, [r7, #7]
 272:.\Generated_Source\PSoC5/isr_eoc.c ****     *isr_eoc_INTC_PRIOR = priority << 5;
 324              		.loc 1 272 0
 325 000a 054A     		ldr	r2, .L19
 326 000c FB79     		ldrb	r3, [r7, #7]
 327 000e 5B01     		lsls	r3, r3, #5
 328 0010 DBB2     		uxtb	r3, r3
 329 0012 1370     		strb	r3, [r2]
 273:.\Generated_Source\PSoC5/isr_eoc.c **** }
 330              		.loc 1 273 0
 331 0014 0C37     		adds	r7, r7, #12
 332              		.cfi_def_cfa_offset 4
 333 0016 BD46     		mov	sp, r7
 334              		.cfi_def_cfa_register 13
 335              		@ sp needed
 336 0018 5DF8047B 		ldr	r7, [sp], #4
 337              		.cfi_restore 7
 338              		.cfi_def_cfa_offset 0
 339 001c 7047     		bx	lr
 340              	.L20:
 341 001e 00BF     		.align	2
 342              	.L19:
 343 0020 09E400E0 		.word	-536812535
 344              		.cfi_endproc
 345              	.LFE69:
 346              		.size	isr_eoc_SetPriority, .-isr_eoc_SetPriority
 347              		.section	.text.isr_eoc_GetPriority,"ax",%progbits
 348              		.align	2
 349              		.global	isr_eoc_GetPriority
 350              		.thumb
 351              		.thumb_func
 352              		.type	isr_eoc_GetPriority, %function
 353              	isr_eoc_GetPriority:
 354              	.LFB70:
ARM GAS  C:\Users\patel\AppData\Local\Temp\ccvHQzz3.s 			page 12


 274:.\Generated_Source\PSoC5/isr_eoc.c **** 
 275:.\Generated_Source\PSoC5/isr_eoc.c **** 
 276:.\Generated_Source\PSoC5/isr_eoc.c **** /*******************************************************************************
 277:.\Generated_Source\PSoC5/isr_eoc.c **** * Function Name: isr_eoc_GetPriority
 278:.\Generated_Source\PSoC5/isr_eoc.c **** ********************************************************************************
 279:.\Generated_Source\PSoC5/isr_eoc.c **** *
 280:.\Generated_Source\PSoC5/isr_eoc.c **** * Summary:
 281:.\Generated_Source\PSoC5/isr_eoc.c **** *   Gets the Priority of the Interrupt.
 282:.\Generated_Source\PSoC5/isr_eoc.c **** *
 283:.\Generated_Source\PSoC5/isr_eoc.c **** * Parameters:
 284:.\Generated_Source\PSoC5/isr_eoc.c **** *   None
 285:.\Generated_Source\PSoC5/isr_eoc.c **** *
 286:.\Generated_Source\PSoC5/isr_eoc.c **** * Return:
 287:.\Generated_Source\PSoC5/isr_eoc.c **** *   Priority of the interrupt, 0 being the highest priority
 288:.\Generated_Source\PSoC5/isr_eoc.c **** *    PSoC 3 and PSoC 5LP: Priority is from 0 to 7.
 289:.\Generated_Source\PSoC5/isr_eoc.c **** *    PSoC 4: Priority is from 0 to 3.
 290:.\Generated_Source\PSoC5/isr_eoc.c **** *
 291:.\Generated_Source\PSoC5/isr_eoc.c **** *******************************************************************************/
 292:.\Generated_Source\PSoC5/isr_eoc.c **** uint8 isr_eoc_GetPriority(void)
 293:.\Generated_Source\PSoC5/isr_eoc.c **** {
 355              		.loc 1 293 0
 356              		.cfi_startproc
 357              		@ args = 0, pretend = 0, frame = 8
 358              		@ frame_needed = 1, uses_anonymous_args = 0
 359              		@ link register save eliminated.
 360 0000 80B4     		push	{r7}
 361              		.cfi_def_cfa_offset 4
 362              		.cfi_offset 7, -4
 363 0002 83B0     		sub	sp, sp, #12
 364              		.cfi_def_cfa_offset 16
 365 0004 00AF     		add	r7, sp, #0
 366              		.cfi_def_cfa_register 7
 294:.\Generated_Source\PSoC5/isr_eoc.c ****     uint8 priority;
 295:.\Generated_Source\PSoC5/isr_eoc.c **** 
 296:.\Generated_Source\PSoC5/isr_eoc.c **** 
 297:.\Generated_Source\PSoC5/isr_eoc.c ****     priority = *isr_eoc_INTC_PRIOR >> 5;
 367              		.loc 1 297 0
 368 0006 064B     		ldr	r3, .L23
 369 0008 1B78     		ldrb	r3, [r3]
 370 000a DBB2     		uxtb	r3, r3
 371 000c 5B09     		lsrs	r3, r3, #5
 372 000e FB71     		strb	r3, [r7, #7]
 298:.\Generated_Source\PSoC5/isr_eoc.c **** 
 299:.\Generated_Source\PSoC5/isr_eoc.c ****     return priority;
 373              		.loc 1 299 0
 374 0010 FB79     		ldrb	r3, [r7, #7]	@ zero_extendqisi2
 300:.\Generated_Source\PSoC5/isr_eoc.c **** }
 375              		.loc 1 300 0
 376 0012 1846     		mov	r0, r3
 377 0014 0C37     		adds	r7, r7, #12
 378              		.cfi_def_cfa_offset 4
 379 0016 BD46     		mov	sp, r7
 380              		.cfi_def_cfa_register 13
 381              		@ sp needed
 382 0018 5DF8047B 		ldr	r7, [sp], #4
 383              		.cfi_restore 7
 384              		.cfi_def_cfa_offset 0
ARM GAS  C:\Users\patel\AppData\Local\Temp\ccvHQzz3.s 			page 13


 385 001c 7047     		bx	lr
 386              	.L24:
 387 001e 00BF     		.align	2
 388              	.L23:
 389 0020 09E400E0 		.word	-536812535
 390              		.cfi_endproc
 391              	.LFE70:
 392              		.size	isr_eoc_GetPriority, .-isr_eoc_GetPriority
 393              		.section	.text.isr_eoc_Enable,"ax",%progbits
 394              		.align	2
 395              		.global	isr_eoc_Enable
 396              		.thumb
 397              		.thumb_func
 398              		.type	isr_eoc_Enable, %function
 399              	isr_eoc_Enable:
 400              	.LFB71:
 301:.\Generated_Source\PSoC5/isr_eoc.c **** 
 302:.\Generated_Source\PSoC5/isr_eoc.c **** 
 303:.\Generated_Source\PSoC5/isr_eoc.c **** /*******************************************************************************
 304:.\Generated_Source\PSoC5/isr_eoc.c **** * Function Name: isr_eoc_Enable
 305:.\Generated_Source\PSoC5/isr_eoc.c **** ********************************************************************************
 306:.\Generated_Source\PSoC5/isr_eoc.c **** *
 307:.\Generated_Source\PSoC5/isr_eoc.c **** * Summary:
 308:.\Generated_Source\PSoC5/isr_eoc.c **** *   Enables the interrupt to the interrupt controller. Do not call this function
 309:.\Generated_Source\PSoC5/isr_eoc.c **** *   unless ISR_Start() has been called or the functionality of the ISR_Start() 
 310:.\Generated_Source\PSoC5/isr_eoc.c **** *   function, which sets the vector and the priority, has been called.
 311:.\Generated_Source\PSoC5/isr_eoc.c **** *
 312:.\Generated_Source\PSoC5/isr_eoc.c **** * Parameters:
 313:.\Generated_Source\PSoC5/isr_eoc.c **** *   None
 314:.\Generated_Source\PSoC5/isr_eoc.c **** *
 315:.\Generated_Source\PSoC5/isr_eoc.c **** * Return:
 316:.\Generated_Source\PSoC5/isr_eoc.c **** *   None
 317:.\Generated_Source\PSoC5/isr_eoc.c **** *
 318:.\Generated_Source\PSoC5/isr_eoc.c **** *******************************************************************************/
 319:.\Generated_Source\PSoC5/isr_eoc.c **** void isr_eoc_Enable(void)
 320:.\Generated_Source\PSoC5/isr_eoc.c **** {
 401              		.loc 1 320 0
 402              		.cfi_startproc
 403              		@ args = 0, pretend = 0, frame = 0
 404              		@ frame_needed = 1, uses_anonymous_args = 0
 405              		@ link register save eliminated.
 406 0000 80B4     		push	{r7}
 407              		.cfi_def_cfa_offset 4
 408              		.cfi_offset 7, -4
 409 0002 00AF     		add	r7, sp, #0
 410              		.cfi_def_cfa_register 7
 321:.\Generated_Source\PSoC5/isr_eoc.c ****     /* Enable the general interrupt. */
 322:.\Generated_Source\PSoC5/isr_eoc.c ****     *isr_eoc_INTC_SET_EN = isr_eoc__INTC_MASK;
 411              		.loc 1 322 0
 412 0004 034B     		ldr	r3, .L26
 413 0006 4FF40072 		mov	r2, #512
 414 000a 1A60     		str	r2, [r3]
 323:.\Generated_Source\PSoC5/isr_eoc.c **** }
 415              		.loc 1 323 0
 416 000c BD46     		mov	sp, r7
 417              		.cfi_def_cfa_register 13
 418              		@ sp needed
ARM GAS  C:\Users\patel\AppData\Local\Temp\ccvHQzz3.s 			page 14


 419 000e 5DF8047B 		ldr	r7, [sp], #4
 420              		.cfi_restore 7
 421              		.cfi_def_cfa_offset 0
 422 0012 7047     		bx	lr
 423              	.L27:
 424              		.align	2
 425              	.L26:
 426 0014 00E100E0 		.word	-536813312
 427              		.cfi_endproc
 428              	.LFE71:
 429              		.size	isr_eoc_Enable, .-isr_eoc_Enable
 430              		.section	.text.isr_eoc_GetState,"ax",%progbits
 431              		.align	2
 432              		.global	isr_eoc_GetState
 433              		.thumb
 434              		.thumb_func
 435              		.type	isr_eoc_GetState, %function
 436              	isr_eoc_GetState:
 437              	.LFB72:
 324:.\Generated_Source\PSoC5/isr_eoc.c **** 
 325:.\Generated_Source\PSoC5/isr_eoc.c **** 
 326:.\Generated_Source\PSoC5/isr_eoc.c **** /*******************************************************************************
 327:.\Generated_Source\PSoC5/isr_eoc.c **** * Function Name: isr_eoc_GetState
 328:.\Generated_Source\PSoC5/isr_eoc.c **** ********************************************************************************
 329:.\Generated_Source\PSoC5/isr_eoc.c **** *
 330:.\Generated_Source\PSoC5/isr_eoc.c **** * Summary:
 331:.\Generated_Source\PSoC5/isr_eoc.c **** *   Gets the state (enabled, disabled) of the Interrupt.
 332:.\Generated_Source\PSoC5/isr_eoc.c **** *
 333:.\Generated_Source\PSoC5/isr_eoc.c **** * Parameters:
 334:.\Generated_Source\PSoC5/isr_eoc.c **** *   None
 335:.\Generated_Source\PSoC5/isr_eoc.c **** *
 336:.\Generated_Source\PSoC5/isr_eoc.c **** * Return:
 337:.\Generated_Source\PSoC5/isr_eoc.c **** *   1 if enabled, 0 if disabled.
 338:.\Generated_Source\PSoC5/isr_eoc.c **** *
 339:.\Generated_Source\PSoC5/isr_eoc.c **** *******************************************************************************/
 340:.\Generated_Source\PSoC5/isr_eoc.c **** uint8 isr_eoc_GetState(void)
 341:.\Generated_Source\PSoC5/isr_eoc.c **** {
 438              		.loc 1 341 0
 439              		.cfi_startproc
 440              		@ args = 0, pretend = 0, frame = 0
 441              		@ frame_needed = 1, uses_anonymous_args = 0
 442              		@ link register save eliminated.
 443 0000 80B4     		push	{r7}
 444              		.cfi_def_cfa_offset 4
 445              		.cfi_offset 7, -4
 446 0002 00AF     		add	r7, sp, #0
 447              		.cfi_def_cfa_register 7
 342:.\Generated_Source\PSoC5/isr_eoc.c ****     /* Get the state of the general interrupt. */
 343:.\Generated_Source\PSoC5/isr_eoc.c ****     return ((*isr_eoc_INTC_SET_EN & (uint32)isr_eoc__INTC_MASK) != 0u) ? 1u:0u;
 448              		.loc 1 343 0
 449 0004 064B     		ldr	r3, .L32
 450 0006 1B68     		ldr	r3, [r3]
 451 0008 03F40073 		and	r3, r3, #512
 452 000c 002B     		cmp	r3, #0
 453 000e 01D0     		beq	.L29
 454              		.loc 1 343 0 is_stmt 0 discriminator 1
 455 0010 0123     		movs	r3, #1
ARM GAS  C:\Users\patel\AppData\Local\Temp\ccvHQzz3.s 			page 15


 456 0012 00E0     		b	.L30
 457              	.L29:
 458              		.loc 1 343 0 discriminator 2
 459 0014 0023     		movs	r3, #0
 460              	.L30:
 344:.\Generated_Source\PSoC5/isr_eoc.c **** }
 461              		.loc 1 344 0 is_stmt 1 discriminator 4
 462 0016 1846     		mov	r0, r3
 463 0018 BD46     		mov	sp, r7
 464              		.cfi_def_cfa_register 13
 465              		@ sp needed
 466 001a 5DF8047B 		ldr	r7, [sp], #4
 467              		.cfi_restore 7
 468              		.cfi_def_cfa_offset 0
 469 001e 7047     		bx	lr
 470              	.L33:
 471              		.align	2
 472              	.L32:
 473 0020 00E100E0 		.word	-536813312
 474              		.cfi_endproc
 475              	.LFE72:
 476              		.size	isr_eoc_GetState, .-isr_eoc_GetState
 477              		.section	.text.isr_eoc_Disable,"ax",%progbits
 478              		.align	2
 479              		.global	isr_eoc_Disable
 480              		.thumb
 481              		.thumb_func
 482              		.type	isr_eoc_Disable, %function
 483              	isr_eoc_Disable:
 484              	.LFB73:
 345:.\Generated_Source\PSoC5/isr_eoc.c **** 
 346:.\Generated_Source\PSoC5/isr_eoc.c **** 
 347:.\Generated_Source\PSoC5/isr_eoc.c **** /*******************************************************************************
 348:.\Generated_Source\PSoC5/isr_eoc.c **** * Function Name: isr_eoc_Disable
 349:.\Generated_Source\PSoC5/isr_eoc.c **** ********************************************************************************
 350:.\Generated_Source\PSoC5/isr_eoc.c **** *
 351:.\Generated_Source\PSoC5/isr_eoc.c **** * Summary:
 352:.\Generated_Source\PSoC5/isr_eoc.c **** *   Disables the Interrupt in the interrupt controller.
 353:.\Generated_Source\PSoC5/isr_eoc.c **** *
 354:.\Generated_Source\PSoC5/isr_eoc.c **** * Parameters:
 355:.\Generated_Source\PSoC5/isr_eoc.c **** *   None
 356:.\Generated_Source\PSoC5/isr_eoc.c **** *
 357:.\Generated_Source\PSoC5/isr_eoc.c **** * Return:
 358:.\Generated_Source\PSoC5/isr_eoc.c **** *   None
 359:.\Generated_Source\PSoC5/isr_eoc.c **** *
 360:.\Generated_Source\PSoC5/isr_eoc.c **** *******************************************************************************/
 361:.\Generated_Source\PSoC5/isr_eoc.c **** void isr_eoc_Disable(void)
 362:.\Generated_Source\PSoC5/isr_eoc.c **** {
 485              		.loc 1 362 0
 486              		.cfi_startproc
 487              		@ args = 0, pretend = 0, frame = 0
 488              		@ frame_needed = 1, uses_anonymous_args = 0
 489              		@ link register save eliminated.
 490 0000 80B4     		push	{r7}
 491              		.cfi_def_cfa_offset 4
 492              		.cfi_offset 7, -4
 493 0002 00AF     		add	r7, sp, #0
ARM GAS  C:\Users\patel\AppData\Local\Temp\ccvHQzz3.s 			page 16


 494              		.cfi_def_cfa_register 7
 363:.\Generated_Source\PSoC5/isr_eoc.c ****     /* Disable the general interrupt. */
 364:.\Generated_Source\PSoC5/isr_eoc.c ****     *isr_eoc_INTC_CLR_EN = isr_eoc__INTC_MASK;
 495              		.loc 1 364 0
 496 0004 034B     		ldr	r3, .L35
 497 0006 4FF40072 		mov	r2, #512
 498 000a 1A60     		str	r2, [r3]
 365:.\Generated_Source\PSoC5/isr_eoc.c **** }
 499              		.loc 1 365 0
 500 000c BD46     		mov	sp, r7
 501              		.cfi_def_cfa_register 13
 502              		@ sp needed
 503 000e 5DF8047B 		ldr	r7, [sp], #4
 504              		.cfi_restore 7
 505              		.cfi_def_cfa_offset 0
 506 0012 7047     		bx	lr
 507              	.L36:
 508              		.align	2
 509              	.L35:
 510 0014 80E100E0 		.word	-536813184
 511              		.cfi_endproc
 512              	.LFE73:
 513              		.size	isr_eoc_Disable, .-isr_eoc_Disable
 514              		.section	.text.isr_eoc_SetPending,"ax",%progbits
 515              		.align	2
 516              		.global	isr_eoc_SetPending
 517              		.thumb
 518              		.thumb_func
 519              		.type	isr_eoc_SetPending, %function
 520              	isr_eoc_SetPending:
 521              	.LFB74:
 366:.\Generated_Source\PSoC5/isr_eoc.c **** 
 367:.\Generated_Source\PSoC5/isr_eoc.c **** 
 368:.\Generated_Source\PSoC5/isr_eoc.c **** /*******************************************************************************
 369:.\Generated_Source\PSoC5/isr_eoc.c **** * Function Name: isr_eoc_SetPending
 370:.\Generated_Source\PSoC5/isr_eoc.c **** ********************************************************************************
 371:.\Generated_Source\PSoC5/isr_eoc.c **** *
 372:.\Generated_Source\PSoC5/isr_eoc.c **** * Summary:
 373:.\Generated_Source\PSoC5/isr_eoc.c **** *   Causes the Interrupt to enter the pending state, a software method of
 374:.\Generated_Source\PSoC5/isr_eoc.c **** *   generating the interrupt.
 375:.\Generated_Source\PSoC5/isr_eoc.c **** *
 376:.\Generated_Source\PSoC5/isr_eoc.c **** * Parameters:
 377:.\Generated_Source\PSoC5/isr_eoc.c **** *   None
 378:.\Generated_Source\PSoC5/isr_eoc.c **** *
 379:.\Generated_Source\PSoC5/isr_eoc.c **** * Return:
 380:.\Generated_Source\PSoC5/isr_eoc.c **** *   None
 381:.\Generated_Source\PSoC5/isr_eoc.c **** *
 382:.\Generated_Source\PSoC5/isr_eoc.c **** * Side Effects:
 383:.\Generated_Source\PSoC5/isr_eoc.c **** *   If interrupts are enabled and the interrupt is set up properly, the ISR is
 384:.\Generated_Source\PSoC5/isr_eoc.c **** *   entered (depending on the priority of this interrupt and other pending 
 385:.\Generated_Source\PSoC5/isr_eoc.c **** *   interrupts).
 386:.\Generated_Source\PSoC5/isr_eoc.c **** *
 387:.\Generated_Source\PSoC5/isr_eoc.c **** *******************************************************************************/
 388:.\Generated_Source\PSoC5/isr_eoc.c **** void isr_eoc_SetPending(void)
 389:.\Generated_Source\PSoC5/isr_eoc.c **** {
 522              		.loc 1 389 0
 523              		.cfi_startproc
ARM GAS  C:\Users\patel\AppData\Local\Temp\ccvHQzz3.s 			page 17


 524              		@ args = 0, pretend = 0, frame = 0
 525              		@ frame_needed = 1, uses_anonymous_args = 0
 526              		@ link register save eliminated.
 527 0000 80B4     		push	{r7}
 528              		.cfi_def_cfa_offset 4
 529              		.cfi_offset 7, -4
 530 0002 00AF     		add	r7, sp, #0
 531              		.cfi_def_cfa_register 7
 390:.\Generated_Source\PSoC5/isr_eoc.c ****     *isr_eoc_INTC_SET_PD = isr_eoc__INTC_MASK;
 532              		.loc 1 390 0
 533 0004 034B     		ldr	r3, .L38
 534 0006 4FF40072 		mov	r2, #512
 535 000a 1A60     		str	r2, [r3]
 391:.\Generated_Source\PSoC5/isr_eoc.c **** }
 536              		.loc 1 391 0
 537 000c BD46     		mov	sp, r7
 538              		.cfi_def_cfa_register 13
 539              		@ sp needed
 540 000e 5DF8047B 		ldr	r7, [sp], #4
 541              		.cfi_restore 7
 542              		.cfi_def_cfa_offset 0
 543 0012 7047     		bx	lr
 544              	.L39:
 545              		.align	2
 546              	.L38:
 547 0014 00E200E0 		.word	-536813056
 548              		.cfi_endproc
 549              	.LFE74:
 550              		.size	isr_eoc_SetPending, .-isr_eoc_SetPending
 551              		.section	.text.isr_eoc_ClearPending,"ax",%progbits
 552              		.align	2
 553              		.global	isr_eoc_ClearPending
 554              		.thumb
 555              		.thumb_func
 556              		.type	isr_eoc_ClearPending, %function
 557              	isr_eoc_ClearPending:
 558              	.LFB75:
 392:.\Generated_Source\PSoC5/isr_eoc.c **** 
 393:.\Generated_Source\PSoC5/isr_eoc.c **** 
 394:.\Generated_Source\PSoC5/isr_eoc.c **** /*******************************************************************************
 395:.\Generated_Source\PSoC5/isr_eoc.c **** * Function Name: isr_eoc_ClearPending
 396:.\Generated_Source\PSoC5/isr_eoc.c **** ********************************************************************************
 397:.\Generated_Source\PSoC5/isr_eoc.c **** *
 398:.\Generated_Source\PSoC5/isr_eoc.c **** * Summary:
 399:.\Generated_Source\PSoC5/isr_eoc.c **** *   Clears a pending interrupt in the interrupt controller.
 400:.\Generated_Source\PSoC5/isr_eoc.c **** *
 401:.\Generated_Source\PSoC5/isr_eoc.c **** *   Note Some interrupt sources are clear-on-read and require the block 
 402:.\Generated_Source\PSoC5/isr_eoc.c **** *   interrupt/status register to be read/cleared with the appropriate block API 
 403:.\Generated_Source\PSoC5/isr_eoc.c **** *   (GPIO, UART, and so on). Otherwise the ISR will continue to remain in 
 404:.\Generated_Source\PSoC5/isr_eoc.c **** *   pending state even though the interrupt itself is cleared using this API.
 405:.\Generated_Source\PSoC5/isr_eoc.c **** *
 406:.\Generated_Source\PSoC5/isr_eoc.c **** * Parameters:
 407:.\Generated_Source\PSoC5/isr_eoc.c **** *   None
 408:.\Generated_Source\PSoC5/isr_eoc.c **** *
 409:.\Generated_Source\PSoC5/isr_eoc.c **** * Return:
 410:.\Generated_Source\PSoC5/isr_eoc.c **** *   None
 411:.\Generated_Source\PSoC5/isr_eoc.c **** *
ARM GAS  C:\Users\patel\AppData\Local\Temp\ccvHQzz3.s 			page 18


 412:.\Generated_Source\PSoC5/isr_eoc.c **** *******************************************************************************/
 413:.\Generated_Source\PSoC5/isr_eoc.c **** void isr_eoc_ClearPending(void)
 414:.\Generated_Source\PSoC5/isr_eoc.c **** {
 559              		.loc 1 414 0
 560              		.cfi_startproc
 561              		@ args = 0, pretend = 0, frame = 0
 562              		@ frame_needed = 1, uses_anonymous_args = 0
 563              		@ link register save eliminated.
 564 0000 80B4     		push	{r7}
 565              		.cfi_def_cfa_offset 4
 566              		.cfi_offset 7, -4
 567 0002 00AF     		add	r7, sp, #0
 568              		.cfi_def_cfa_register 7
 415:.\Generated_Source\PSoC5/isr_eoc.c ****     *isr_eoc_INTC_CLR_PD = isr_eoc__INTC_MASK;
 569              		.loc 1 415 0
 570 0004 034B     		ldr	r3, .L41
 571 0006 4FF40072 		mov	r2, #512
 572 000a 1A60     		str	r2, [r3]
 416:.\Generated_Source\PSoC5/isr_eoc.c **** }
 573              		.loc 1 416 0
 574 000c BD46     		mov	sp, r7
 575              		.cfi_def_cfa_register 13
 576              		@ sp needed
 577 000e 5DF8047B 		ldr	r7, [sp], #4
 578              		.cfi_restore 7
 579              		.cfi_def_cfa_offset 0
 580 0012 7047     		bx	lr
 581              	.L42:
 582              		.align	2
 583              	.L41:
 584 0014 80E200E0 		.word	-536812928
 585              		.cfi_endproc
 586              	.LFE75:
 587              		.size	isr_eoc_ClearPending, .-isr_eoc_ClearPending
 588              		.text
 589              	.Letext0:
 590              		.file 2 "c:\\program files (x86)\\cypress\\psoc creator\\3.3\\psoc creator\\import\\gnu\\arm\\4.9.
 591              		.file 3 "c:\\program files (x86)\\cypress\\psoc creator\\3.3\\psoc creator\\import\\gnu\\arm\\4.9.
 592              		.file 4 "Generated_Source\\PSoC5/cytypes.h"
 593              		.file 5 "Generated_Source\\PSoC5/core_cm3.h"
 594              		.section	.debug_info,"",%progbits
 595              	.Ldebug_info0:
 596 0000 8F020000 		.4byte	0x28f
 597 0004 0400     		.2byte	0x4
 598 0006 00000000 		.4byte	.Ldebug_abbrev0
 599 000a 04       		.byte	0x4
 600 000b 01       		.uleb128 0x1
 601 000c 33000000 		.4byte	.LASF39
 602 0010 01       		.byte	0x1
 603 0011 4A020000 		.4byte	.LASF40
 604 0015 C1000000 		.4byte	.LASF41
 605 0019 00000000 		.4byte	.Ldebug_ranges0+0
 606 001d 00000000 		.4byte	0
 607 0021 00000000 		.4byte	.Ldebug_line0
 608 0025 02       		.uleb128 0x2
 609 0026 04       		.byte	0x4
 610 0027 05       		.byte	0x5
ARM GAS  C:\Users\patel\AppData\Local\Temp\ccvHQzz3.s 			page 19


 611 0028 696E7400 		.ascii	"int\000"
 612 002c 03       		.uleb128 0x3
 613 002d 04       		.byte	0x4
 614 002e 07       		.byte	0x7
 615 002f E0010000 		.4byte	.LASF0
 616 0033 03       		.uleb128 0x3
 617 0034 01       		.byte	0x1
 618 0035 06       		.byte	0x6
 619 0036 CD020000 		.4byte	.LASF1
 620 003a 03       		.uleb128 0x3
 621 003b 01       		.byte	0x1
 622 003c 08       		.byte	0x8
 623 003d 49010000 		.4byte	.LASF2
 624 0041 03       		.uleb128 0x3
 625 0042 02       		.byte	0x2
 626 0043 05       		.byte	0x5
 627 0044 82020000 		.4byte	.LASF3
 628 0048 03       		.uleb128 0x3
 629 0049 02       		.byte	0x2
 630 004a 07       		.byte	0x7
 631 004b 92010000 		.4byte	.LASF4
 632 004f 04       		.uleb128 0x4
 633 0050 29000000 		.4byte	.LASF11
 634 0054 02       		.byte	0x2
 635 0055 3F       		.byte	0x3f
 636 0056 5A000000 		.4byte	0x5a
 637 005a 03       		.uleb128 0x3
 638 005b 04       		.byte	0x4
 639 005c 05       		.byte	0x5
 640 005d B3020000 		.4byte	.LASF5
 641 0061 03       		.uleb128 0x3
 642 0062 04       		.byte	0x4
 643 0063 07       		.byte	0x7
 644 0064 80010000 		.4byte	.LASF6
 645 0068 03       		.uleb128 0x3
 646 0069 08       		.byte	0x8
 647 006a 05       		.byte	0x5
 648 006b 37020000 		.4byte	.LASF7
 649 006f 03       		.uleb128 0x3
 650 0070 08       		.byte	0x8
 651 0071 07       		.byte	0x7
 652 0072 F5010000 		.4byte	.LASF8
 653 0076 03       		.uleb128 0x3
 654 0077 04       		.byte	0x4
 655 0078 07       		.byte	0x7
 656 0079 2E020000 		.4byte	.LASF9
 657 007d 05       		.uleb128 0x5
 658 007e 04       		.byte	0x4
 659 007f 83000000 		.4byte	0x83
 660 0083 06       		.uleb128 0x6
 661 0084 03       		.uleb128 0x3
 662 0085 01       		.byte	0x1
 663 0086 08       		.byte	0x8
 664 0087 45020000 		.4byte	.LASF10
 665 008b 04       		.uleb128 0x4
 666 008c 26020000 		.4byte	.LASF12
 667 0090 03       		.byte	0x3
ARM GAS  C:\Users\patel\AppData\Local\Temp\ccvHQzz3.s 			page 20


 668 0091 2C       		.byte	0x2c
 669 0092 4F000000 		.4byte	0x4f
 670 0096 07       		.uleb128 0x7
 671 0097 8C020000 		.4byte	.LASF13
 672 009b 04       		.byte	0x4
 673 009c 9201     		.2byte	0x192
 674 009e 3A000000 		.4byte	0x3a
 675 00a2 07       		.uleb128 0x7
 676 00a3 D2010000 		.4byte	.LASF14
 677 00a7 04       		.byte	0x4
 678 00a8 9301     		.2byte	0x193
 679 00aa 48000000 		.4byte	0x48
 680 00ae 07       		.uleb128 0x7
 681 00af D9010000 		.4byte	.LASF15
 682 00b3 04       		.byte	0x4
 683 00b4 9401     		.2byte	0x194
 684 00b6 61000000 		.4byte	0x61
 685 00ba 03       		.uleb128 0x3
 686 00bb 04       		.byte	0x4
 687 00bc 04       		.byte	0x4
 688 00bd 43010000 		.4byte	.LASF16
 689 00c1 03       		.uleb128 0x3
 690 00c2 08       		.byte	0x8
 691 00c3 04       		.byte	0x4
 692 00c4 B2010000 		.4byte	.LASF17
 693 00c8 07       		.uleb128 0x7
 694 00c9 67010000 		.4byte	.LASF18
 695 00cd 04       		.byte	0x4
 696 00ce 3C02     		.2byte	0x23c
 697 00d0 D4000000 		.4byte	0xd4
 698 00d4 08       		.uleb128 0x8
 699 00d5 96000000 		.4byte	0x96
 700 00d9 07       		.uleb128 0x7
 701 00da 00000000 		.4byte	.LASF19
 702 00de 04       		.byte	0x4
 703 00df 3E02     		.2byte	0x23e
 704 00e1 E5000000 		.4byte	0xe5
 705 00e5 08       		.uleb128 0x8
 706 00e6 AE000000 		.4byte	0xae
 707 00ea 07       		.uleb128 0x7
 708 00eb 0C020000 		.4byte	.LASF20
 709 00ef 04       		.byte	0x4
 710 00f0 4E02     		.2byte	0x24e
 711 00f2 7D000000 		.4byte	0x7d
 712 00f6 09       		.uleb128 0x9
 713 00f7 EC020000 		.4byte	.LASF21
 714 00fb 01       		.byte	0x1
 715 00fc 40       		.byte	0x40
 716 00fd 00000000 		.4byte	.LFB63
 717 0101 20000000 		.4byte	.LFE63-.LFB63
 718 0105 01       		.uleb128 0x1
 719 0106 9C       		.byte	0x9c
 720 0107 0A       		.uleb128 0xa
 721 0108 57010000 		.4byte	.LASF24
 722 010c 01       		.byte	0x1
 723 010d 6B       		.byte	0x6b
 724 010e 00000000 		.4byte	.LFB64
ARM GAS  C:\Users\patel\AppData\Local\Temp\ccvHQzz3.s 			page 21


 725 0112 22000000 		.4byte	.LFE64-.LFB64
 726 0116 01       		.uleb128 0x1
 727 0117 9C       		.byte	0x9c
 728 0118 2B010000 		.4byte	0x12b
 729 011c 0B       		.uleb128 0xb
 730 011d ED010000 		.4byte	.LASF26
 731 0121 01       		.byte	0x1
 732 0122 6B       		.byte	0x6b
 733 0123 EA000000 		.4byte	0xea
 734 0127 02       		.uleb128 0x2
 735 0128 91       		.byte	0x91
 736 0129 74       		.sleb128 -12
 737 012a 00       		.byte	0
 738 012b 09       		.uleb128 0x9
 739 012c 19020000 		.4byte	.LASF22
 740 0130 01       		.byte	0x1
 741 0131 89       		.byte	0x89
 742 0132 00000000 		.4byte	.LFB65
 743 0136 14000000 		.4byte	.LFE65-.LFB65
 744 013a 01       		.uleb128 0x1
 745 013b 9C       		.byte	0x9c
 746 013c 09       		.uleb128 0x9
 747 013d 31010000 		.4byte	.LASF23
 748 0141 01       		.byte	0x1
 749 0142 A3       		.byte	0xa3
 750 0143 00000000 		.4byte	.LFB66
 751 0147 78000000 		.4byte	.LFE66-.LFB66
 752 014b 01       		.uleb128 0x1
 753 014c 9C       		.byte	0x9c
 754 014d 0C       		.uleb128 0xc
 755 014e A1020000 		.4byte	.LASF25
 756 0152 01       		.byte	0x1
 757 0153 D4       		.byte	0xd4
 758 0154 00000000 		.4byte	.LFB67
 759 0158 24000000 		.4byte	.LFE67-.LFB67
 760 015c 01       		.uleb128 0x1
 761 015d 9C       		.byte	0x9c
 762 015e 7F010000 		.4byte	0x17f
 763 0162 0B       		.uleb128 0xb
 764 0163 ED010000 		.4byte	.LASF26
 765 0167 01       		.byte	0x1
 766 0168 D4       		.byte	0xd4
 767 0169 EA000000 		.4byte	0xea
 768 016d 02       		.uleb128 0x2
 769 016e 91       		.byte	0x91
 770 016f 6C       		.sleb128 -20
 771 0170 0D       		.uleb128 0xd
 772 0171 92020000 		.4byte	.LASF27
 773 0175 01       		.byte	0x1
 774 0176 D6       		.byte	0xd6
 775 0177 7F010000 		.4byte	0x17f
 776 017b 02       		.uleb128 0x2
 777 017c 91       		.byte	0x91
 778 017d 74       		.sleb128 -12
 779 017e 00       		.byte	0
 780 017f 05       		.uleb128 0x5
 781 0180 04       		.byte	0x4
ARM GAS  C:\Users\patel\AppData\Local\Temp\ccvHQzz3.s 			page 22


 782 0181 EA000000 		.4byte	0xea
 783 0185 0E       		.uleb128 0xe
 784 0186 1F010000 		.4byte	.LASF30
 785 018a 01       		.byte	0x1
 786 018b EC       		.byte	0xec
 787 018c EA000000 		.4byte	0xea
 788 0190 00000000 		.4byte	.LFB68
 789 0194 20000000 		.4byte	.LFE68-.LFB68
 790 0198 01       		.uleb128 0x1
 791 0199 9C       		.byte	0x9c
 792 019a AD010000 		.4byte	0x1ad
 793 019e 0D       		.uleb128 0xd
 794 019f 92020000 		.4byte	.LASF27
 795 01a3 01       		.byte	0x1
 796 01a4 EE       		.byte	0xee
 797 01a5 7F010000 		.4byte	0x17f
 798 01a9 02       		.uleb128 0x2
 799 01aa 91       		.byte	0x91
 800 01ab 74       		.sleb128 -12
 801 01ac 00       		.byte	0
 802 01ad 0F       		.uleb128 0xf
 803 01ae 6C010000 		.4byte	.LASF28
 804 01b2 01       		.byte	0x1
 805 01b3 0E01     		.2byte	0x10e
 806 01b5 00000000 		.4byte	.LFB69
 807 01b9 24000000 		.4byte	.LFE69-.LFB69
 808 01bd 01       		.uleb128 0x1
 809 01be 9C       		.byte	0x9c
 810 01bf D3010000 		.4byte	0x1d3
 811 01c3 10       		.uleb128 0x10
 812 01c4 C9010000 		.4byte	.LASF29
 813 01c8 01       		.byte	0x1
 814 01c9 0E01     		.2byte	0x10e
 815 01cb 96000000 		.4byte	0x96
 816 01cf 02       		.uleb128 0x2
 817 01d0 91       		.byte	0x91
 818 01d1 77       		.sleb128 -9
 819 01d2 00       		.byte	0
 820 01d3 11       		.uleb128 0x11
 821 01d4 15000000 		.4byte	.LASF31
 822 01d8 01       		.byte	0x1
 823 01d9 2401     		.2byte	0x124
 824 01db 96000000 		.4byte	0x96
 825 01df 00000000 		.4byte	.LFB70
 826 01e3 24000000 		.4byte	.LFE70-.LFB70
 827 01e7 01       		.uleb128 0x1
 828 01e8 9C       		.byte	0x9c
 829 01e9 FD010000 		.4byte	0x1fd
 830 01ed 12       		.uleb128 0x12
 831 01ee C9010000 		.4byte	.LASF29
 832 01f2 01       		.byte	0x1
 833 01f3 2601     		.2byte	0x126
 834 01f5 96000000 		.4byte	0x96
 835 01f9 02       		.uleb128 0x2
 836 01fa 91       		.byte	0x91
 837 01fb 77       		.sleb128 -9
 838 01fc 00       		.byte	0
ARM GAS  C:\Users\patel\AppData\Local\Temp\ccvHQzz3.s 			page 23


 839 01fd 13       		.uleb128 0x13
 840 01fe 10010000 		.4byte	.LASF32
 841 0202 01       		.byte	0x1
 842 0203 3F01     		.2byte	0x13f
 843 0205 00000000 		.4byte	.LFB71
 844 0209 18000000 		.4byte	.LFE71-.LFB71
 845 020d 01       		.uleb128 0x1
 846 020e 9C       		.byte	0x9c
 847 020f 14       		.uleb128 0x14
 848 0210 BC020000 		.4byte	.LASF42
 849 0214 01       		.byte	0x1
 850 0215 5401     		.2byte	0x154
 851 0217 96000000 		.4byte	0x96
 852 021b 00000000 		.4byte	.LFB72
 853 021f 24000000 		.4byte	.LFE72-.LFB72
 854 0223 01       		.uleb128 0x1
 855 0224 9C       		.byte	0x9c
 856 0225 13       		.uleb128 0x13
 857 0226 B9010000 		.4byte	.LASF33
 858 022a 01       		.byte	0x1
 859 022b 6901     		.2byte	0x169
 860 022d 00000000 		.4byte	.LFB73
 861 0231 18000000 		.4byte	.LFE73-.LFB73
 862 0235 01       		.uleb128 0x1
 863 0236 9C       		.byte	0x9c
 864 0237 13       		.uleb128 0x13
 865 0238 D9020000 		.4byte	.LASF34
 866 023c 01       		.byte	0x1
 867 023d 8401     		.2byte	0x184
 868 023f 00000000 		.4byte	.LFB74
 869 0243 18000000 		.4byte	.LFE74-.LFB74
 870 0247 01       		.uleb128 0x1
 871 0248 9C       		.byte	0x9c
 872 0249 13       		.uleb128 0x13
 873 024a 6D020000 		.4byte	.LASF35
 874 024e 01       		.byte	0x1
 875 024f 9D01     		.2byte	0x19d
 876 0251 00000000 		.4byte	.LFB75
 877 0255 18000000 		.4byte	.LFE75-.LFB75
 878 0259 01       		.uleb128 0x1
 879 025a 9C       		.byte	0x9c
 880 025b 15       		.uleb128 0x15
 881 025c A5010000 		.4byte	.LASF36
 882 0260 05       		.byte	0x5
 883 0261 9606     		.2byte	0x696
 884 0263 67020000 		.4byte	0x267
 885 0267 08       		.uleb128 0x8
 886 0268 8B000000 		.4byte	0x8b
 887 026c 16       		.uleb128 0x16
 888 026d A2000000 		.4byte	0xa2
 889 0271 7C020000 		.4byte	0x27c
 890 0275 17       		.uleb128 0x17
 891 0276 76000000 		.4byte	0x76
 892 027a 07       		.byte	0x7
 893 027b 00       		.byte	0
 894 027c 18       		.uleb128 0x18
 895 027d FA020000 		.4byte	.LASF37
ARM GAS  C:\Users\patel\AppData\Local\Temp\ccvHQzz3.s 			page 24


 896 0281 01       		.byte	0x1
 897 0282 20       		.byte	0x20
 898 0283 6C020000 		.4byte	0x26c
 899 0287 18       		.uleb128 0x18
 900 0288 06000000 		.4byte	.LASF38
 901 028c 01       		.byte	0x1
 902 028d 21       		.byte	0x21
 903 028e 96000000 		.4byte	0x96
 904 0292 00       		.byte	0
 905              		.section	.debug_abbrev,"",%progbits
 906              	.Ldebug_abbrev0:
 907 0000 01       		.uleb128 0x1
 908 0001 11       		.uleb128 0x11
 909 0002 01       		.byte	0x1
 910 0003 25       		.uleb128 0x25
 911 0004 0E       		.uleb128 0xe
 912 0005 13       		.uleb128 0x13
 913 0006 0B       		.uleb128 0xb
 914 0007 03       		.uleb128 0x3
 915 0008 0E       		.uleb128 0xe
 916 0009 1B       		.uleb128 0x1b
 917 000a 0E       		.uleb128 0xe
 918 000b 55       		.uleb128 0x55
 919 000c 17       		.uleb128 0x17
 920 000d 11       		.uleb128 0x11
 921 000e 01       		.uleb128 0x1
 922 000f 10       		.uleb128 0x10
 923 0010 17       		.uleb128 0x17
 924 0011 00       		.byte	0
 925 0012 00       		.byte	0
 926 0013 02       		.uleb128 0x2
 927 0014 24       		.uleb128 0x24
 928 0015 00       		.byte	0
 929 0016 0B       		.uleb128 0xb
 930 0017 0B       		.uleb128 0xb
 931 0018 3E       		.uleb128 0x3e
 932 0019 0B       		.uleb128 0xb
 933 001a 03       		.uleb128 0x3
 934 001b 08       		.uleb128 0x8
 935 001c 00       		.byte	0
 936 001d 00       		.byte	0
 937 001e 03       		.uleb128 0x3
 938 001f 24       		.uleb128 0x24
 939 0020 00       		.byte	0
 940 0021 0B       		.uleb128 0xb
 941 0022 0B       		.uleb128 0xb
 942 0023 3E       		.uleb128 0x3e
 943 0024 0B       		.uleb128 0xb
 944 0025 03       		.uleb128 0x3
 945 0026 0E       		.uleb128 0xe
 946 0027 00       		.byte	0
 947 0028 00       		.byte	0
 948 0029 04       		.uleb128 0x4
 949 002a 16       		.uleb128 0x16
 950 002b 00       		.byte	0
 951 002c 03       		.uleb128 0x3
 952 002d 0E       		.uleb128 0xe
ARM GAS  C:\Users\patel\AppData\Local\Temp\ccvHQzz3.s 			page 25


 953 002e 3A       		.uleb128 0x3a
 954 002f 0B       		.uleb128 0xb
 955 0030 3B       		.uleb128 0x3b
 956 0031 0B       		.uleb128 0xb
 957 0032 49       		.uleb128 0x49
 958 0033 13       		.uleb128 0x13
 959 0034 00       		.byte	0
 960 0035 00       		.byte	0
 961 0036 05       		.uleb128 0x5
 962 0037 0F       		.uleb128 0xf
 963 0038 00       		.byte	0
 964 0039 0B       		.uleb128 0xb
 965 003a 0B       		.uleb128 0xb
 966 003b 49       		.uleb128 0x49
 967 003c 13       		.uleb128 0x13
 968 003d 00       		.byte	0
 969 003e 00       		.byte	0
 970 003f 06       		.uleb128 0x6
 971 0040 15       		.uleb128 0x15
 972 0041 00       		.byte	0
 973 0042 27       		.uleb128 0x27
 974 0043 19       		.uleb128 0x19
 975 0044 00       		.byte	0
 976 0045 00       		.byte	0
 977 0046 07       		.uleb128 0x7
 978 0047 16       		.uleb128 0x16
 979 0048 00       		.byte	0
 980 0049 03       		.uleb128 0x3
 981 004a 0E       		.uleb128 0xe
 982 004b 3A       		.uleb128 0x3a
 983 004c 0B       		.uleb128 0xb
 984 004d 3B       		.uleb128 0x3b
 985 004e 05       		.uleb128 0x5
 986 004f 49       		.uleb128 0x49
 987 0050 13       		.uleb128 0x13
 988 0051 00       		.byte	0
 989 0052 00       		.byte	0
 990 0053 08       		.uleb128 0x8
 991 0054 35       		.uleb128 0x35
 992 0055 00       		.byte	0
 993 0056 49       		.uleb128 0x49
 994 0057 13       		.uleb128 0x13
 995 0058 00       		.byte	0
 996 0059 00       		.byte	0
 997 005a 09       		.uleb128 0x9
 998 005b 2E       		.uleb128 0x2e
 999 005c 00       		.byte	0
 1000 005d 3F       		.uleb128 0x3f
 1001 005e 19       		.uleb128 0x19
 1002 005f 03       		.uleb128 0x3
 1003 0060 0E       		.uleb128 0xe
 1004 0061 3A       		.uleb128 0x3a
 1005 0062 0B       		.uleb128 0xb
 1006 0063 3B       		.uleb128 0x3b
 1007 0064 0B       		.uleb128 0xb
 1008 0065 27       		.uleb128 0x27
 1009 0066 19       		.uleb128 0x19
ARM GAS  C:\Users\patel\AppData\Local\Temp\ccvHQzz3.s 			page 26


 1010 0067 11       		.uleb128 0x11
 1011 0068 01       		.uleb128 0x1
 1012 0069 12       		.uleb128 0x12
 1013 006a 06       		.uleb128 0x6
 1014 006b 40       		.uleb128 0x40
 1015 006c 18       		.uleb128 0x18
 1016 006d 9642     		.uleb128 0x2116
 1017 006f 19       		.uleb128 0x19
 1018 0070 00       		.byte	0
 1019 0071 00       		.byte	0
 1020 0072 0A       		.uleb128 0xa
 1021 0073 2E       		.uleb128 0x2e
 1022 0074 01       		.byte	0x1
 1023 0075 3F       		.uleb128 0x3f
 1024 0076 19       		.uleb128 0x19
 1025 0077 03       		.uleb128 0x3
 1026 0078 0E       		.uleb128 0xe
 1027 0079 3A       		.uleb128 0x3a
 1028 007a 0B       		.uleb128 0xb
 1029 007b 3B       		.uleb128 0x3b
 1030 007c 0B       		.uleb128 0xb
 1031 007d 27       		.uleb128 0x27
 1032 007e 19       		.uleb128 0x19
 1033 007f 11       		.uleb128 0x11
 1034 0080 01       		.uleb128 0x1
 1035 0081 12       		.uleb128 0x12
 1036 0082 06       		.uleb128 0x6
 1037 0083 40       		.uleb128 0x40
 1038 0084 18       		.uleb128 0x18
 1039 0085 9642     		.uleb128 0x2116
 1040 0087 19       		.uleb128 0x19
 1041 0088 01       		.uleb128 0x1
 1042 0089 13       		.uleb128 0x13
 1043 008a 00       		.byte	0
 1044 008b 00       		.byte	0
 1045 008c 0B       		.uleb128 0xb
 1046 008d 05       		.uleb128 0x5
 1047 008e 00       		.byte	0
 1048 008f 03       		.uleb128 0x3
 1049 0090 0E       		.uleb128 0xe
 1050 0091 3A       		.uleb128 0x3a
 1051 0092 0B       		.uleb128 0xb
 1052 0093 3B       		.uleb128 0x3b
 1053 0094 0B       		.uleb128 0xb
 1054 0095 49       		.uleb128 0x49
 1055 0096 13       		.uleb128 0x13
 1056 0097 02       		.uleb128 0x2
 1057 0098 18       		.uleb128 0x18
 1058 0099 00       		.byte	0
 1059 009a 00       		.byte	0
 1060 009b 0C       		.uleb128 0xc
 1061 009c 2E       		.uleb128 0x2e
 1062 009d 01       		.byte	0x1
 1063 009e 3F       		.uleb128 0x3f
 1064 009f 19       		.uleb128 0x19
 1065 00a0 03       		.uleb128 0x3
 1066 00a1 0E       		.uleb128 0xe
ARM GAS  C:\Users\patel\AppData\Local\Temp\ccvHQzz3.s 			page 27


 1067 00a2 3A       		.uleb128 0x3a
 1068 00a3 0B       		.uleb128 0xb
 1069 00a4 3B       		.uleb128 0x3b
 1070 00a5 0B       		.uleb128 0xb
 1071 00a6 27       		.uleb128 0x27
 1072 00a7 19       		.uleb128 0x19
 1073 00a8 11       		.uleb128 0x11
 1074 00a9 01       		.uleb128 0x1
 1075 00aa 12       		.uleb128 0x12
 1076 00ab 06       		.uleb128 0x6
 1077 00ac 40       		.uleb128 0x40
 1078 00ad 18       		.uleb128 0x18
 1079 00ae 9742     		.uleb128 0x2117
 1080 00b0 19       		.uleb128 0x19
 1081 00b1 01       		.uleb128 0x1
 1082 00b2 13       		.uleb128 0x13
 1083 00b3 00       		.byte	0
 1084 00b4 00       		.byte	0
 1085 00b5 0D       		.uleb128 0xd
 1086 00b6 34       		.uleb128 0x34
 1087 00b7 00       		.byte	0
 1088 00b8 03       		.uleb128 0x3
 1089 00b9 0E       		.uleb128 0xe
 1090 00ba 3A       		.uleb128 0x3a
 1091 00bb 0B       		.uleb128 0xb
 1092 00bc 3B       		.uleb128 0x3b
 1093 00bd 0B       		.uleb128 0xb
 1094 00be 49       		.uleb128 0x49
 1095 00bf 13       		.uleb128 0x13
 1096 00c0 02       		.uleb128 0x2
 1097 00c1 18       		.uleb128 0x18
 1098 00c2 00       		.byte	0
 1099 00c3 00       		.byte	0
 1100 00c4 0E       		.uleb128 0xe
 1101 00c5 2E       		.uleb128 0x2e
 1102 00c6 01       		.byte	0x1
 1103 00c7 3F       		.uleb128 0x3f
 1104 00c8 19       		.uleb128 0x19
 1105 00c9 03       		.uleb128 0x3
 1106 00ca 0E       		.uleb128 0xe
 1107 00cb 3A       		.uleb128 0x3a
 1108 00cc 0B       		.uleb128 0xb
 1109 00cd 3B       		.uleb128 0x3b
 1110 00ce 0B       		.uleb128 0xb
 1111 00cf 27       		.uleb128 0x27
 1112 00d0 19       		.uleb128 0x19
 1113 00d1 49       		.uleb128 0x49
 1114 00d2 13       		.uleb128 0x13
 1115 00d3 11       		.uleb128 0x11
 1116 00d4 01       		.uleb128 0x1
 1117 00d5 12       		.uleb128 0x12
 1118 00d6 06       		.uleb128 0x6
 1119 00d7 40       		.uleb128 0x40
 1120 00d8 18       		.uleb128 0x18
 1121 00d9 9742     		.uleb128 0x2117
 1122 00db 19       		.uleb128 0x19
 1123 00dc 01       		.uleb128 0x1
ARM GAS  C:\Users\patel\AppData\Local\Temp\ccvHQzz3.s 			page 28


 1124 00dd 13       		.uleb128 0x13
 1125 00de 00       		.byte	0
 1126 00df 00       		.byte	0
 1127 00e0 0F       		.uleb128 0xf
 1128 00e1 2E       		.uleb128 0x2e
 1129 00e2 01       		.byte	0x1
 1130 00e3 3F       		.uleb128 0x3f
 1131 00e4 19       		.uleb128 0x19
 1132 00e5 03       		.uleb128 0x3
 1133 00e6 0E       		.uleb128 0xe
 1134 00e7 3A       		.uleb128 0x3a
 1135 00e8 0B       		.uleb128 0xb
 1136 00e9 3B       		.uleb128 0x3b
 1137 00ea 05       		.uleb128 0x5
 1138 00eb 27       		.uleb128 0x27
 1139 00ec 19       		.uleb128 0x19
 1140 00ed 11       		.uleb128 0x11
 1141 00ee 01       		.uleb128 0x1
 1142 00ef 12       		.uleb128 0x12
 1143 00f0 06       		.uleb128 0x6
 1144 00f1 40       		.uleb128 0x40
 1145 00f2 18       		.uleb128 0x18
 1146 00f3 9742     		.uleb128 0x2117
 1147 00f5 19       		.uleb128 0x19
 1148 00f6 01       		.uleb128 0x1
 1149 00f7 13       		.uleb128 0x13
 1150 00f8 00       		.byte	0
 1151 00f9 00       		.byte	0
 1152 00fa 10       		.uleb128 0x10
 1153 00fb 05       		.uleb128 0x5
 1154 00fc 00       		.byte	0
 1155 00fd 03       		.uleb128 0x3
 1156 00fe 0E       		.uleb128 0xe
 1157 00ff 3A       		.uleb128 0x3a
 1158 0100 0B       		.uleb128 0xb
 1159 0101 3B       		.uleb128 0x3b
 1160 0102 05       		.uleb128 0x5
 1161 0103 49       		.uleb128 0x49
 1162 0104 13       		.uleb128 0x13
 1163 0105 02       		.uleb128 0x2
 1164 0106 18       		.uleb128 0x18
 1165 0107 00       		.byte	0
 1166 0108 00       		.byte	0
 1167 0109 11       		.uleb128 0x11
 1168 010a 2E       		.uleb128 0x2e
 1169 010b 01       		.byte	0x1
 1170 010c 3F       		.uleb128 0x3f
 1171 010d 19       		.uleb128 0x19
 1172 010e 03       		.uleb128 0x3
 1173 010f 0E       		.uleb128 0xe
 1174 0110 3A       		.uleb128 0x3a
 1175 0111 0B       		.uleb128 0xb
 1176 0112 3B       		.uleb128 0x3b
 1177 0113 05       		.uleb128 0x5
 1178 0114 27       		.uleb128 0x27
 1179 0115 19       		.uleb128 0x19
 1180 0116 49       		.uleb128 0x49
ARM GAS  C:\Users\patel\AppData\Local\Temp\ccvHQzz3.s 			page 29


 1181 0117 13       		.uleb128 0x13
 1182 0118 11       		.uleb128 0x11
 1183 0119 01       		.uleb128 0x1
 1184 011a 12       		.uleb128 0x12
 1185 011b 06       		.uleb128 0x6
 1186 011c 40       		.uleb128 0x40
 1187 011d 18       		.uleb128 0x18
 1188 011e 9742     		.uleb128 0x2117
 1189 0120 19       		.uleb128 0x19
 1190 0121 01       		.uleb128 0x1
 1191 0122 13       		.uleb128 0x13
 1192 0123 00       		.byte	0
 1193 0124 00       		.byte	0
 1194 0125 12       		.uleb128 0x12
 1195 0126 34       		.uleb128 0x34
 1196 0127 00       		.byte	0
 1197 0128 03       		.uleb128 0x3
 1198 0129 0E       		.uleb128 0xe
 1199 012a 3A       		.uleb128 0x3a
 1200 012b 0B       		.uleb128 0xb
 1201 012c 3B       		.uleb128 0x3b
 1202 012d 05       		.uleb128 0x5
 1203 012e 49       		.uleb128 0x49
 1204 012f 13       		.uleb128 0x13
 1205 0130 02       		.uleb128 0x2
 1206 0131 18       		.uleb128 0x18
 1207 0132 00       		.byte	0
 1208 0133 00       		.byte	0
 1209 0134 13       		.uleb128 0x13
 1210 0135 2E       		.uleb128 0x2e
 1211 0136 00       		.byte	0
 1212 0137 3F       		.uleb128 0x3f
 1213 0138 19       		.uleb128 0x19
 1214 0139 03       		.uleb128 0x3
 1215 013a 0E       		.uleb128 0xe
 1216 013b 3A       		.uleb128 0x3a
 1217 013c 0B       		.uleb128 0xb
 1218 013d 3B       		.uleb128 0x3b
 1219 013e 05       		.uleb128 0x5
 1220 013f 27       		.uleb128 0x27
 1221 0140 19       		.uleb128 0x19
 1222 0141 11       		.uleb128 0x11
 1223 0142 01       		.uleb128 0x1
 1224 0143 12       		.uleb128 0x12
 1225 0144 06       		.uleb128 0x6
 1226 0145 40       		.uleb128 0x40
 1227 0146 18       		.uleb128 0x18
 1228 0147 9742     		.uleb128 0x2117
 1229 0149 19       		.uleb128 0x19
 1230 014a 00       		.byte	0
 1231 014b 00       		.byte	0
 1232 014c 14       		.uleb128 0x14
 1233 014d 2E       		.uleb128 0x2e
 1234 014e 00       		.byte	0
 1235 014f 3F       		.uleb128 0x3f
 1236 0150 19       		.uleb128 0x19
 1237 0151 03       		.uleb128 0x3
ARM GAS  C:\Users\patel\AppData\Local\Temp\ccvHQzz3.s 			page 30


 1238 0152 0E       		.uleb128 0xe
 1239 0153 3A       		.uleb128 0x3a
 1240 0154 0B       		.uleb128 0xb
 1241 0155 3B       		.uleb128 0x3b
 1242 0156 05       		.uleb128 0x5
 1243 0157 27       		.uleb128 0x27
 1244 0158 19       		.uleb128 0x19
 1245 0159 49       		.uleb128 0x49
 1246 015a 13       		.uleb128 0x13
 1247 015b 11       		.uleb128 0x11
 1248 015c 01       		.uleb128 0x1
 1249 015d 12       		.uleb128 0x12
 1250 015e 06       		.uleb128 0x6
 1251 015f 40       		.uleb128 0x40
 1252 0160 18       		.uleb128 0x18
 1253 0161 9742     		.uleb128 0x2117
 1254 0163 19       		.uleb128 0x19
 1255 0164 00       		.byte	0
 1256 0165 00       		.byte	0
 1257 0166 15       		.uleb128 0x15
 1258 0167 34       		.uleb128 0x34
 1259 0168 00       		.byte	0
 1260 0169 03       		.uleb128 0x3
 1261 016a 0E       		.uleb128 0xe
 1262 016b 3A       		.uleb128 0x3a
 1263 016c 0B       		.uleb128 0xb
 1264 016d 3B       		.uleb128 0x3b
 1265 016e 05       		.uleb128 0x5
 1266 016f 49       		.uleb128 0x49
 1267 0170 13       		.uleb128 0x13
 1268 0171 3F       		.uleb128 0x3f
 1269 0172 19       		.uleb128 0x19
 1270 0173 3C       		.uleb128 0x3c
 1271 0174 19       		.uleb128 0x19
 1272 0175 00       		.byte	0
 1273 0176 00       		.byte	0
 1274 0177 16       		.uleb128 0x16
 1275 0178 01       		.uleb128 0x1
 1276 0179 01       		.byte	0x1
 1277 017a 49       		.uleb128 0x49
 1278 017b 13       		.uleb128 0x13
 1279 017c 01       		.uleb128 0x1
 1280 017d 13       		.uleb128 0x13
 1281 017e 00       		.byte	0
 1282 017f 00       		.byte	0
 1283 0180 17       		.uleb128 0x17
 1284 0181 21       		.uleb128 0x21
 1285 0182 00       		.byte	0
 1286 0183 49       		.uleb128 0x49
 1287 0184 13       		.uleb128 0x13
 1288 0185 2F       		.uleb128 0x2f
 1289 0186 0B       		.uleb128 0xb
 1290 0187 00       		.byte	0
 1291 0188 00       		.byte	0
 1292 0189 18       		.uleb128 0x18
 1293 018a 34       		.uleb128 0x34
 1294 018b 00       		.byte	0
ARM GAS  C:\Users\patel\AppData\Local\Temp\ccvHQzz3.s 			page 31


 1295 018c 03       		.uleb128 0x3
 1296 018d 0E       		.uleb128 0xe
 1297 018e 3A       		.uleb128 0x3a
 1298 018f 0B       		.uleb128 0xb
 1299 0190 3B       		.uleb128 0x3b
 1300 0191 0B       		.uleb128 0xb
 1301 0192 49       		.uleb128 0x49
 1302 0193 13       		.uleb128 0x13
 1303 0194 3F       		.uleb128 0x3f
 1304 0195 19       		.uleb128 0x19
 1305 0196 3C       		.uleb128 0x3c
 1306 0197 19       		.uleb128 0x19
 1307 0198 00       		.byte	0
 1308 0199 00       		.byte	0
 1309 019a 00       		.byte	0
 1310              		.section	.debug_aranges,"",%progbits
 1311 0000 7C000000 		.4byte	0x7c
 1312 0004 0200     		.2byte	0x2
 1313 0006 00000000 		.4byte	.Ldebug_info0
 1314 000a 04       		.byte	0x4
 1315 000b 00       		.byte	0
 1316 000c 0000     		.2byte	0
 1317 000e 0000     		.2byte	0
 1318 0010 00000000 		.4byte	.LFB63
 1319 0014 20000000 		.4byte	.LFE63-.LFB63
 1320 0018 00000000 		.4byte	.LFB64
 1321 001c 22000000 		.4byte	.LFE64-.LFB64
 1322 0020 00000000 		.4byte	.LFB65
 1323 0024 14000000 		.4byte	.LFE65-.LFB65
 1324 0028 00000000 		.4byte	.LFB66
 1325 002c 78000000 		.4byte	.LFE66-.LFB66
 1326 0030 00000000 		.4byte	.LFB67
 1327 0034 24000000 		.4byte	.LFE67-.LFB67
 1328 0038 00000000 		.4byte	.LFB68
 1329 003c 20000000 		.4byte	.LFE68-.LFB68
 1330 0040 00000000 		.4byte	.LFB69
 1331 0044 24000000 		.4byte	.LFE69-.LFB69
 1332 0048 00000000 		.4byte	.LFB70
 1333 004c 24000000 		.4byte	.LFE70-.LFB70
 1334 0050 00000000 		.4byte	.LFB71
 1335 0054 18000000 		.4byte	.LFE71-.LFB71
 1336 0058 00000000 		.4byte	.LFB72
 1337 005c 24000000 		.4byte	.LFE72-.LFB72
 1338 0060 00000000 		.4byte	.LFB73
 1339 0064 18000000 		.4byte	.LFE73-.LFB73
 1340 0068 00000000 		.4byte	.LFB74
 1341 006c 18000000 		.4byte	.LFE74-.LFB74
 1342 0070 00000000 		.4byte	.LFB75
 1343 0074 18000000 		.4byte	.LFE75-.LFB75
 1344 0078 00000000 		.4byte	0
 1345 007c 00000000 		.4byte	0
 1346              		.section	.debug_ranges,"",%progbits
 1347              	.Ldebug_ranges0:
 1348 0000 00000000 		.4byte	.LFB63
 1349 0004 20000000 		.4byte	.LFE63
 1350 0008 00000000 		.4byte	.LFB64
 1351 000c 22000000 		.4byte	.LFE64
ARM GAS  C:\Users\patel\AppData\Local\Temp\ccvHQzz3.s 			page 32


 1352 0010 00000000 		.4byte	.LFB65
 1353 0014 14000000 		.4byte	.LFE65
 1354 0018 00000000 		.4byte	.LFB66
 1355 001c 78000000 		.4byte	.LFE66
 1356 0020 00000000 		.4byte	.LFB67
 1357 0024 24000000 		.4byte	.LFE67
 1358 0028 00000000 		.4byte	.LFB68
 1359 002c 20000000 		.4byte	.LFE68
 1360 0030 00000000 		.4byte	.LFB69
 1361 0034 24000000 		.4byte	.LFE69
 1362 0038 00000000 		.4byte	.LFB70
 1363 003c 24000000 		.4byte	.LFE70
 1364 0040 00000000 		.4byte	.LFB71
 1365 0044 18000000 		.4byte	.LFE71
 1366 0048 00000000 		.4byte	.LFB72
 1367 004c 24000000 		.4byte	.LFE72
 1368 0050 00000000 		.4byte	.LFB73
 1369 0054 18000000 		.4byte	.LFE73
 1370 0058 00000000 		.4byte	.LFB74
 1371 005c 18000000 		.4byte	.LFE74
 1372 0060 00000000 		.4byte	.LFB75
 1373 0064 18000000 		.4byte	.LFE75
 1374 0068 00000000 		.4byte	0
 1375 006c 00000000 		.4byte	0
 1376              		.section	.debug_line,"",%progbits
 1377              	.Ldebug_line0:
 1378 0000 74020000 		.section	.debug_str,"MS",%progbits,1
 1378      02006301 
 1378      00000201 
 1378      FB0E0D00 
 1378      01010101 
 1379              	.LASF19:
 1380 0000 72656733 		.ascii	"reg32\000"
 1380      3200
 1381              	.LASF38:
 1382 0006 64617461 		.ascii	"dataready_flag\000"
 1382      72656164 
 1382      795F666C 
 1382      616700
 1383              	.LASF31:
 1384 0015 6973725F 		.ascii	"isr_eoc_GetPriority\000"
 1384      656F635F 
 1384      47657450 
 1384      72696F72 
 1384      69747900 
 1385              	.LASF11:
 1386 0029 5F5F696E 		.ascii	"__int32_t\000"
 1386      7433325F 
 1386      7400
 1387              	.LASF39:
 1388 0033 474E5520 		.ascii	"GNU C 4.9.3 20150303 (release) [ARM/embedded-4_9-br"
 1388      4320342E 
 1388      392E3320 
 1388      32303135 
 1388      30333033 
 1389 0066 616E6368 		.ascii	"anch revision 221220] -mcpu=cortex-m3 -mthumb -g -O"
 1389      20726576 
ARM GAS  C:\Users\patel\AppData\Local\Temp\ccvHQzz3.s 			page 33


 1389      6973696F 
 1389      6E203232 
 1389      31323230 
 1390 0099 30202D66 		.ascii	"0 -ffunction-sections -ffat-lto-objects\000"
 1390      66756E63 
 1390      74696F6E 
 1390      2D736563 
 1390      74696F6E 
 1391              	.LASF41:
 1392 00c1 433A5C55 		.ascii	"C:\\Users\\patel\\Downloads\\V6 - 21 Sep\\V5 - 20 S"
 1392      73657273 
 1392      5C706174 
 1392      656C5C44 
 1392      6F776E6C 
 1393 00ef 65705C56 		.ascii	"ep\\V4 - 17 Sep\\CS301_Class.cydsn\000"
 1393      34202D20 
 1393      31372053 
 1393      65705C43 
 1393      53333031 
 1394              	.LASF32:
 1395 0110 6973725F 		.ascii	"isr_eoc_Enable\000"
 1395      656F635F 
 1395      456E6162 
 1395      6C6500
 1396              	.LASF30:
 1397 011f 6973725F 		.ascii	"isr_eoc_GetVector\000"
 1397      656F635F 
 1397      47657456 
 1397      6563746F 
 1397      7200
 1398              	.LASF23:
 1399 0131 6973725F 		.ascii	"isr_eoc_Interrupt\000"
 1399      656F635F 
 1399      496E7465 
 1399      72727570 
 1399      7400
 1400              	.LASF16:
 1401 0143 666C6F61 		.ascii	"float\000"
 1401      7400
 1402              	.LASF2:
 1403 0149 756E7369 		.ascii	"unsigned char\000"
 1403      676E6564 
 1403      20636861 
 1403      7200
 1404              	.LASF24:
 1405 0157 6973725F 		.ascii	"isr_eoc_StartEx\000"
 1405      656F635F 
 1405      53746172 
 1405      74457800 
 1406              	.LASF18:
 1407 0167 72656738 		.ascii	"reg8\000"
 1407      00
 1408              	.LASF28:
 1409 016c 6973725F 		.ascii	"isr_eoc_SetPriority\000"
 1409      656F635F 
 1409      53657450 
 1409      72696F72 
ARM GAS  C:\Users\patel\AppData\Local\Temp\ccvHQzz3.s 			page 34


 1409      69747900 
 1410              	.LASF6:
 1411 0180 6C6F6E67 		.ascii	"long unsigned int\000"
 1411      20756E73 
 1411      69676E65 
 1411      6420696E 
 1411      7400
 1412              	.LASF4:
 1413 0192 73686F72 		.ascii	"short unsigned int\000"
 1413      7420756E 
 1413      7369676E 
 1413      65642069 
 1413      6E7400
 1414              	.LASF36:
 1415 01a5 49544D5F 		.ascii	"ITM_RxBuffer\000"
 1415      52784275 
 1415      66666572 
 1415      00
 1416              	.LASF17:
 1417 01b2 646F7562 		.ascii	"double\000"
 1417      6C6500
 1418              	.LASF33:
 1419 01b9 6973725F 		.ascii	"isr_eoc_Disable\000"
 1419      656F635F 
 1419      44697361 
 1419      626C6500 
 1420              	.LASF29:
 1421 01c9 7072696F 		.ascii	"priority\000"
 1421      72697479 
 1421      00
 1422              	.LASF14:
 1423 01d2 75696E74 		.ascii	"uint16\000"
 1423      313600
 1424              	.LASF15:
 1425 01d9 75696E74 		.ascii	"uint32\000"
 1425      333200
 1426              	.LASF0:
 1427 01e0 756E7369 		.ascii	"unsigned int\000"
 1427      676E6564 
 1427      20696E74 
 1427      00
 1428              	.LASF26:
 1429 01ed 61646472 		.ascii	"address\000"
 1429      65737300 
 1430              	.LASF8:
 1431 01f5 6C6F6E67 		.ascii	"long long unsigned int\000"
 1431      206C6F6E 
 1431      6720756E 
 1431      7369676E 
 1431      65642069 
 1432              	.LASF20:
 1433 020c 63796973 		.ascii	"cyisraddress\000"
 1433      72616464 
 1433      72657373 
 1433      00
 1434              	.LASF22:
 1435 0219 6973725F 		.ascii	"isr_eoc_Stop\000"
ARM GAS  C:\Users\patel\AppData\Local\Temp\ccvHQzz3.s 			page 35


 1435      656F635F 
 1435      53746F70 
 1435      00
 1436              	.LASF12:
 1437 0226 696E7433 		.ascii	"int32_t\000"
 1437      325F7400 
 1438              	.LASF9:
 1439 022e 73697A65 		.ascii	"sizetype\000"
 1439      74797065 
 1439      00
 1440              	.LASF7:
 1441 0237 6C6F6E67 		.ascii	"long long int\000"
 1441      206C6F6E 
 1441      6720696E 
 1441      7400
 1442              	.LASF10:
 1443 0245 63686172 		.ascii	"char\000"
 1443      00
 1444              	.LASF40:
 1445 024a 2E5C4765 		.ascii	".\\Generated_Source\\PSoC5\\isr_eoc.c\000"
 1445      6E657261 
 1445      7465645F 
 1445      536F7572 
 1445      63655C50 
 1446              	.LASF35:
 1447 026d 6973725F 		.ascii	"isr_eoc_ClearPending\000"
 1447      656F635F 
 1447      436C6561 
 1447      7250656E 
 1447      64696E67 
 1448              	.LASF3:
 1449 0282 73686F72 		.ascii	"short int\000"
 1449      7420696E 
 1449      7400
 1450              	.LASF13:
 1451 028c 75696E74 		.ascii	"uint8\000"
 1451      3800
 1452              	.LASF27:
 1453 0292 72616D56 		.ascii	"ramVectorTable\000"
 1453      6563746F 
 1453      72546162 
 1453      6C6500
 1454              	.LASF25:
 1455 02a1 6973725F 		.ascii	"isr_eoc_SetVector\000"
 1455      656F635F 
 1455      53657456 
 1455      6563746F 
 1455      7200
 1456              	.LASF5:
 1457 02b3 6C6F6E67 		.ascii	"long int\000"
 1457      20696E74 
 1457      00
 1458              	.LASF42:
 1459 02bc 6973725F 		.ascii	"isr_eoc_GetState\000"
 1459      656F635F 
 1459      47657453 
 1459      74617465 
ARM GAS  C:\Users\patel\AppData\Local\Temp\ccvHQzz3.s 			page 36


 1459      00
 1460              	.LASF1:
 1461 02cd 7369676E 		.ascii	"signed char\000"
 1461      65642063 
 1461      68617200 
 1462              	.LASF34:
 1463 02d9 6973725F 		.ascii	"isr_eoc_SetPending\000"
 1463      656F635F 
 1463      53657450 
 1463      656E6469 
 1463      6E6700
 1464              	.LASF21:
 1465 02ec 6973725F 		.ascii	"isr_eoc_Start\000"
 1465      656F635F 
 1465      53746172 
 1465      7400
 1466              	.LASF37:
 1467 02fa 61646376 		.ascii	"adcvalue\000"
 1467      616C7565 
 1467      00
 1468              		.ident	"GCC: (GNU Tools for ARM Embedded Processors) 4.9.3 20150303 (release) [ARM/embedded-4_9-br
