ARM GAS  C:\Users\patel\AppData\Local\Temp\cc1vZBKE.s 			page 1


   1              		.syntax unified
   2              		.cpu cortex-m3
   3              		.fpu softvfp
   4              		.eabi_attribute 20, 1
   5              		.eabi_attribute 21, 1
   6              		.eabi_attribute 23, 3
   7              		.eabi_attribute 24, 1
   8              		.eabi_attribute 25, 1
   9              		.eabi_attribute 26, 1
  10              		.eabi_attribute 30, 6
  11              		.eabi_attribute 34, 1
  12              		.eabi_attribute 18, 4
  13              		.thumb
  14              		.file	"tacho.c"
  15              		.text
  16              	.Ltext0:
  17              		.cfi_sections	.debug_frame
  18              		.section	.text.get_position,"ax",%progbits
  19              		.align	2
  20              		.global	get_position
  21              		.thumb
  22              		.thumb_func
  23              		.type	get_position, %function
  24              	get_position:
  25              	.LFB63:
  26              		.file 1 ".\\tacho.c"
   1:.\tacho.c     **** /* ========================================
   2:.\tacho.c     ****  *
   3:.\tacho.c     ****  * Copyright YOUR COMPANY, THE YEAR
   4:.\tacho.c     ****  * All Rights Reserved
   5:.\tacho.c     ****  * UNPUBLISHED, LICENSED SOFTWARE.
   6:.\tacho.c     ****  *
   7:.\tacho.c     ****  * CONFIDENTIAL AND PROPRIETARY INFORMATION
   8:.\tacho.c     ****  * WHICH IS THE PROPERTY OF your company.
   9:.\tacho.c     ****  *
  10:.\tacho.c     ****  * ========================================
  11:.\tacho.c     **** */
  12:.\tacho.c     **** 
  13:.\tacho.c     **** #include <project.h>
  14:.\tacho.c     **** #include "defines.h"
  15:.\tacho.c     **** 
  16:.\tacho.c     **** extern int16 speedL, speedR;
  17:.\tacho.c     **** extern int16 posL, posR;
  18:.\tacho.c     **** 
  19:.\tacho.c     **** 
  20:.\tacho.c     **** void get_position(void);
  21:.\tacho.c     **** void get_speed(void);
  22:.\tacho.c     **** 
  23:.\tacho.c     **** //------------------------------------------------------
  24:.\tacho.c     **** void get_position()
  25:.\tacho.c     **** {
  27              		.loc 1 25 0
  28              		.cfi_startproc
  29              		@ args = 0, pretend = 0, frame = 8
  30              		@ frame_needed = 1, uses_anonymous_args = 0
  31 0000 80B5     		push	{r7, lr}
  32              		.cfi_def_cfa_offset 8
ARM GAS  C:\Users\patel\AppData\Local\Temp\cc1vZBKE.s 			page 2


  33              		.cfi_offset 7, -8
  34              		.cfi_offset 14, -4
  35 0002 82B0     		sub	sp, sp, #8
  36              		.cfi_def_cfa_offset 16
  37 0004 00AF     		add	r7, sp, #0
  38              		.cfi_def_cfa_register 7
  26:.\tacho.c     ****     int pl, pr;
  27:.\tacho.c     **** 
  28:.\tacho.c     ****     pl = QuadDec_M1_GetCounter();
  39              		.loc 1 28 0
  40 0006 FFF7FEFF 		bl	QuadDec_M1_GetCounter
  41 000a 7860     		str	r0, [r7, #4]
  29:.\tacho.c     ****     pr = QuadDec_M2_GetCounter();
  42              		.loc 1 29 0
  43 000c FFF7FEFF 		bl	QuadDec_M2_GetCounter
  44 0010 3860     		str	r0, [r7]
  30:.\tacho.c     **** 
  31:.\tacho.c     ****     posL = pl;
  45              		.loc 1 31 0
  46 0012 7B68     		ldr	r3, [r7, #4]
  47 0014 9AB2     		uxth	r2, r3
  48 0016 044B     		ldr	r3, .L2
  49 0018 1A80     		strh	r2, [r3]	@ movhi
  32:.\tacho.c     ****     posR = pr;
  50              		.loc 1 32 0
  51 001a 3B68     		ldr	r3, [r7]
  52 001c 9AB2     		uxth	r2, r3
  53 001e 034B     		ldr	r3, .L2+4
  54 0020 1A80     		strh	r2, [r3]	@ movhi
  33:.\tacho.c     **** }
  55              		.loc 1 33 0
  56 0022 0837     		adds	r7, r7, #8
  57              		.cfi_def_cfa_offset 8
  58 0024 BD46     		mov	sp, r7
  59              		.cfi_def_cfa_register 13
  60              		@ sp needed
  61 0026 80BD     		pop	{r7, pc}
  62              	.L3:
  63              		.align	2
  64              	.L2:
  65 0028 00000000 		.word	posL
  66 002c 00000000 		.word	posR
  67              		.cfi_endproc
  68              	.LFE63:
  69              		.size	get_position, .-get_position
  70              		.section	.text.get_speed,"ax",%progbits
  71              		.align	2
  72              		.global	get_speed
  73              		.thumb
  74              		.thumb_func
  75              		.type	get_speed, %function
  76              	get_speed:
  77              	.LFB64:
  34:.\tacho.c     **** //------------------------------------------------------
  35:.\tacho.c     **** void get_speed()
  36:.\tacho.c     **** {
  78              		.loc 1 36 0
ARM GAS  C:\Users\patel\AppData\Local\Temp\cc1vZBKE.s 			page 3


  79              		.cfi_startproc
  80              		@ args = 0, pretend = 0, frame = 8
  81              		@ frame_needed = 1, uses_anonymous_args = 0
  82 0000 80B5     		push	{r7, lr}
  83              		.cfi_def_cfa_offset 8
  84              		.cfi_offset 7, -8
  85              		.cfi_offset 14, -4
  86 0002 82B0     		sub	sp, sp, #8
  87              		.cfi_def_cfa_offset 16
  88 0004 00AF     		add	r7, sp, #0
  89              		.cfi_def_cfa_register 7
  37:.\tacho.c     ****     int16 pl, pr;
  38:.\tacho.c     ****     
  39:.\tacho.c     ****     // get current position.
  40:.\tacho.c     ****     pl = QuadDec_M1_GetCounter();
  90              		.loc 1 40 0
  91 0006 FFF7FEFF 		bl	QuadDec_M1_GetCounter
  92 000a 0346     		mov	r3, r0
  93 000c FB80     		strh	r3, [r7, #6]	@ movhi
  41:.\tacho.c     ****     pr = QuadDec_M2_GetCounter();
  94              		.loc 1 41 0
  95 000e FFF7FEFF 		bl	QuadDec_M2_GetCounter
  96 0012 0346     		mov	r3, r0
  97 0014 BB80     		strh	r3, [r7, #4]	@ movhi
  42:.\tacho.c     ****     
  43:.\tacho.c     ****     speedL = pl - posL;
  98              		.loc 1 43 0
  99 0016 FA88     		ldrh	r2, [r7, #6]
 100 0018 0C4B     		ldr	r3, .L5
 101 001a 1B88     		ldrh	r3, [r3]
 102 001c 9BB2     		uxth	r3, r3
 103 001e D31A     		subs	r3, r2, r3
 104 0020 9BB2     		uxth	r3, r3
 105 0022 9AB2     		uxth	r2, r3
 106 0024 0A4B     		ldr	r3, .L5+4
 107 0026 1A80     		strh	r2, [r3]	@ movhi
  44:.\tacho.c     ****     speedR = pr - posR;
 108              		.loc 1 44 0
 109 0028 BA88     		ldrh	r2, [r7, #4]
 110 002a 0A4B     		ldr	r3, .L5+8
 111 002c 1B88     		ldrh	r3, [r3]
 112 002e 9BB2     		uxth	r3, r3
 113 0030 D31A     		subs	r3, r2, r3
 114 0032 9BB2     		uxth	r3, r3
 115 0034 9AB2     		uxth	r2, r3
 116 0036 084B     		ldr	r3, .L5+12
 117 0038 1A80     		strh	r2, [r3]	@ movhi
  45:.\tacho.c     ****     posL = pl;
 118              		.loc 1 45 0
 119 003a 044A     		ldr	r2, .L5
 120 003c FB88     		ldrh	r3, [r7, #6]	@ movhi
 121 003e 1380     		strh	r3, [r2]	@ movhi
  46:.\tacho.c     ****     posR = pr;
 122              		.loc 1 46 0
 123 0040 044A     		ldr	r2, .L5+8
 124 0042 BB88     		ldrh	r3, [r7, #4]	@ movhi
 125 0044 1380     		strh	r3, [r2]	@ movhi
ARM GAS  C:\Users\patel\AppData\Local\Temp\cc1vZBKE.s 			page 4


  47:.\tacho.c     ****     
  48:.\tacho.c     ****     
  49:.\tacho.c     **** //    // Speed of Motor 1
  50:.\tacho.c     **** //    state = QuadDec_M1_GetEvents();
  51:.\tacho.c     **** //    speed = pl - posL;
  52:.\tacho.c     **** //    if ((state & QuadDec_M1_COUNTER_OVERFLOW) != 0x00)
  53:.\tacho.c     **** //        speed += 32767;
  54:.\tacho.c     **** //    
  55:.\tacho.c     **** //    if ((state & QuadDec_M1_COUNTER_UNDERFLOW) != 0x00)
  56:.\tacho.c     **** //        speed += -32768;
  57:.\tacho.c     **** //    speedL = speed;
  58:.\tacho.c     **** //    posL = pl;
  59:.\tacho.c     **** //    
  60:.\tacho.c     **** //    // Speed of Motor 2
  61:.\tacho.c     **** //    state = QuadDec_M2_GetEvents();
  62:.\tacho.c     **** //    speed = pr - posR;
  63:.\tacho.c     **** //    if ((state & QuadDec_M2_COUNTER_OVERFLOW) != 0x00)
  64:.\tacho.c     **** //        speed += 32767;
  65:.\tacho.c     **** //    
  66:.\tacho.c     **** //    if ((state & QuadDec_M2_COUNTER_UNDERFLOW) != 0x00)
  67:.\tacho.c     **** //        speed += -32768;
  68:.\tacho.c     **** //    speedR = speed;    
  69:.\tacho.c     **** //    posR = pr;
  70:.\tacho.c     **** }
 126              		.loc 1 70 0
 127 0046 0837     		adds	r7, r7, #8
 128              		.cfi_def_cfa_offset 8
 129 0048 BD46     		mov	sp, r7
 130              		.cfi_def_cfa_register 13
 131              		@ sp needed
 132 004a 80BD     		pop	{r7, pc}
 133              	.L6:
 134              		.align	2
 135              	.L5:
 136 004c 00000000 		.word	posL
 137 0050 00000000 		.word	speedL
 138 0054 00000000 		.word	posR
 139 0058 00000000 		.word	speedR
 140              		.cfi_endproc
 141              	.LFE64:
 142              		.size	get_speed, .-get_speed
 143              		.text
 144              	.Letext0:
 145              		.file 2 "c:\\program files (x86)\\cypress\\psoc creator\\3.3\\psoc creator\\import\\gnu\\arm\\4.9.
 146              		.file 3 "c:\\program files (x86)\\cypress\\psoc creator\\3.3\\psoc creator\\import\\gnu\\arm\\4.9.
 147              		.file 4 "Generated_Source\\PSoC5/cytypes.h"
 148              		.file 5 "Generated_Source\\PSoC5/core_cm3.h"
 149              		.section	.debug_info,"",%progbits
 150              	.Ldebug_info0:
 151 0000 43010000 		.4byte	0x143
 152 0004 0400     		.2byte	0x4
 153 0006 00000000 		.4byte	.Ldebug_abbrev0
 154 000a 04       		.byte	0x4
 155 000b 01       		.uleb128 0x1
 156 000c EC000000 		.4byte	.LASF23
 157 0010 01       		.byte	0x1
 158 0011 81010000 		.4byte	.LASF24
ARM GAS  C:\Users\patel\AppData\Local\Temp\cc1vZBKE.s 			page 5


 159 0015 2E000000 		.4byte	.LASF25
 160 0019 00000000 		.4byte	.Ldebug_ranges0+0
 161 001d 00000000 		.4byte	0
 162 0021 00000000 		.4byte	.Ldebug_line0
 163 0025 02       		.uleb128 0x2
 164 0026 01       		.byte	0x1
 165 0027 06       		.byte	0x6
 166 0028 98010000 		.4byte	.LASF0
 167 002c 02       		.uleb128 0x2
 168 002d 01       		.byte	0x1
 169 002e 08       		.byte	0x8
 170 002f D0000000 		.4byte	.LASF1
 171 0033 02       		.uleb128 0x2
 172 0034 02       		.byte	0x2
 173 0035 05       		.byte	0x5
 174 0036 B9010000 		.4byte	.LASF2
 175 003a 02       		.uleb128 0x2
 176 003b 02       		.byte	0x2
 177 003c 07       		.byte	0x7
 178 003d 0E000000 		.4byte	.LASF3
 179 0041 03       		.uleb128 0x3
 180 0042 A4010000 		.4byte	.LASF9
 181 0046 02       		.byte	0x2
 182 0047 3F       		.byte	0x3f
 183 0048 4C000000 		.4byte	0x4c
 184 004c 02       		.uleb128 0x2
 185 004d 04       		.byte	0x4
 186 004e 05       		.byte	0x5
 187 004f E3000000 		.4byte	.LASF4
 188 0053 02       		.uleb128 0x2
 189 0054 04       		.byte	0x4
 190 0055 07       		.byte	0x7
 191 0056 91000000 		.4byte	.LASF5
 192 005a 02       		.uleb128 0x2
 193 005b 08       		.byte	0x8
 194 005c 05       		.byte	0x5
 195 005d 00000000 		.4byte	.LASF6
 196 0061 02       		.uleb128 0x2
 197 0062 08       		.byte	0x8
 198 0063 07       		.byte	0x7
 199 0064 A3000000 		.4byte	.LASF7
 200 0068 04       		.uleb128 0x4
 201 0069 04       		.byte	0x4
 202 006a 05       		.byte	0x5
 203 006b 696E7400 		.ascii	"int\000"
 204 006f 02       		.uleb128 0x2
 205 0070 04       		.byte	0x4
 206 0071 07       		.byte	0x7
 207 0072 21000000 		.4byte	.LASF8
 208 0076 03       		.uleb128 0x3
 209 0077 C9010000 		.4byte	.LASF10
 210 007b 03       		.byte	0x3
 211 007c 2C       		.byte	0x2c
 212 007d 41000000 		.4byte	0x41
 213 0081 05       		.uleb128 0x5
 214 0082 C3010000 		.4byte	.LASF11
 215 0086 04       		.byte	0x4
ARM GAS  C:\Users\patel\AppData\Local\Temp\cc1vZBKE.s 			page 6


 216 0087 9601     		.2byte	0x196
 217 0089 33000000 		.4byte	0x33
 218 008d 02       		.uleb128 0x2
 219 008e 04       		.byte	0x4
 220 008f 04       		.byte	0x4
 221 0090 B3010000 		.4byte	.LASF12
 222 0094 02       		.uleb128 0x2
 223 0095 08       		.byte	0x8
 224 0096 04       		.byte	0x4
 225 0097 7A010000 		.4byte	.LASF13
 226 009b 02       		.uleb128 0x2
 227 009c 01       		.byte	0x1
 228 009d 08       		.byte	0x8
 229 009e DE000000 		.4byte	.LASF14
 230 00a2 02       		.uleb128 0x2
 231 00a3 04       		.byte	0x4
 232 00a4 07       		.byte	0x7
 233 00a5 D1010000 		.4byte	.LASF15
 234 00a9 06       		.uleb128 0x6
 235 00aa 7D000000 		.4byte	.LASF16
 236 00ae 01       		.byte	0x1
 237 00af 18       		.byte	0x18
 238 00b0 00000000 		.4byte	.LFB63
 239 00b4 30000000 		.4byte	.LFE63-.LFB63
 240 00b8 01       		.uleb128 0x1
 241 00b9 9C       		.byte	0x9c
 242 00ba D9000000 		.4byte	0xd9
 243 00be 07       		.uleb128 0x7
 244 00bf 706C00   		.ascii	"pl\000"
 245 00c2 01       		.byte	0x1
 246 00c3 1A       		.byte	0x1a
 247 00c4 68000000 		.4byte	0x68
 248 00c8 02       		.uleb128 0x2
 249 00c9 91       		.byte	0x91
 250 00ca 74       		.sleb128 -12
 251 00cb 07       		.uleb128 0x7
 252 00cc 707200   		.ascii	"pr\000"
 253 00cf 01       		.byte	0x1
 254 00d0 1A       		.byte	0x1a
 255 00d1 68000000 		.4byte	0x68
 256 00d5 02       		.uleb128 0x2
 257 00d6 91       		.byte	0x91
 258 00d7 70       		.sleb128 -16
 259 00d8 00       		.byte	0
 260 00d9 06       		.uleb128 0x6
 261 00da BA000000 		.4byte	.LASF17
 262 00de 01       		.byte	0x1
 263 00df 23       		.byte	0x23
 264 00e0 00000000 		.4byte	.LFB64
 265 00e4 5C000000 		.4byte	.LFE64-.LFB64
 266 00e8 01       		.uleb128 0x1
 267 00e9 9C       		.byte	0x9c
 268 00ea 09010000 		.4byte	0x109
 269 00ee 07       		.uleb128 0x7
 270 00ef 706C00   		.ascii	"pl\000"
 271 00f2 01       		.byte	0x1
 272 00f3 25       		.byte	0x25
ARM GAS  C:\Users\patel\AppData\Local\Temp\cc1vZBKE.s 			page 7


 273 00f4 81000000 		.4byte	0x81
 274 00f8 02       		.uleb128 0x2
 275 00f9 91       		.byte	0x91
 276 00fa 76       		.sleb128 -10
 277 00fb 07       		.uleb128 0x7
 278 00fc 707200   		.ascii	"pr\000"
 279 00ff 01       		.byte	0x1
 280 0100 25       		.byte	0x25
 281 0101 81000000 		.4byte	0x81
 282 0105 02       		.uleb128 0x2
 283 0106 91       		.byte	0x91
 284 0107 74       		.sleb128 -12
 285 0108 00       		.byte	0
 286 0109 08       		.uleb128 0x8
 287 010a 8B010000 		.4byte	.LASF18
 288 010e 05       		.byte	0x5
 289 010f 9606     		.2byte	0x696
 290 0111 15010000 		.4byte	0x115
 291 0115 09       		.uleb128 0x9
 292 0116 76000000 		.4byte	0x76
 293 011a 0A       		.uleb128 0xa
 294 011b 8A000000 		.4byte	.LASF19
 295 011f 01       		.byte	0x1
 296 0120 10       		.byte	0x10
 297 0121 81000000 		.4byte	0x81
 298 0125 0A       		.uleb128 0xa
 299 0126 C4000000 		.4byte	.LASF20
 300 012a 01       		.byte	0x1
 301 012b 10       		.byte	0x10
 302 012c 81000000 		.4byte	0x81
 303 0130 0A       		.uleb128 0xa
 304 0131 AE010000 		.4byte	.LASF21
 305 0135 01       		.byte	0x1
 306 0136 11       		.byte	0x11
 307 0137 81000000 		.4byte	0x81
 308 013b 0A       		.uleb128 0xa
 309 013c CB000000 		.4byte	.LASF22
 310 0140 01       		.byte	0x1
 311 0141 11       		.byte	0x11
 312 0142 81000000 		.4byte	0x81
 313 0146 00       		.byte	0
 314              		.section	.debug_abbrev,"",%progbits
 315              	.Ldebug_abbrev0:
 316 0000 01       		.uleb128 0x1
 317 0001 11       		.uleb128 0x11
 318 0002 01       		.byte	0x1
 319 0003 25       		.uleb128 0x25
 320 0004 0E       		.uleb128 0xe
 321 0005 13       		.uleb128 0x13
 322 0006 0B       		.uleb128 0xb
 323 0007 03       		.uleb128 0x3
 324 0008 0E       		.uleb128 0xe
 325 0009 1B       		.uleb128 0x1b
 326 000a 0E       		.uleb128 0xe
 327 000b 55       		.uleb128 0x55
 328 000c 17       		.uleb128 0x17
 329 000d 11       		.uleb128 0x11
ARM GAS  C:\Users\patel\AppData\Local\Temp\cc1vZBKE.s 			page 8


 330 000e 01       		.uleb128 0x1
 331 000f 10       		.uleb128 0x10
 332 0010 17       		.uleb128 0x17
 333 0011 00       		.byte	0
 334 0012 00       		.byte	0
 335 0013 02       		.uleb128 0x2
 336 0014 24       		.uleb128 0x24
 337 0015 00       		.byte	0
 338 0016 0B       		.uleb128 0xb
 339 0017 0B       		.uleb128 0xb
 340 0018 3E       		.uleb128 0x3e
 341 0019 0B       		.uleb128 0xb
 342 001a 03       		.uleb128 0x3
 343 001b 0E       		.uleb128 0xe
 344 001c 00       		.byte	0
 345 001d 00       		.byte	0
 346 001e 03       		.uleb128 0x3
 347 001f 16       		.uleb128 0x16
 348 0020 00       		.byte	0
 349 0021 03       		.uleb128 0x3
 350 0022 0E       		.uleb128 0xe
 351 0023 3A       		.uleb128 0x3a
 352 0024 0B       		.uleb128 0xb
 353 0025 3B       		.uleb128 0x3b
 354 0026 0B       		.uleb128 0xb
 355 0027 49       		.uleb128 0x49
 356 0028 13       		.uleb128 0x13
 357 0029 00       		.byte	0
 358 002a 00       		.byte	0
 359 002b 04       		.uleb128 0x4
 360 002c 24       		.uleb128 0x24
 361 002d 00       		.byte	0
 362 002e 0B       		.uleb128 0xb
 363 002f 0B       		.uleb128 0xb
 364 0030 3E       		.uleb128 0x3e
 365 0031 0B       		.uleb128 0xb
 366 0032 03       		.uleb128 0x3
 367 0033 08       		.uleb128 0x8
 368 0034 00       		.byte	0
 369 0035 00       		.byte	0
 370 0036 05       		.uleb128 0x5
 371 0037 16       		.uleb128 0x16
 372 0038 00       		.byte	0
 373 0039 03       		.uleb128 0x3
 374 003a 0E       		.uleb128 0xe
 375 003b 3A       		.uleb128 0x3a
 376 003c 0B       		.uleb128 0xb
 377 003d 3B       		.uleb128 0x3b
 378 003e 05       		.uleb128 0x5
 379 003f 49       		.uleb128 0x49
 380 0040 13       		.uleb128 0x13
 381 0041 00       		.byte	0
 382 0042 00       		.byte	0
 383 0043 06       		.uleb128 0x6
 384 0044 2E       		.uleb128 0x2e
 385 0045 01       		.byte	0x1
 386 0046 3F       		.uleb128 0x3f
ARM GAS  C:\Users\patel\AppData\Local\Temp\cc1vZBKE.s 			page 9


 387 0047 19       		.uleb128 0x19
 388 0048 03       		.uleb128 0x3
 389 0049 0E       		.uleb128 0xe
 390 004a 3A       		.uleb128 0x3a
 391 004b 0B       		.uleb128 0xb
 392 004c 3B       		.uleb128 0x3b
 393 004d 0B       		.uleb128 0xb
 394 004e 27       		.uleb128 0x27
 395 004f 19       		.uleb128 0x19
 396 0050 11       		.uleb128 0x11
 397 0051 01       		.uleb128 0x1
 398 0052 12       		.uleb128 0x12
 399 0053 06       		.uleb128 0x6
 400 0054 40       		.uleb128 0x40
 401 0055 18       		.uleb128 0x18
 402 0056 9642     		.uleb128 0x2116
 403 0058 19       		.uleb128 0x19
 404 0059 01       		.uleb128 0x1
 405 005a 13       		.uleb128 0x13
 406 005b 00       		.byte	0
 407 005c 00       		.byte	0
 408 005d 07       		.uleb128 0x7
 409 005e 34       		.uleb128 0x34
 410 005f 00       		.byte	0
 411 0060 03       		.uleb128 0x3
 412 0061 08       		.uleb128 0x8
 413 0062 3A       		.uleb128 0x3a
 414 0063 0B       		.uleb128 0xb
 415 0064 3B       		.uleb128 0x3b
 416 0065 0B       		.uleb128 0xb
 417 0066 49       		.uleb128 0x49
 418 0067 13       		.uleb128 0x13
 419 0068 02       		.uleb128 0x2
 420 0069 18       		.uleb128 0x18
 421 006a 00       		.byte	0
 422 006b 00       		.byte	0
 423 006c 08       		.uleb128 0x8
 424 006d 34       		.uleb128 0x34
 425 006e 00       		.byte	0
 426 006f 03       		.uleb128 0x3
 427 0070 0E       		.uleb128 0xe
 428 0071 3A       		.uleb128 0x3a
 429 0072 0B       		.uleb128 0xb
 430 0073 3B       		.uleb128 0x3b
 431 0074 05       		.uleb128 0x5
 432 0075 49       		.uleb128 0x49
 433 0076 13       		.uleb128 0x13
 434 0077 3F       		.uleb128 0x3f
 435 0078 19       		.uleb128 0x19
 436 0079 3C       		.uleb128 0x3c
 437 007a 19       		.uleb128 0x19
 438 007b 00       		.byte	0
 439 007c 00       		.byte	0
 440 007d 09       		.uleb128 0x9
 441 007e 35       		.uleb128 0x35
 442 007f 00       		.byte	0
 443 0080 49       		.uleb128 0x49
ARM GAS  C:\Users\patel\AppData\Local\Temp\cc1vZBKE.s 			page 10


 444 0081 13       		.uleb128 0x13
 445 0082 00       		.byte	0
 446 0083 00       		.byte	0
 447 0084 0A       		.uleb128 0xa
 448 0085 34       		.uleb128 0x34
 449 0086 00       		.byte	0
 450 0087 03       		.uleb128 0x3
 451 0088 0E       		.uleb128 0xe
 452 0089 3A       		.uleb128 0x3a
 453 008a 0B       		.uleb128 0xb
 454 008b 3B       		.uleb128 0x3b
 455 008c 0B       		.uleb128 0xb
 456 008d 49       		.uleb128 0x49
 457 008e 13       		.uleb128 0x13
 458 008f 3F       		.uleb128 0x3f
 459 0090 19       		.uleb128 0x19
 460 0091 3C       		.uleb128 0x3c
 461 0092 19       		.uleb128 0x19
 462 0093 00       		.byte	0
 463 0094 00       		.byte	0
 464 0095 00       		.byte	0
 465              		.section	.debug_aranges,"",%progbits
 466 0000 24000000 		.4byte	0x24
 467 0004 0200     		.2byte	0x2
 468 0006 00000000 		.4byte	.Ldebug_info0
 469 000a 04       		.byte	0x4
 470 000b 00       		.byte	0
 471 000c 0000     		.2byte	0
 472 000e 0000     		.2byte	0
 473 0010 00000000 		.4byte	.LFB63
 474 0014 30000000 		.4byte	.LFE63-.LFB63
 475 0018 00000000 		.4byte	.LFB64
 476 001c 5C000000 		.4byte	.LFE64-.LFB64
 477 0020 00000000 		.4byte	0
 478 0024 00000000 		.4byte	0
 479              		.section	.debug_ranges,"",%progbits
 480              	.Ldebug_ranges0:
 481 0000 00000000 		.4byte	.LFB63
 482 0004 30000000 		.4byte	.LFE63
 483 0008 00000000 		.4byte	.LFB64
 484 000c 5C000000 		.4byte	.LFE64
 485 0010 00000000 		.4byte	0
 486 0014 00000000 		.4byte	0
 487              		.section	.debug_line,"",%progbits
 488              	.Ldebug_line0:
 489 0000 7C010000 		.section	.debug_str,"MS",%progbits,1
 489      02004A01 
 489      00000201 
 489      FB0E0D00 
 489      01010101 
 490              	.LASF6:
 491 0000 6C6F6E67 		.ascii	"long long int\000"
 491      206C6F6E 
 491      6720696E 
 491      7400
 492              	.LASF3:
 493 000e 73686F72 		.ascii	"short unsigned int\000"
ARM GAS  C:\Users\patel\AppData\Local\Temp\cc1vZBKE.s 			page 11


 493      7420756E 
 493      7369676E 
 493      65642069 
 493      6E7400
 494              	.LASF8:
 495 0021 756E7369 		.ascii	"unsigned int\000"
 495      676E6564 
 495      20696E74 
 495      00
 496              	.LASF25:
 497 002e 433A5C55 		.ascii	"C:\\Users\\patel\\Downloads\\V6 - 21 Sep\\V5 - 20 S"
 497      73657273 
 497      5C706174 
 497      656C5C44 
 497      6F776E6C 
 498 005c 65705C56 		.ascii	"ep\\V4 - 17 Sep\\CS301_Class.cydsn\000"
 498      34202D20 
 498      31372053 
 498      65705C43 
 498      53333031 
 499              	.LASF16:
 500 007d 6765745F 		.ascii	"get_position\000"
 500      706F7369 
 500      74696F6E 
 500      00
 501              	.LASF19:
 502 008a 73706565 		.ascii	"speedL\000"
 502      644C00
 503              	.LASF5:
 504 0091 6C6F6E67 		.ascii	"long unsigned int\000"
 504      20756E73 
 504      69676E65 
 504      6420696E 
 504      7400
 505              	.LASF7:
 506 00a3 6C6F6E67 		.ascii	"long long unsigned int\000"
 506      206C6F6E 
 506      6720756E 
 506      7369676E 
 506      65642069 
 507              	.LASF17:
 508 00ba 6765745F 		.ascii	"get_speed\000"
 508      73706565 
 508      6400
 509              	.LASF20:
 510 00c4 73706565 		.ascii	"speedR\000"
 510      645200
 511              	.LASF22:
 512 00cb 706F7352 		.ascii	"posR\000"
 512      00
 513              	.LASF1:
 514 00d0 756E7369 		.ascii	"unsigned char\000"
 514      676E6564 
 514      20636861 
 514      7200
 515              	.LASF14:
 516 00de 63686172 		.ascii	"char\000"
ARM GAS  C:\Users\patel\AppData\Local\Temp\cc1vZBKE.s 			page 12


 516      00
 517              	.LASF4:
 518 00e3 6C6F6E67 		.ascii	"long int\000"
 518      20696E74 
 518      00
 519              	.LASF23:
 520 00ec 474E5520 		.ascii	"GNU C 4.9.3 20150303 (release) [ARM/embedded-4_9-br"
 520      4320342E 
 520      392E3320 
 520      32303135 
 520      30333033 
 521 011f 616E6368 		.ascii	"anch revision 221220] -mcpu=cortex-m3 -mthumb -g -O"
 521      20726576 
 521      6973696F 
 521      6E203232 
 521      31323230 
 522 0152 30202D66 		.ascii	"0 -ffunction-sections -ffat-lto-objects\000"
 522      66756E63 
 522      74696F6E 
 522      2D736563 
 522      74696F6E 
 523              	.LASF13:
 524 017a 646F7562 		.ascii	"double\000"
 524      6C6500
 525              	.LASF24:
 526 0181 2E5C7461 		.ascii	".\\tacho.c\000"
 526      63686F2E 
 526      6300
 527              	.LASF18:
 528 018b 49544D5F 		.ascii	"ITM_RxBuffer\000"
 528      52784275 
 528      66666572 
 528      00
 529              	.LASF0:
 530 0198 7369676E 		.ascii	"signed char\000"
 530      65642063 
 530      68617200 
 531              	.LASF9:
 532 01a4 5F5F696E 		.ascii	"__int32_t\000"
 532      7433325F 
 532      7400
 533              	.LASF21:
 534 01ae 706F734C 		.ascii	"posL\000"
 534      00
 535              	.LASF12:
 536 01b3 666C6F61 		.ascii	"float\000"
 536      7400
 537              	.LASF2:
 538 01b9 73686F72 		.ascii	"short int\000"
 538      7420696E 
 538      7400
 539              	.LASF11:
 540 01c3 696E7431 		.ascii	"int16\000"
 540      3600
 541              	.LASF10:
 542 01c9 696E7433 		.ascii	"int32_t\000"
 542      325F7400 
ARM GAS  C:\Users\patel\AppData\Local\Temp\cc1vZBKE.s 			page 13


 543              	.LASF15:
 544 01d1 73697A65 		.ascii	"sizetype\000"
 544      74797065 
 544      00
 545              		.ident	"GCC: (GNU Tools for ARM Embedded Processors) 4.9.3 20150303 (release) [ARM/embedded-4_9-br
