ARM GAS  C:\Users\patel\AppData\Local\Temp\ccdsaudD.s 			page 1


   1              		.syntax unified
   2              		.cpu cortex-m3
   3              		.fpu softvfp
   4              		.eabi_attribute 20, 1
   5              		.eabi_attribute 21, 1
   6              		.eabi_attribute 23, 3
   7              		.eabi_attribute 24, 1
   8              		.eabi_attribute 25, 1
   9              		.eabi_attribute 26, 1
  10              		.eabi_attribute 30, 1
  11              		.eabi_attribute 34, 1
  12              		.eabi_attribute 18, 4
  13              		.thumb
  14              		.file	"cymetadata.c"
  15              		.text
  16              	.Ltext0:
  17              		.cfi_sections	.debug_frame
  18              		.global	cy_metadata
  19              		.global	cy_meta_flashprotect
  20              		.global	cy_meta_wonvl
  21              		.global	cy_meta_custnvl
  22              		.global	cy_meta_configecc
  23              		.section	.cyconfigecc,"a",%progbits
  24              		.align	2
  25              		.type	cy_meta_configecc, %object
  26              		.size	cy_meta_configecc, 952
  27              	cy_meta_configecc:
  28 0000 03       		.byte	3
  29 0001 52       		.byte	82
  30 0002 00       		.byte	0
  31 0003 40       		.byte	64
  32 0004 03       		.byte	3
  33 0005 64       		.byte	100
  34 0006 00       		.byte	0
  35 0007 40       		.byte	64
  36 0008 3F       		.byte	63
  37 0009 00       		.byte	0
  38 000a 01       		.byte	1
  39 000b 40       		.byte	64
  40 000c 2F       		.byte	47
  41 000d 01       		.byte	1
  42 000e 01       		.byte	1
  43 000f 40       		.byte	64
  44 0010 53       		.byte	83
  45 0011 02       		.byte	2
  46 0012 01       		.byte	1
  47 0013 40       		.byte	64
  48 0014 4C       		.byte	76
  49 0015 03       		.byte	3
  50 0016 01       		.byte	1
  51 0017 40       		.byte	64
  52 0018 5A       		.byte	90
  53 0019 04       		.byte	4
  54 001a 01       		.byte	1
  55 001b 40       		.byte	64
  56 001c 44       		.byte	68
  57 001d 05       		.byte	5
ARM GAS  C:\Users\patel\AppData\Local\Temp\ccdsaudD.s 			page 2


  58 001e 01       		.byte	1
  59 001f 40       		.byte	64
  60 0020 01       		.byte	1
  61 0021 07       		.byte	7
  62 0022 01       		.byte	1
  63 0023 40       		.byte	64
  64 0024 04       		.byte	4
  65 0025 41       		.byte	65
  66 0026 01       		.byte	1
  67 0027 40       		.byte	64
  68 0028 05       		.byte	5
  69 0029 42       		.byte	66
  70 002a 01       		.byte	1
  71 002b 40       		.byte	64
  72 002c 03       		.byte	3
  73 002d 50       		.byte	80
  74 002e 01       		.byte	1
  75 002f 40       		.byte	64
  76 0030 00       		.byte	0
  77 0031 02       		.byte	2
  78 0032 01       		.byte	1
  79 0033 02       		.byte	2
  80 0034 04       		.byte	4
  81 0035 01       		.byte	1
  82 0036 81       		.byte	-127
  83 0037 72       		.byte	114
  84 0038 82       		.byte	-126
  85 0039 38       		.byte	56
  86 003a 84       		.byte	-124
  87 003b 0F       		.byte	15
  88 003c 00       		.byte	0
  89 003d 06       		.byte	6
  90 003e 02       		.byte	2
  91 003f 01       		.byte	1
  92 0040 04       		.byte	4
  93 0041 01       		.byte	1
  94 0042 06       		.byte	6
  95 0043 06       		.byte	6
  96 0044 0F       		.byte	15
  97 0045 01       		.byte	1
  98 0046 10       		.byte	16
  99 0047 06       		.byte	6
 100 0048 12       		.byte	18
 101 0049 01       		.byte	1
 102 004a 14       		.byte	20
 103 004b 07       		.byte	7
 104 004c 17       		.byte	23
 105 004d 01       		.byte	1
 106 004e 1A       		.byte	26
 107 004f 01       		.byte	1
 108 0050 1D       		.byte	29
 109 0051 01       		.byte	1
 110 0052 20       		.byte	32
 111 0053 04       		.byte	4
 112 0054 24       		.byte	36
 113 0055 02       		.byte	2
 114 0056 25       		.byte	37
ARM GAS  C:\Users\patel\AppData\Local\Temp\ccdsaudD.s 			page 3


 115 0057 01       		.byte	1
 116 0058 28       		.byte	40
 117 0059 06       		.byte	6
 118 005a 2F       		.byte	47
 119 005b 01       		.byte	1
 120 005c 30       		.byte	48
 121 005d 07       		.byte	7
 122 005e 37       		.byte	55
 123 005f 01       		.byte	1
 124 0060 3A       		.byte	58
 125 0061 22       		.byte	34
 126 0062 3F       		.byte	63
 127 0063 40       		.byte	64
 128 0064 58       		.byte	88
 129 0065 04       		.byte	4
 130 0066 59       		.byte	89
 131 0067 04       		.byte	4
 132 0068 5F       		.byte	95
 133 0069 01       		.byte	1
 134 006a 80       		.byte	-128
 135 006b 1F       		.byte	31
 136 006c 81       		.byte	-127
 137 006d 10       		.byte	16
 138 006e 82       		.byte	-126
 139 006f 20       		.byte	32
 140 0070 84       		.byte	-124
 141 0071 03       		.byte	3
 142 0072 85       		.byte	-123
 143 0073 08       		.byte	8
 144 0074 88       		.byte	-120
 145 0075 33       		.byte	51
 146 0076 89       		.byte	-119
 147 0077 1F       		.byte	31
 148 0078 8A       		.byte	-118
 149 0079 0C       		.byte	12
 150 007a 8C       		.byte	-116
 151 007b 08       		.byte	8
 152 007c 8D       		.byte	-115
 153 007d 18       		.byte	24
 154 007e 90       		.byte	-112
 155 007f 02       		.byte	2
 156 0080 91       		.byte	-111
 157 0081 1C       		.byte	28
 158 0082 93       		.byte	-109
 159 0083 02       		.byte	2
 160 0084 94       		.byte	-108
 161 0085 3F       		.byte	63
 162 0086 95       		.byte	-107
 163 0087 07       		.byte	7
 164 0088 97       		.byte	-105
 165 0089 18       		.byte	24
 166 008a 9A       		.byte	-102
 167 008b 23       		.byte	35
 168 008c 9B       		.byte	-101
 169 008d 04       		.byte	4
 170 008e A0       		.byte	-96
 171 008f 01       		.byte	1
ARM GAS  C:\Users\patel\AppData\Local\Temp\ccdsaudD.s 			page 4


 172 0090 A1       		.byte	-95
 173 0091 1C       		.byte	28
 174 0092 A3       		.byte	-93
 175 0093 01       		.byte	1
 176 0094 A4       		.byte	-92
 177 0095 04       		.byte	4
 178 0096 A5       		.byte	-91
 179 0097 04       		.byte	4
 180 0098 A8       		.byte	-88
 181 0099 0C       		.byte	12
 182 009a AB       		.byte	-85
 183 009b 03       		.byte	3
 184 009c AC       		.byte	-84
 185 009d 3C       		.byte	60
 186 009e AE       		.byte	-82
 187 009f 03       		.byte	3
 188 00a0 B0       		.byte	-80
 189 00a1 2C       		.byte	44
 190 00a2 B1       		.byte	-79
 191 00a3 1F       		.byte	31
 192 00a4 B2       		.byte	-78
 193 00a5 10       		.byte	16
 194 00a6 B4       		.byte	-76
 195 00a7 0F       		.byte	15
 196 00a8 BA       		.byte	-70
 197 00a9 20       		.byte	32
 198 00aa BB       		.byte	-69
 199 00ab 02       		.byte	2
 200 00ac BE       		.byte	-66
 201 00ad 04       		.byte	4
 202 00ae D6       		.byte	-42
 203 00af 02       		.byte	2
 204 00b0 D7       		.byte	-41
 205 00b1 11       		.byte	17
 206 00b2 D8       		.byte	-40
 207 00b3 04       		.byte	4
 208 00b4 D9       		.byte	-39
 209 00b5 04       		.byte	4
 210 00b6 DB       		.byte	-37
 211 00b7 04       		.byte	4
 212 00b8 DF       		.byte	-33
 213 00b9 01       		.byte	1
 214 00ba 00       		.byte	0
 215 00bb 04       		.byte	4
 216 00bc 01       		.byte	1
 217 00bd 02       		.byte	2
 218 00be 05       		.byte	5
 219 00bf 11       		.byte	17
 220 00c0 06       		.byte	6
 221 00c1 02       		.byte	2
 222 00c2 07       		.byte	7
 223 00c3 14       		.byte	20
 224 00c4 09       		.byte	9
 225 00c5 29       		.byte	41
 226 00c6 0D       		.byte	13
 227 00c7 28       		.byte	40
 228 00c8 0E       		.byte	14
ARM GAS  C:\Users\patel\AppData\Local\Temp\ccdsaudD.s 			page 5


 229 00c9 40       		.byte	64
 230 00ca 0F       		.byte	15
 231 00cb 20       		.byte	32
 232 00cc 10       		.byte	16
 233 00cd A0       		.byte	-96
 234 00ce 13       		.byte	19
 235 00cf 20       		.byte	32
 236 00d0 14       		.byte	20
 237 00d1 40       		.byte	64
 238 00d2 17       		.byte	23
 239 00d3 68       		.byte	104
 240 00d4 19       		.byte	25
 241 00d5 03       		.byte	3
 242 00d6 1B       		.byte	27
 243 00d7 11       		.byte	17
 244 00d8 1C       		.byte	28
 245 00d9 44       		.byte	68
 246 00da 1D       		.byte	29
 247 00db 10       		.byte	16
 248 00dc 1E       		.byte	30
 249 00dd 20       		.byte	32
 250 00de 22       		.byte	34
 251 00df 40       		.byte	64
 252 00e0 25       		.byte	37
 253 00e1 01       		.byte	1
 254 00e2 26       		.byte	38
 255 00e3 01       		.byte	1
 256 00e4 27       		.byte	39
 257 00e5 40       		.byte	64
 258 00e6 29       		.byte	41
 259 00e7 04       		.byte	4
 260 00e8 2B       		.byte	43
 261 00e9 02       		.byte	2
 262 00ea 2C       		.byte	44
 263 00eb 04       		.byte	4
 264 00ec 2D       		.byte	45
 265 00ed 02       		.byte	2
 266 00ee 2F       		.byte	47
 267 00ef 20       		.byte	32
 268 00f0 30       		.byte	48
 269 00f1 08       		.byte	8
 270 00f2 32       		.byte	50
 271 00f3 80       		.byte	-128
 272 00f4 36       		.byte	54
 273 00f5 21       		.byte	33
 274 00f6 37       		.byte	55
 275 00f7 04       		.byte	4
 276 00f8 39       		.byte	57
 277 00f9 80       		.byte	-128
 278 00fa 3E       		.byte	62
 279 00fb 8A       		.byte	-118
 280 00fc 3F       		.byte	63
 281 00fd 20       		.byte	32
 282 00fe 5E       		.byte	94
 283 00ff 20       		.byte	32
 284 0100 6D       		.byte	109
 285 0101 70       		.byte	112
ARM GAS  C:\Users\patel\AppData\Local\Temp\ccdsaudD.s 			page 6


 286 0102 6E       		.byte	110
 287 0103 04       		.byte	4
 288 0104 74       		.byte	116
 289 0105 A0       		.byte	-96
 290 0106 76       		.byte	118
 291 0107 0A       		.byte	10
 292 0108 77       		.byte	119
 293 0109 28       		.byte	40
 294 010a C0       		.byte	-64
 295 010b FC       		.byte	-4
 296 010c C2       		.byte	-62
 297 010d 7E       		.byte	126
 298 010e C4       		.byte	-60
 299 010f FE       		.byte	-2
 300 0110 CA       		.byte	-54
 301 0111 EA       		.byte	-22
 302 0112 CC       		.byte	-52
 303 0113 EA       		.byte	-22
 304 0114 CE       		.byte	-50
 305 0115 F8       		.byte	-8
 306 0116 D6       		.byte	-42
 307 0117 20       		.byte	32
 308 0118 02       		.byte	2
 309 0119 02       		.byte	2
 310 011a 03       		.byte	3
 311 011b 03       		.byte	3
 312 011c 05       		.byte	5
 313 011d E0       		.byte	-32
 314 011e 06       		.byte	6
 315 011f 04       		.byte	4
 316 0120 09       		.byte	9
 317 0121 E0       		.byte	-32
 318 0122 0D       		.byte	13
 319 0123 82       		.byte	-126
 320 0124 0E       		.byte	14
 321 0125 02       		.byte	2
 322 0126 0F       		.byte	15
 323 0127 28       		.byte	40
 324 0128 13       		.byte	19
 325 0129 03       		.byte	3
 326 012a 14       		.byte	20
 327 012b 01       		.byte	1
 328 012c 17       		.byte	23
 329 012d 03       		.byte	3
 330 012e 19       		.byte	25
 331 012f 23       		.byte	35
 332 0130 1B       		.byte	27
 333 0131 C4       		.byte	-60
 334 0132 1D       		.byte	29
 335 0133 03       		.byte	3
 336 0134 1E       		.byte	30
 337 0135 01       		.byte	1
 338 0136 24       		.byte	36
 339 0137 01       		.byte	1
 340 0138 25       		.byte	37
 341 0139 41       		.byte	65
 342 013a 27       		.byte	39
ARM GAS  C:\Users\patel\AppData\Local\Temp\ccdsaudD.s 			page 7


 343 013b 38       		.byte	56
 344 013c 29       		.byte	41
 345 013d 03       		.byte	3
 346 013e 2A       		.byte	42
 347 013f 04       		.byte	4
 348 0140 2E       		.byte	46
 349 0141 01       		.byte	1
 350 0142 31       		.byte	49
 351 0143 0C       		.byte	12
 352 0144 32       		.byte	50
 353 0145 04       		.byte	4
 354 0146 33       		.byte	51
 355 0147 E0       		.byte	-32
 356 0148 34       		.byte	52
 357 0149 01       		.byte	1
 358 014a 35       		.byte	53
 359 014b 10       		.byte	16
 360 014c 36       		.byte	54
 361 014d 02       		.byte	2
 362 014e 37       		.byte	55
 363 014f 03       		.byte	3
 364 0150 38       		.byte	56
 365 0151 20       		.byte	32
 366 0152 3E       		.byte	62
 367 0153 44       		.byte	68
 368 0154 3F       		.byte	63
 369 0155 01       		.byte	1
 370 0156 40       		.byte	64
 371 0157 32       		.byte	50
 372 0158 41       		.byte	65
 373 0159 06       		.byte	6
 374 015a 42       		.byte	66
 375 015b 04       		.byte	4
 376 015c 44       		.byte	68
 377 015d 01       		.byte	1
 378 015e 46       		.byte	70
 379 015f 0C       		.byte	12
 380 0160 47       		.byte	71
 381 0161 0E       		.byte	14
 382 0162 48       		.byte	72
 383 0163 14       		.byte	20
 384 0164 49       		.byte	73
 385 0165 FF       		.byte	-1
 386 0166 4A       		.byte	74
 387 0167 FF       		.byte	-1
 388 0168 4B       		.byte	75
 389 0169 FF       		.byte	-1
 390 016a 4C       		.byte	76
 391 016b 62       		.byte	98
 392 016c 4D       		.byte	77
 393 016d A0       		.byte	-96
 394 016e 4E       		.byte	78
 395 016f F0       		.byte	-16
 396 0170 4F       		.byte	79
 397 0171 41       		.byte	65
 398 0172 50       		.byte	80
 399 0173 0C       		.byte	12
ARM GAS  C:\Users\patel\AppData\Local\Temp\ccdsaudD.s 			page 8


 400 0174 54       		.byte	84
 401 0175 18       		.byte	24
 402 0176 58       		.byte	88
 403 0177 04       		.byte	4
 404 0178 59       		.byte	89
 405 0179 04       		.byte	4
 406 017a 5A       		.byte	90
 407 017b 04       		.byte	4
 408 017c 5B       		.byte	91
 409 017d 04       		.byte	4
 410 017e 5F       		.byte	95
 411 017f 01       		.byte	1
 412 0180 66       		.byte	102
 413 0181 40       		.byte	64
 414 0182 67       		.byte	103
 415 0183 02       		.byte	2
 416 0184 69       		.byte	105
 417 0185 10       		.byte	16
 418 0186 6A       		.byte	106
 419 0187 30       		.byte	48
 420 0188 6B       		.byte	107
 421 0189 10       		.byte	16
 422 018a 6D       		.byte	109
 423 018b 10       		.byte	16
 424 018c 6E       		.byte	110
 425 018d 10       		.byte	16
 426 018e 6F       		.byte	111
 427 018f 12       		.byte	18
 428 0190 81       		.byte	-127
 429 0191 0C       		.byte	12
 430 0192 83       		.byte	-125
 431 0193 03       		.byte	3
 432 0194 86       		.byte	-122
 433 0195 02       		.byte	2
 434 0196 8A       		.byte	-118
 435 0197 03       		.byte	3
 436 0198 8B       		.byte	-117
 437 0199 08       		.byte	8
 438 019a 96       		.byte	-106
 439 019b 06       		.byte	6
 440 019c 97       		.byte	-105
 441 019d 03       		.byte	3
 442 019e 9C       		.byte	-100
 443 019f 06       		.byte	6
 444 01a0 9D       		.byte	-99
 445 01a1 01       		.byte	1
 446 01a2 9E       		.byte	-98
 447 01a3 01       		.byte	1
 448 01a4 9F       		.byte	-97
 449 01a5 06       		.byte	6
 450 01a6 A2       		.byte	-94
 451 01a7 05       		.byte	5
 452 01a8 A5       		.byte	-91
 453 01a9 01       		.byte	1
 454 01aa A7       		.byte	-89
 455 01ab 0E       		.byte	14
 456 01ac AA       		.byte	-86
ARM GAS  C:\Users\patel\AppData\Local\Temp\ccdsaudD.s 			page 9


 457 01ad 01       		.byte	1
 458 01ae AB       		.byte	-85
 459 01af 0C       		.byte	12
 460 01b0 B2       		.byte	-78
 461 01b1 07       		.byte	7
 462 01b2 B7       		.byte	-73
 463 01b3 0F       		.byte	15
 464 01b4 BA       		.byte	-70
 465 01b5 08       		.byte	8
 466 01b6 BB       		.byte	-69
 467 01b7 80       		.byte	-128
 468 01b8 D8       		.byte	-40
 469 01b9 04       		.byte	4
 470 01ba D9       		.byte	-39
 471 01bb 04       		.byte	4
 472 01bc DF       		.byte	-33
 473 01bd 01       		.byte	1
 474 01be 00       		.byte	0
 475 01bf 10       		.byte	16
 476 01c0 02       		.byte	2
 477 01c1 10       		.byte	16
 478 01c2 04       		.byte	4
 479 01c3 44       		.byte	68
 480 01c4 06       		.byte	6
 481 01c5 40       		.byte	64
 482 01c6 07       		.byte	7
 483 01c7 01       		.byte	1
 484 01c8 08       		.byte	8
 485 01c9 08       		.byte	8
 486 01ca 0B       		.byte	11
 487 01cb 01       		.byte	1
 488 01cc 0E       		.byte	14
 489 01cd 02       		.byte	2
 490 01ce 0F       		.byte	15
 491 01cf 20       		.byte	32
 492 01d0 10       		.byte	16
 493 01d1 08       		.byte	8
 494 01d2 12       		.byte	18
 495 01d3 80       		.byte	-128
 496 01d4 16       		.byte	22
 497 01d5 0A       		.byte	10
 498 01d6 17       		.byte	23
 499 01d7 04       		.byte	4
 500 01d8 18       		.byte	24
 501 01d9 10       		.byte	16
 502 01da 19       		.byte	25
 503 01db 04       		.byte	4
 504 01dc 1C       		.byte	28
 505 01dd 04       		.byte	4
 506 01de 1D       		.byte	29
 507 01df 40       		.byte	64
 508 01e0 1F       		.byte	31
 509 01e1 04       		.byte	4
 510 01e2 20       		.byte	32
 511 01e3 02       		.byte	2
 512 01e4 21       		.byte	33
 513 01e5 40       		.byte	64
ARM GAS  C:\Users\patel\AppData\Local\Temp\ccdsaudD.s 			page 10


 514 01e6 23       		.byte	35
 515 01e7 01       		.byte	1
 516 01e8 26       		.byte	38
 517 01e9 20       		.byte	32
 518 01ea 27       		.byte	39
 519 01eb 52       		.byte	82
 520 01ec 28       		.byte	40
 521 01ed 08       		.byte	8
 522 01ee 29       		.byte	41
 523 01ef 04       		.byte	4
 524 01f0 2B       		.byte	43
 525 01f1 08       		.byte	8
 526 01f2 2D       		.byte	45
 527 01f3 20       		.byte	32
 528 01f4 2F       		.byte	47
 529 01f5 20       		.byte	32
 530 01f6 30       		.byte	48
 531 01f7 08       		.byte	8
 532 01f8 32       		.byte	50
 533 01f9 80       		.byte	-128
 534 01fa 34       		.byte	52
 535 01fb 04       		.byte	4
 536 01fc 36       		.byte	54
 537 01fd 01       		.byte	1
 538 01fe 37       		.byte	55
 539 01ff 90       		.byte	-112
 540 0200 39       		.byte	57
 541 0201 20       		.byte	32
 542 0202 3A       		.byte	58
 543 0203 10       		.byte	16
 544 0204 3B       		.byte	59
 545 0205 01       		.byte	1
 546 0206 3D       		.byte	61
 547 0207 20       		.byte	32
 548 0208 3E       		.byte	62
 549 0209 46       		.byte	70
 550 020a 3F       		.byte	63
 551 020b 02       		.byte	2
 552 020c 44       		.byte	68
 553 020d 04       		.byte	4
 554 020e 45       		.byte	69
 555 020f 20       		.byte	32
 556 0210 47       		.byte	71
 557 0211 45       		.byte	69
 558 0212 4D       		.byte	77
 559 0213 20       		.byte	32
 560 0214 4F       		.byte	79
 561 0215 20       		.byte	32
 562 0216 56       		.byte	86
 563 0217 48       		.byte	72
 564 0218 5F       		.byte	95
 565 0219 02       		.byte	2
 566 021a 65       		.byte	101
 567 021b 40       		.byte	64
 568 021c 67       		.byte	103
 569 021d 08       		.byte	8
 570 021e 90       		.byte	-112
ARM GAS  C:\Users\patel\AppData\Local\Temp\ccdsaudD.s 			page 11


 571 021f 40       		.byte	64
 572 0220 91       		.byte	-111
 573 0221 50       		.byte	80
 574 0222 92       		.byte	-110
 575 0223 84       		.byte	-124
 576 0224 95       		.byte	-107
 577 0225 80       		.byte	-128
 578 0226 96       		.byte	-106
 579 0227 40       		.byte	64
 580 0228 9B       		.byte	-101
 581 0229 04       		.byte	4
 582 022a 9C       		.byte	-100
 583 022b 44       		.byte	68
 584 022c 9D       		.byte	-99
 585 022d 04       		.byte	4
 586 022e 9F       		.byte	-97
 587 022f 10       		.byte	16
 588 0230 A1       		.byte	-95
 589 0231 10       		.byte	16
 590 0232 A2       		.byte	-94
 591 0233 01       		.byte	1
 592 0234 A3       		.byte	-93
 593 0235 11       		.byte	17
 594 0236 A4       		.byte	-92
 595 0237 08       		.byte	8
 596 0238 A5       		.byte	-91
 597 0239 20       		.byte	32
 598 023a A6       		.byte	-90
 599 023b A0       		.byte	-96
 600 023c A7       		.byte	-89
 601 023d 22       		.byte	34
 602 023e AA       		.byte	-86
 603 023f 80       		.byte	-128
 604 0240 AB       		.byte	-85
 605 0241 20       		.byte	32
 606 0242 C0       		.byte	-64
 607 0243 B6       		.byte	-74
 608 0244 C2       		.byte	-62
 609 0245 A5       		.byte	-91
 610 0246 C4       		.byte	-60
 611 0247 EA       		.byte	-22
 612 0248 CA       		.byte	-54
 613 0249 66       		.byte	102
 614 024a CC       		.byte	-52
 615 024b FA       		.byte	-6
 616 024c CE       		.byte	-50
 617 024d F5       		.byte	-11
 618 024e D0       		.byte	-48
 619 024f F0       		.byte	-16
 620 0250 D2       		.byte	-46
 621 0251 20       		.byte	32
 622 0252 D6       		.byte	-42
 623 0253 80       		.byte	-128
 624 0254 D8       		.byte	-40
 625 0255 30       		.byte	48
 626 0256 00       		.byte	0
 627 0257 02       		.byte	2
ARM GAS  C:\Users\patel\AppData\Local\Temp\ccdsaudD.s 			page 12


 628 0258 05       		.byte	5
 629 0259 14       		.byte	20
 630 025a 08       		.byte	8
 631 025b 03       		.byte	3
 632 025c 0D       		.byte	13
 633 025d 1C       		.byte	28
 634 025e 0F       		.byte	15
 635 025f 02       		.byte	2
 636 0260 11       		.byte	17
 637 0261 40       		.byte	64
 638 0262 13       		.byte	19
 639 0263 03       		.byte	3
 640 0264 15       		.byte	21
 641 0265 0C       		.byte	12
 642 0266 17       		.byte	23
 643 0267 11       		.byte	17
 644 0268 1C       		.byte	28
 645 0269 03       		.byte	3
 646 026a 1D       		.byte	29
 647 026b 10       		.byte	16
 648 026c 1F       		.byte	31
 649 026d 0C       		.byte	12
 650 026e 25       		.byte	37
 651 026f 10       		.byte	16
 652 0270 29       		.byte	41
 653 0271 09       		.byte	9
 654 0272 2A       		.byte	42
 655 0273 01       		.byte	1
 656 0274 2B       		.byte	43
 657 0275 10       		.byte	16
 658 0276 2D       		.byte	45
 659 0277 20       		.byte	32
 660 0278 31       		.byte	49
 661 0279 1F       		.byte	31
 662 027a 33       		.byte	51
 663 027b 20       		.byte	32
 664 027c 34       		.byte	52
 665 027d 03       		.byte	3
 666 027e 35       		.byte	53
 667 027f 40       		.byte	64
 668 0280 38       		.byte	56
 669 0281 20       		.byte	32
 670 0282 3E       		.byte	62
 671 0283 10       		.byte	16
 672 0284 3F       		.byte	63
 673 0285 14       		.byte	20
 674 0286 40       		.byte	64
 675 0287 02       		.byte	2
 676 0288 46       		.byte	70
 677 0289 40       		.byte	64
 678 028a 49       		.byte	73
 679 028b FF       		.byte	-1
 680 028c 4A       		.byte	74
 681 028d 07       		.byte	7
 682 028e 4B       		.byte	75
 683 028f FF       		.byte	-1
 684 0290 4C       		.byte	76
ARM GAS  C:\Users\patel\AppData\Local\Temp\ccdsaudD.s 			page 13


 685 0291 40       		.byte	64
 686 0292 4D       		.byte	77
 687 0293 20       		.byte	32
 688 0294 4E       		.byte	78
 689 0295 F0       		.byte	-16
 690 0296 4F       		.byte	79
 691 0297 05       		.byte	5
 692 0298 50       		.byte	80
 693 0299 08       		.byte	8
 694 029a 54       		.byte	84
 695 029b 01       		.byte	1
 696 029c 58       		.byte	88
 697 029d 04       		.byte	4
 698 029e 59       		.byte	89
 699 029f 04       		.byte	4
 700 02a0 5A       		.byte	90
 701 02a1 04       		.byte	4
 702 02a2 5B       		.byte	91
 703 02a3 04       		.byte	4
 704 02a4 5F       		.byte	95
 705 02a5 01       		.byte	1
 706 02a6 60       		.byte	96
 707 02a7 40       		.byte	64
 708 02a8 61       		.byte	97
 709 02a9 A8       		.byte	-88
 710 02aa 62       		.byte	98
 711 02ab 40       		.byte	64
 712 02ac 63       		.byte	99
 713 02ad 20       		.byte	32
 714 02ae 81       		.byte	-127
 715 02af 0A       		.byte	10
 716 02b0 82       		.byte	-126
 717 02b1 01       		.byte	1
 718 02b2 83       		.byte	-125
 719 02b3 04       		.byte	4
 720 02b4 88       		.byte	-120
 721 02b5 01       		.byte	1
 722 02b6 89       		.byte	-119
 723 02b7 03       		.byte	3
 724 02b8 8B       		.byte	-117
 725 02b9 04       		.byte	4
 726 02ba 8C       		.byte	-116
 727 02bb 01       		.byte	1
 728 02bc 90       		.byte	-112
 729 02bd 08       		.byte	8
 730 02be 92       		.byte	-110
 731 02bf 04       		.byte	4
 732 02c0 94       		.byte	-108
 733 02c1 02       		.byte	2
 734 02c2 97       		.byte	-105
 735 02c3 05       		.byte	5
 736 02c4 98       		.byte	-104
 737 02c5 1C       		.byte	28
 738 02c6 9B       		.byte	-101
 739 02c7 08       		.byte	8
 740 02c8 9D       		.byte	-99
 741 02c9 03       		.byte	3
ARM GAS  C:\Users\patel\AppData\Local\Temp\ccdsaudD.s 			page 14


 742 02ca 9F       		.byte	-97
 743 02cb 0C       		.byte	12
 744 02cc A0       		.byte	-96
 745 02cd 04       		.byte	4
 746 02ce A2       		.byte	-94
 747 02cf 08       		.byte	8
 748 02d0 A8       		.byte	-88
 749 02d1 1C       		.byte	28
 750 02d2 AC       		.byte	-84
 751 02d3 10       		.byte	16
 752 02d4 AD       		.byte	-83
 753 02d5 03       		.byte	3
 754 02d6 AF       		.byte	-81
 755 02d7 04       		.byte	4
 756 02d8 B0       		.byte	-80
 757 02d9 0C       		.byte	12
 758 02da B2       		.byte	-78
 759 02db 03       		.byte	3
 760 02dc B4       		.byte	-76
 761 02dd 10       		.byte	16
 762 02de B7       		.byte	-73
 763 02df 0F       		.byte	15
 764 02e0 B8       		.byte	-72
 765 02e1 08       		.byte	8
 766 02e2 BB       		.byte	-69
 767 02e3 80       		.byte	-128
 768 02e4 C0       		.byte	-64
 769 02e5 16       		.byte	22
 770 02e6 C1       		.byte	-63
 771 02e7 03       		.byte	3
 772 02e8 C5       		.byte	-59
 773 02e9 0B       		.byte	11
 774 02ea C6       		.byte	-58
 775 02eb 0E       		.byte	14
 776 02ec C7       		.byte	-57
 777 02ed C0       		.byte	-64
 778 02ee C8       		.byte	-56
 779 02ef 25       		.byte	37
 780 02f0 C9       		.byte	-55
 781 02f1 FF       		.byte	-1
 782 02f2 CA       		.byte	-54
 783 02f3 FF       		.byte	-1
 784 02f4 CB       		.byte	-53
 785 02f5 FF       		.byte	-1
 786 02f6 CE       		.byte	-50
 787 02f7 F0       		.byte	-16
 788 02f8 CF       		.byte	-49
 789 02f9 44       		.byte	68
 790 02fa D0       		.byte	-48
 791 02fb 0C       		.byte	12
 792 02fc D8       		.byte	-40
 793 02fd 04       		.byte	4
 794 02fe D9       		.byte	-39
 795 02ff 04       		.byte	4
 796 0300 DA       		.byte	-38
 797 0301 04       		.byte	4
 798 0302 DF       		.byte	-33
ARM GAS  C:\Users\patel\AppData\Local\Temp\ccdsaudD.s 			page 15


 799 0303 01       		.byte	1
 800 0304 E6       		.byte	-26
 801 0305 C0       		.byte	-64
 802 0306 EA       		.byte	-22
 803 0307 40       		.byte	64
 804 0308 EB       		.byte	-21
 805 0309 02       		.byte	2
 806 030a 00       		.byte	0
 807 030b 12       		.byte	18
 808 030c 03       		.byte	3
 809 030d 44       		.byte	68
 810 030e 04       		.byte	4
 811 030f 10       		.byte	16
 812 0310 07       		.byte	7
 813 0311 42       		.byte	66
 814 0312 09       		.byte	9
 815 0313 40       		.byte	64
 816 0314 0C       		.byte	12
 817 0315 08       		.byte	8
 818 0316 0E       		.byte	14
 819 0317 44       		.byte	68
 820 0318 10       		.byte	16
 821 0319 08       		.byte	8
 822 031a 14       		.byte	20
 823 031b 40       		.byte	64
 824 031c 15       		.byte	21
 825 031d 50       		.byte	80
 826 031e 18       		.byte	24
 827 031f 04       		.byte	4
 828 0320 1D       		.byte	29
 829 0321 20       		.byte	32
 830 0322 1E       		.byte	30
 831 0323 60       		.byte	96
 832 0324 1F       		.byte	31
 833 0325 08       		.byte	8
 834 0326 21       		.byte	33
 835 0327 02       		.byte	2
 836 0328 22       		.byte	34
 837 0329 24       		.byte	36
 838 032a 25       		.byte	37
 839 032b 40       		.byte	64
 840 032c 26       		.byte	38
 841 032d 80       		.byte	-128
 842 032e 27       		.byte	39
 843 032f 02       		.byte	2
 844 0330 28       		.byte	40
 845 0331 01       		.byte	1
 846 0332 2A       		.byte	42
 847 0333 40       		.byte	64
 848 0334 2B       		.byte	43
 849 0335 28       		.byte	40
 850 0336 2F       		.byte	47
 851 0337 02       		.byte	2
 852 0338 31       		.byte	49
 853 0339 02       		.byte	2
 854 033a 32       		.byte	50
 855 033b 80       		.byte	-128
ARM GAS  C:\Users\patel\AppData\Local\Temp\ccdsaudD.s 			page 16


 856 033c 33       		.byte	51
 857 033d 04       		.byte	4
 858 033e 36       		.byte	54
 859 033f 98       		.byte	-104
 860 0340 39       		.byte	57
 861 0341 80       		.byte	-128
 862 0342 3B       		.byte	59
 863 0343 04       		.byte	4
 864 0344 3C       		.byte	60
 865 0345 12       		.byte	18
 866 0346 40       		.byte	64
 867 0347 04       		.byte	4
 868 0348 45       		.byte	69
 869 0349 40       		.byte	64
 870 034a 47       		.byte	71
 871 034b 04       		.byte	4
 872 034c 4C       		.byte	76
 873 034d 08       		.byte	8
 874 034e 4F       		.byte	79
 875 034f 04       		.byte	4
 876 0350 50       		.byte	80
 877 0351 08       		.byte	8
 878 0352 51       		.byte	81
 879 0353 10       		.byte	16
 880 0354 52       		.byte	82
 881 0355 08       		.byte	8
 882 0356 53       		.byte	83
 883 0357 20       		.byte	32
 884 0358 56       		.byte	86
 885 0359 40       		.byte	64
 886 035a 57       		.byte	87
 887 035b 02       		.byte	2
 888 035c 58       		.byte	88
 889 035d 01       		.byte	1
 890 035e 5A       		.byte	90
 891 035f 88       		.byte	-120
 892 0360 5B       		.byte	91
 893 0361 10       		.byte	16
 894 0362 86       		.byte	-122
 895 0363 20       		.byte	32
 896 0364 90       		.byte	-112
 897 0365 10       		.byte	16
 898 0366 91       		.byte	-111
 899 0367 D0       		.byte	-48
 900 0368 92       		.byte	-110
 901 0369 84       		.byte	-124
 902 036a 95       		.byte	-107
 903 036b 20       		.byte	32
 904 036c 96       		.byte	-106
 905 036d 40       		.byte	64
 906 036e 98       		.byte	-104
 907 036f 40       		.byte	64
 908 0370 A0       		.byte	-96
 909 0371 01       		.byte	1
 910 0372 A4       		.byte	-92
 911 0373 08       		.byte	8
 912 0374 A5       		.byte	-91
ARM GAS  C:\Users\patel\AppData\Local\Temp\ccdsaudD.s 			page 17


 913 0375 20       		.byte	32
 914 0376 A6       		.byte	-90
 915 0377 80       		.byte	-128
 916 0378 A7       		.byte	-89
 917 0379 0A       		.byte	10
 918 037a AB       		.byte	-85
 919 037b 84       		.byte	-124
 920 037c AC       		.byte	-84
 921 037d 40       		.byte	64
 922 037e AF       		.byte	-81
 923 037f 20       		.byte	32
 924 0380 C0       		.byte	-64
 925 0381 DA       		.byte	-38
 926 0382 C2       		.byte	-62
 927 0383 71       		.byte	113
 928 0384 C4       		.byte	-60
 929 0385 D2       		.byte	-46
 930 0386 CA       		.byte	-54
 931 0387 1E       		.byte	30
 932 0388 CC       		.byte	-52
 933 0389 7B       		.byte	123
 934 038a CE       		.byte	-50
 935 038b AA       		.byte	-86
 936 038c D0       		.byte	-48
 937 038d 54       		.byte	84
 938 038e D2       		.byte	-46
 939 038f 20       		.byte	32
 940 0390 D6       		.byte	-42
 941 0391 0F       		.byte	15
 942 0392 B7       		.byte	-73
 943 0393 12       		.byte	18
 944 0394 03       		.byte	3
 945 0395 80       		.byte	-128
 946 0396 5E       		.byte	94
 947 0397 80       		.byte	-128
 948 0398 C0       		.byte	-64
 949 0399 10       		.byte	16
 950 039a D6       		.byte	-42
 951 039b 20       		.byte	32
 952 039c 86       		.byte	-122
 953 039d 40       		.byte	64
 954 039e A6       		.byte	-90
 955 039f 40       		.byte	64
 956 03a0 AF       		.byte	-81
 957 03a1 80       		.byte	-128
 958 03a2 E6       		.byte	-26
 959 03a3 40       		.byte	64
 960 03a4 EC       		.byte	-20
 961 03a5 10       		.byte	16
 962 03a6 00       		.byte	0
 963 03a7 01       		.byte	1
 964 03a8 08       		.byte	8
 965 03a9 01       		.byte	1
 966 03aa 0A       		.byte	10
 967 03ab 01       		.byte	1
 968 03ac 02       		.byte	2
 969 03ad 00       		.byte	0
ARM GAS  C:\Users\patel\AppData\Local\Temp\ccdsaudD.s 			page 18


 970 03ae 01       		.byte	1
 971 03af 02       		.byte	2
 972 03b0 02       		.byte	2
 973 03b1 00       		.byte	0
 974 03b2 02       		.byte	2
 975 03b3 00       		.byte	0
 976 03b4 00       		.byte	0
 977 03b5 00       		.byte	0
 978 03b6 00       		.byte	0
 979 03b7 00       		.byte	0
 980              		.section	.cywolatch,"a",%progbits
 981              		.align	2
 982              		.type	cy_meta_wonvl, %object
 983              		.size	cy_meta_wonvl, 4
 984              	cy_meta_wonvl:
 985 0000 BC       		.byte	-68
 986 0001 90       		.byte	-112
 987 0002 AC       		.byte	-84
 988 0003 AF       		.byte	-81
 989              		.section	.cycustnvl,"a",%progbits
 990              		.align	2
 991              		.type	cy_meta_custnvl, %object
 992              		.size	cy_meta_custnvl, 4
 993              	cy_meta_custnvl:
 994 0000 00       		.byte	0
 995 0001 00       		.byte	0
 996 0002 40       		.byte	64
 997 0003 05       		.byte	5
 998              		.section	.cymeta,"a",%progbits
 999              		.align	2
 1000              		.type	cy_metadata, %object
 1001              		.size	cy_metadata, 12
 1002              	cy_metadata:
 1003 0000 00       		.byte	0
 1004 0001 01       		.byte	1
 1005 0002 2E       		.byte	46
 1006 0003 16       		.byte	22
 1007 0004 10       		.byte	16
 1008 0005 69       		.byte	105
 1009 0006 00       		.byte	0
 1010 0007 01       		.byte	1
 1011 0008 00       		.byte	0
 1012 0009 00       		.byte	0
 1013 000a 00       		.byte	0
 1014 000b 00       		.byte	0
 1015              		.section	.cyflashprotect,"a",%progbits
 1016              		.align	2
 1017              		.type	cy_meta_flashprotect, %object
 1018              		.size	cy_meta_flashprotect, 256
 1019              	cy_meta_flashprotect:
 1020 0000 00000000 		.space	256
 1020      00000000 
 1020      00000000 
 1020      00000000 
 1020      00000000 
 1021              		.text
 1022              	.Letext0:
ARM GAS  C:\Users\patel\AppData\Local\Temp\ccdsaudD.s 			page 19


 1023              		.file 1 ".\\Generated_Source\\PSoC5\\cymetadata.c"
 1024              		.file 2 ".\\Generated_Source\\PSoC5\\cytypes.h"
 1025              		.section	.debug_info,"",%progbits
 1026              	.Ldebug_info0:
 1027 0000 37010000 		.4byte	0x137
 1028 0004 0400     		.2byte	0x4
 1029 0006 00000000 		.4byte	.Ldebug_abbrev0
 1030 000a 04       		.byte	0x4
 1031 000b 01       		.uleb128 0x1
 1032 000c EA000000 		.4byte	.LASF18
 1033 0010 01       		.byte	0x1
 1034 0011 00000000 		.4byte	.LASF19
 1035 0015 6B000000 		.4byte	.LASF20
 1036 0019 00000000 		.4byte	.Ldebug_line0
 1037 001d 02       		.uleb128 0x2
 1038 001e 01       		.byte	0x1
 1039 001f 06       		.byte	0x6
 1040 0020 F4010000 		.4byte	.LASF0
 1041 0024 02       		.uleb128 0x2
 1042 0025 01       		.byte	0x1
 1043 0026 08       		.byte	0x8
 1044 0027 38000000 		.4byte	.LASF1
 1045 002b 02       		.uleb128 0x2
 1046 002c 02       		.byte	0x2
 1047 002d 05       		.byte	0x5
 1048 002e DB010000 		.4byte	.LASF2
 1049 0032 02       		.uleb128 0x2
 1050 0033 02       		.byte	0x2
 1051 0034 07       		.byte	0x7
 1052 0035 58000000 		.4byte	.LASF3
 1053 0039 02       		.uleb128 0x2
 1054 003a 04       		.byte	0x4
 1055 003b 05       		.byte	0x5
 1056 003c EB010000 		.4byte	.LASF4
 1057 0040 02       		.uleb128 0x2
 1058 0041 04       		.byte	0x4
 1059 0042 07       		.byte	0x7
 1060 0043 46000000 		.4byte	.LASF5
 1061 0047 02       		.uleb128 0x2
 1062 0048 08       		.byte	0x8
 1063 0049 05       		.byte	0x5
 1064 004a C8010000 		.4byte	.LASF6
 1065 004e 02       		.uleb128 0x2
 1066 004f 08       		.byte	0x8
 1067 0050 07       		.byte	0x7
 1068 0051 85010000 		.4byte	.LASF7
 1069 0055 03       		.uleb128 0x3
 1070 0056 04       		.byte	0x4
 1071 0057 05       		.byte	0x5
 1072 0058 696E7400 		.ascii	"int\000"
 1073 005c 02       		.uleb128 0x2
 1074 005d 04       		.byte	0x4
 1075 005e 07       		.byte	0x7
 1076 005f 78010000 		.4byte	.LASF8
 1077 0063 04       		.uleb128 0x4
 1078 0064 E5010000 		.4byte	.LASF21
 1079 0068 02       		.byte	0x2
ARM GAS  C:\Users\patel\AppData\Local\Temp\ccdsaudD.s 			page 20


 1080 0069 9201     		.2byte	0x192
 1081 006b 24000000 		.4byte	0x24
 1082 006f 02       		.uleb128 0x2
 1083 0070 04       		.byte	0x4
 1084 0071 04       		.byte	0x4
 1085 0072 32000000 		.4byte	.LASF9
 1086 0076 02       		.uleb128 0x2
 1087 0077 08       		.byte	0x8
 1088 0078 04       		.byte	0x4
 1089 0079 C1000000 		.4byte	.LASF10
 1090 007d 02       		.uleb128 0x2
 1091 007e 01       		.byte	0x1
 1092 007f 08       		.byte	0x8
 1093 0080 D6010000 		.4byte	.LASF11
 1094 0084 05       		.uleb128 0x5
 1095 0085 63000000 		.4byte	0x63
 1096 0089 95000000 		.4byte	0x95
 1097 008d 06       		.uleb128 0x6
 1098 008e 95000000 		.4byte	0x95
 1099 0092 B703     		.2byte	0x3b7
 1100 0094 00       		.byte	0
 1101 0095 02       		.uleb128 0x2
 1102 0096 04       		.byte	0x4
 1103 0097 07       		.byte	0x7
 1104 0098 BF010000 		.4byte	.LASF12
 1105 009c 07       		.uleb128 0x7
 1106 009d D8000000 		.4byte	.LASF13
 1107 00a1 01       		.byte	0x1
 1108 00a2 1F       		.byte	0x1f
 1109 00a3 AD000000 		.4byte	0xad
 1110 00a7 05       		.uleb128 0x5
 1111 00a8 03       		.byte	0x3
 1112 00a9 00000000 		.4byte	cy_meta_configecc
 1113 00ad 08       		.uleb128 0x8
 1114 00ae 84000000 		.4byte	0x84
 1115 00b2 05       		.uleb128 0x5
 1116 00b3 63000000 		.4byte	0x63
 1117 00b7 C2000000 		.4byte	0xc2
 1118 00bb 09       		.uleb128 0x9
 1119 00bc 95000000 		.4byte	0x95
 1120 00c0 03       		.byte	0x3
 1121 00c1 00       		.byte	0
 1122 00c2 07       		.uleb128 0x7
 1123 00c3 C8000000 		.4byte	.LASF14
 1124 00c7 01       		.byte	0x1
 1125 00c8 A3       		.byte	0xa3
 1126 00c9 D3000000 		.4byte	0xd3
 1127 00cd 05       		.uleb128 0x5
 1128 00ce 03       		.byte	0x3
 1129 00cf 00000000 		.4byte	cy_meta_custnvl
 1130 00d3 08       		.uleb128 0x8
 1131 00d4 B2000000 		.4byte	0xb2
 1132 00d8 07       		.uleb128 0x7
 1133 00d9 B1010000 		.4byte	.LASF15
 1134 00dd 01       		.byte	0x1
 1135 00de B1       		.byte	0xb1
 1136 00df E9000000 		.4byte	0xe9
ARM GAS  C:\Users\patel\AppData\Local\Temp\ccdsaudD.s 			page 21


 1137 00e3 05       		.uleb128 0x5
 1138 00e4 03       		.byte	0x3
 1139 00e5 00000000 		.4byte	cy_meta_wonvl
 1140 00e9 08       		.uleb128 0x8
 1141 00ea B2000000 		.4byte	0xb2
 1142 00ee 05       		.uleb128 0x5
 1143 00ef 63000000 		.4byte	0x63
 1144 00f3 FE000000 		.4byte	0xfe
 1145 00f7 09       		.uleb128 0x9
 1146 00f8 95000000 		.4byte	0x95
 1147 00fc FF       		.byte	0xff
 1148 00fd 00       		.byte	0
 1149 00fe 07       		.uleb128 0x7
 1150 00ff 9C010000 		.4byte	.LASF16
 1151 0103 01       		.byte	0x1
 1152 0104 BF       		.byte	0xbf
 1153 0105 0F010000 		.4byte	0x10f
 1154 0109 05       		.uleb128 0x5
 1155 010a 03       		.byte	0x3
 1156 010b 00000000 		.4byte	cy_meta_flashprotect
 1157 010f 08       		.uleb128 0x8
 1158 0110 EE000000 		.4byte	0xee
 1159 0114 05       		.uleb128 0x5
 1160 0115 63000000 		.4byte	0x63
 1161 0119 24010000 		.4byte	0x124
 1162 011d 09       		.uleb128 0x9
 1163 011e 95000000 		.4byte	0x95
 1164 0122 0B       		.byte	0xb
 1165 0123 00       		.byte	0
 1166 0124 07       		.uleb128 0x7
 1167 0125 26000000 		.4byte	.LASF17
 1168 0129 01       		.byte	0x1
 1169 012a EC       		.byte	0xec
 1170 012b 35010000 		.4byte	0x135
 1171 012f 05       		.uleb128 0x5
 1172 0130 03       		.byte	0x3
 1173 0131 00000000 		.4byte	cy_metadata
 1174 0135 08       		.uleb128 0x8
 1175 0136 14010000 		.4byte	0x114
 1176 013a 00       		.byte	0
 1177              		.section	.debug_abbrev,"",%progbits
 1178              	.Ldebug_abbrev0:
 1179 0000 01       		.uleb128 0x1
 1180 0001 11       		.uleb128 0x11
 1181 0002 01       		.byte	0x1
 1182 0003 25       		.uleb128 0x25
 1183 0004 0E       		.uleb128 0xe
 1184 0005 13       		.uleb128 0x13
 1185 0006 0B       		.uleb128 0xb
 1186 0007 03       		.uleb128 0x3
 1187 0008 0E       		.uleb128 0xe
 1188 0009 1B       		.uleb128 0x1b
 1189 000a 0E       		.uleb128 0xe
 1190 000b 10       		.uleb128 0x10
 1191 000c 17       		.uleb128 0x17
 1192 000d 00       		.byte	0
 1193 000e 00       		.byte	0
ARM GAS  C:\Users\patel\AppData\Local\Temp\ccdsaudD.s 			page 22


 1194 000f 02       		.uleb128 0x2
 1195 0010 24       		.uleb128 0x24
 1196 0011 00       		.byte	0
 1197 0012 0B       		.uleb128 0xb
 1198 0013 0B       		.uleb128 0xb
 1199 0014 3E       		.uleb128 0x3e
 1200 0015 0B       		.uleb128 0xb
 1201 0016 03       		.uleb128 0x3
 1202 0017 0E       		.uleb128 0xe
 1203 0018 00       		.byte	0
 1204 0019 00       		.byte	0
 1205 001a 03       		.uleb128 0x3
 1206 001b 24       		.uleb128 0x24
 1207 001c 00       		.byte	0
 1208 001d 0B       		.uleb128 0xb
 1209 001e 0B       		.uleb128 0xb
 1210 001f 3E       		.uleb128 0x3e
 1211 0020 0B       		.uleb128 0xb
 1212 0021 03       		.uleb128 0x3
 1213 0022 08       		.uleb128 0x8
 1214 0023 00       		.byte	0
 1215 0024 00       		.byte	0
 1216 0025 04       		.uleb128 0x4
 1217 0026 16       		.uleb128 0x16
 1218 0027 00       		.byte	0
 1219 0028 03       		.uleb128 0x3
 1220 0029 0E       		.uleb128 0xe
 1221 002a 3A       		.uleb128 0x3a
 1222 002b 0B       		.uleb128 0xb
 1223 002c 3B       		.uleb128 0x3b
 1224 002d 05       		.uleb128 0x5
 1225 002e 49       		.uleb128 0x49
 1226 002f 13       		.uleb128 0x13
 1227 0030 00       		.byte	0
 1228 0031 00       		.byte	0
 1229 0032 05       		.uleb128 0x5
 1230 0033 01       		.uleb128 0x1
 1231 0034 01       		.byte	0x1
 1232 0035 49       		.uleb128 0x49
 1233 0036 13       		.uleb128 0x13
 1234 0037 01       		.uleb128 0x1
 1235 0038 13       		.uleb128 0x13
 1236 0039 00       		.byte	0
 1237 003a 00       		.byte	0
 1238 003b 06       		.uleb128 0x6
 1239 003c 21       		.uleb128 0x21
 1240 003d 00       		.byte	0
 1241 003e 49       		.uleb128 0x49
 1242 003f 13       		.uleb128 0x13
 1243 0040 2F       		.uleb128 0x2f
 1244 0041 05       		.uleb128 0x5
 1245 0042 00       		.byte	0
 1246 0043 00       		.byte	0
 1247 0044 07       		.uleb128 0x7
 1248 0045 34       		.uleb128 0x34
 1249 0046 00       		.byte	0
 1250 0047 03       		.uleb128 0x3
ARM GAS  C:\Users\patel\AppData\Local\Temp\ccdsaudD.s 			page 23


 1251 0048 0E       		.uleb128 0xe
 1252 0049 3A       		.uleb128 0x3a
 1253 004a 0B       		.uleb128 0xb
 1254 004b 3B       		.uleb128 0x3b
 1255 004c 0B       		.uleb128 0xb
 1256 004d 49       		.uleb128 0x49
 1257 004e 13       		.uleb128 0x13
 1258 004f 3F       		.uleb128 0x3f
 1259 0050 19       		.uleb128 0x19
 1260 0051 02       		.uleb128 0x2
 1261 0052 18       		.uleb128 0x18
 1262 0053 00       		.byte	0
 1263 0054 00       		.byte	0
 1264 0055 08       		.uleb128 0x8
 1265 0056 26       		.uleb128 0x26
 1266 0057 00       		.byte	0
 1267 0058 49       		.uleb128 0x49
 1268 0059 13       		.uleb128 0x13
 1269 005a 00       		.byte	0
 1270 005b 00       		.byte	0
 1271 005c 09       		.uleb128 0x9
 1272 005d 21       		.uleb128 0x21
 1273 005e 00       		.byte	0
 1274 005f 49       		.uleb128 0x49
 1275 0060 13       		.uleb128 0x13
 1276 0061 2F       		.uleb128 0x2f
 1277 0062 0B       		.uleb128 0xb
 1278 0063 00       		.byte	0
 1279 0064 00       		.byte	0
 1280 0065 00       		.byte	0
 1281              		.section	.debug_aranges,"",%progbits
 1282 0000 14000000 		.4byte	0x14
 1283 0004 0200     		.2byte	0x2
 1284 0006 00000000 		.4byte	.Ldebug_info0
 1285 000a 04       		.byte	0x4
 1286 000b 00       		.byte	0
 1287 000c 0000     		.2byte	0
 1288 000e 0000     		.2byte	0
 1289 0010 00000000 		.4byte	0
 1290 0014 00000000 		.4byte	0
 1291              		.section	.debug_line,"",%progbits
 1292              	.Ldebug_line0:
 1293 0000 4F000000 		.section	.debug_str,"MS",%progbits,1
 1293      02004900 
 1293      00000201 
 1293      FB0E0D00 
 1293      01010101 
 1294              	.LASF19:
 1295 0000 2E5C4765 		.ascii	".\\Generated_Source\\PSoC5\\cymetadata.c\000"
 1295      6E657261 
 1295      7465645F 
 1295      536F7572 
 1295      63655C50 
 1296              	.LASF17:
 1297 0026 63795F6D 		.ascii	"cy_metadata\000"
 1297      65746164 
 1297      61746100 
ARM GAS  C:\Users\patel\AppData\Local\Temp\ccdsaudD.s 			page 24


 1298              	.LASF9:
 1299 0032 666C6F61 		.ascii	"float\000"
 1299      7400
 1300              	.LASF1:
 1301 0038 756E7369 		.ascii	"unsigned char\000"
 1301      676E6564 
 1301      20636861 
 1301      7200
 1302              	.LASF5:
 1303 0046 6C6F6E67 		.ascii	"long unsigned int\000"
 1303      20756E73 
 1303      69676E65 
 1303      6420696E 
 1303      7400
 1304              	.LASF3:
 1305 0058 73686F72 		.ascii	"short unsigned int\000"
 1305      7420756E 
 1305      7369676E 
 1305      65642069 
 1305      6E7400
 1306              	.LASF20:
 1307 006b 433A5C55 		.ascii	"C:\\Users\\patel\\Downloads\\New\\CS301_Class.cyprj"
 1307      73657273 
 1307      5C706174 
 1307      656C5C44 
 1307      6F776E6C 
 1308 0099 2E417263 		.ascii	".Archive01\\CS301_Class.cydsn\\UART.cydsn\000"
 1308      68697665 
 1308      30315C43 
 1308      53333031 
 1308      5F436C61 
 1309              	.LASF10:
 1310 00c1 646F7562 		.ascii	"double\000"
 1310      6C6500
 1311              	.LASF14:
 1312 00c8 63795F6D 		.ascii	"cy_meta_custnvl\000"
 1312      6574615F 
 1312      63757374 
 1312      6E766C00 
 1313              	.LASF13:
 1314 00d8 63795F6D 		.ascii	"cy_meta_configecc\000"
 1314      6574615F 
 1314      636F6E66 
 1314      69676563 
 1314      6300
 1315              	.LASF18:
 1316 00ea 474E5520 		.ascii	"GNU C 4.9.3 20150303 (release) [ARM/embedded-4_9-br"
 1316      4320342E 
 1316      392E3320 
 1316      32303135 
 1316      30333033 
 1317 011d 616E6368 		.ascii	"anch revision 221220] -mcpu=cortex-m3 -mthumb -g -O"
 1317      20726576 
 1317      6973696F 
 1317      6E203232 
 1317      31323230 
 1318 0150 67202D66 		.ascii	"g -ffunction-sections -ffat-lto-objects\000"
ARM GAS  C:\Users\patel\AppData\Local\Temp\ccdsaudD.s 			page 25


 1318      66756E63 
 1318      74696F6E 
 1318      2D736563 
 1318      74696F6E 
 1319              	.LASF8:
 1320 0178 756E7369 		.ascii	"unsigned int\000"
 1320      676E6564 
 1320      20696E74 
 1320      00
 1321              	.LASF7:
 1322 0185 6C6F6E67 		.ascii	"long long unsigned int\000"
 1322      206C6F6E 
 1322      6720756E 
 1322      7369676E 
 1322      65642069 
 1323              	.LASF16:
 1324 019c 63795F6D 		.ascii	"cy_meta_flashprotect\000"
 1324      6574615F 
 1324      666C6173 
 1324      6870726F 
 1324      74656374 
 1325              	.LASF15:
 1326 01b1 63795F6D 		.ascii	"cy_meta_wonvl\000"
 1326      6574615F 
 1326      776F6E76 
 1326      6C00
 1327              	.LASF12:
 1328 01bf 73697A65 		.ascii	"sizetype\000"
 1328      74797065 
 1328      00
 1329              	.LASF6:
 1330 01c8 6C6F6E67 		.ascii	"long long int\000"
 1330      206C6F6E 
 1330      6720696E 
 1330      7400
 1331              	.LASF11:
 1332 01d6 63686172 		.ascii	"char\000"
 1332      00
 1333              	.LASF2:
 1334 01db 73686F72 		.ascii	"short int\000"
 1334      7420696E 
 1334      7400
 1335              	.LASF21:
 1336 01e5 75696E74 		.ascii	"uint8\000"
 1336      3800
 1337              	.LASF4:
 1338 01eb 6C6F6E67 		.ascii	"long int\000"
 1338      20696E74 
 1338      00
 1339              	.LASF0:
 1340 01f4 7369676E 		.ascii	"signed char\000"
 1340      65642063 
 1340      68617200 
 1341              		.ident	"GCC: (GNU Tools for ARM Embedded Processors) 4.9.3 20150303 (release) [ARM/embedded-4_9-br
