ARM GAS  C:\Users\patel\AppData\Local\Temp\cckWxqqy.s 			page 1


   1              		.syntax unified
   2              		.cpu cortex-m3
   3              		.fpu softvfp
   4              		.eabi_attribute 20, 1
   5              		.eabi_attribute 21, 1
   6              		.eabi_attribute 23, 3
   7              		.eabi_attribute 24, 1
   8              		.eabi_attribute 25, 1
   9              		.eabi_attribute 26, 1
  10              		.eabi_attribute 30, 1
  11              		.eabi_attribute 34, 1
  12              		.eabi_attribute 18, 4
  13              		.thumb
  14              		.file	"main.c"
  15              		.text
  16              	.Ltext0:
  17              		.cfi_sections	.debug_frame
  18              		.section	.text.main,"ax",%progbits
  19              		.align	2
  20              		.global	main
  21              		.thumb
  22              		.thumb_func
  23              		.type	main, %function
  24              	main:
  25              	.LFB63:
  26              		.file 1 ".\\main.c"
   1:.\main.c      **** /* ========================================
   2:.\main.c      ****  *
   3:.\main.c      ****  * Copyright YOUR COMPANY, THE YEAR
   4:.\main.c      ****  * All Rights Reserved
   5:.\main.c      ****  * UNPUBLISHED, LICENSED SOFTWARE.
   6:.\main.c      ****  *
   7:.\main.c      ****  * CONFIDENTIAL AND PROPRIETARY INFORMATION
   8:.\main.c      ****  * WHICH IS THE PROPERTY OF your company.
   9:.\main.c      ****  *
  10:.\main.c      ****  * ========================================
  11:.\main.c      **** */
  12:.\main.c      **** #include <project.h>
  13:.\main.c      **** 
  14:.\main.c      **** int main()
  15:.\main.c      **** {
  27              		.loc 1 15 0
  28              		.cfi_startproc
  29              		@ Volatile: function does not return.
  30              		@ args = 0, pretend = 0, frame = 0
  31              		@ frame_needed = 0, uses_anonymous_args = 0
  32 0000 08B5     		push	{r3, lr}
  33              		.cfi_def_cfa_offset 8
  34              		.cfi_offset 3, -8
  35              		.cfi_offset 14, -4
  16:.\main.c      ****     
  17:.\main.c      **** 
  18:.\main.c      ****     
  19:.\main.c      ****     CyGlobalIntEnable; /* Enable global interrupts. */
  36              		.loc 1 19 0
  37              	@ 19 ".\main.c" 1
  38 0002 62B6     		CPSIE   i
ARM GAS  C:\Users\patel\AppData\Local\Temp\cckWxqqy.s 			page 2


  39              	@ 0 "" 2
  20:.\main.c      ****     UART_Start();
  40              		.loc 1 20 0
  41              		.thumb
  42 0004 FFF7FEFF 		bl	UART_Start
  43              	.LVL0:
  44              	.L2:
  21:.\main.c      ****     
  22:.\main.c      ****     /* Place your initialization/startup code here (e.g. MyInst_Start()) */
  23:.\main.c      **** 
  24:.\main.c      ****     for(;;)
  25:.\main.c      ****     {
  26:.\main.c      ****         /* Place your application code here. */
  27:.\main.c      ****         UART_PutChar(52);
  45              		.loc 1 27 0 discriminator 1
  46 0008 3420     		movs	r0, #52
  47 000a FFF7FEFF 		bl	UART_PutChar
  48              	.LVL1:
  28:.\main.c      ****         CyDelay(10);
  49              		.loc 1 28 0 discriminator 1
  50 000e 0A20     		movs	r0, #10
  51 0010 FFF7FEFF 		bl	CyDelay
  52              	.LVL2:
  29:.\main.c      ****     }
  53              		.loc 1 29 0 discriminator 1
  54 0014 F8E7     		b	.L2
  55              		.cfi_endproc
  56              	.LFE63:
  57              		.size	main, .-main
  58 0016 00BF     		.text
  59              	.Letext0:
  60              		.file 2 "f:\\psoc creator\\3.3\\psoc creator\\import\\gnu\\arm\\4.9.3\\arm-none-eabi\\include\\mac
  61              		.file 3 "f:\\psoc creator\\3.3\\psoc creator\\import\\gnu\\arm\\4.9.3\\arm-none-eabi\\include\\std
  62              		.file 4 "Generated_Source\\PSoC5/cytypes.h"
  63              		.file 5 "Generated_Source\\PSoC5/core_cm3.h"
  64              		.file 6 "Generated_Source\\PSoC5/UART.h"
  65              		.file 7 "Generated_Source\\PSoC5/CyLib.h"
  66              		.section	.debug_info,"",%progbits
  67              	.Ldebug_info0:
  68 0000 2E010000 		.4byte	0x12e
  69 0004 0400     		.2byte	0x4
  70 0006 00000000 		.4byte	.Ldebug_abbrev0
  71 000a 04       		.byte	0x4
  72 000b 01       		.uleb128 0x1
  73 000c 7A000000 		.4byte	.LASF17
  74 0010 01       		.byte	0x1
  75 0011 47000000 		.4byte	.LASF18
  76 0015 66010000 		.4byte	.LASF19
  77 0019 00000000 		.4byte	.Ldebug_ranges0+0
  78 001d 00000000 		.4byte	0
  79 0021 00000000 		.4byte	.Ldebug_line0
  80 0025 02       		.uleb128 0x2
  81 0026 01       		.byte	0x1
  82 0027 06       		.byte	0x6
  83 0028 50010000 		.4byte	.LASF0
  84 002c 02       		.uleb128 0x2
  85 002d 01       		.byte	0x1
ARM GAS  C:\Users\patel\AppData\Local\Temp\cckWxqqy.s 			page 3


  86 002e 08       		.byte	0x8
  87 002f 13010000 		.4byte	.LASF1
  88 0033 02       		.uleb128 0x2
  89 0034 02       		.byte	0x2
  90 0035 05       		.byte	0x5
  91 0036 C2010000 		.4byte	.LASF2
  92 003a 02       		.uleb128 0x2
  93 003b 02       		.byte	0x2
  94 003c 07       		.byte	0x7
  95 003d 67000000 		.4byte	.LASF3
  96 0041 03       		.uleb128 0x3
  97 0042 5C010000 		.4byte	.LASF9
  98 0046 02       		.byte	0x2
  99 0047 3F       		.byte	0x3f
 100 0048 4C000000 		.4byte	0x4c
 101 004c 02       		.uleb128 0x2
 102 004d 04       		.byte	0x4
 103 004e 05       		.byte	0x5
 104 004f 26010000 		.4byte	.LASF4
 105 0053 02       		.uleb128 0x2
 106 0054 04       		.byte	0x4
 107 0055 07       		.byte	0x7
 108 0056 35000000 		.4byte	.LASF5
 109 005a 02       		.uleb128 0x2
 110 005b 08       		.byte	0x8
 111 005c 05       		.byte	0x5
 112 005d 00000000 		.4byte	.LASF6
 113 0061 02       		.uleb128 0x2
 114 0062 08       		.byte	0x8
 115 0063 07       		.byte	0x7
 116 0064 50000000 		.4byte	.LASF7
 117 0068 04       		.uleb128 0x4
 118 0069 04       		.byte	0x4
 119 006a 05       		.byte	0x5
 120 006b 696E7400 		.ascii	"int\000"
 121 006f 02       		.uleb128 0x2
 122 0070 04       		.byte	0x4
 123 0071 07       		.byte	0x7
 124 0072 15000000 		.4byte	.LASF8
 125 0076 03       		.uleb128 0x3
 126 0077 CC010000 		.4byte	.LASF10
 127 007b 03       		.byte	0x3
 128 007c 2C       		.byte	0x2c
 129 007d 41000000 		.4byte	0x41
 130 0081 05       		.uleb128 0x5
 131 0082 2F000000 		.4byte	.LASF11
 132 0086 04       		.byte	0x4
 133 0087 9201     		.2byte	0x192
 134 0089 2C000000 		.4byte	0x2c
 135 008d 05       		.uleb128 0x5
 136 008e 0E000000 		.4byte	.LASF12
 137 0092 04       		.byte	0x4
 138 0093 9401     		.2byte	0x194
 139 0095 53000000 		.4byte	0x53
 140 0099 02       		.uleb128 0x2
 141 009a 04       		.byte	0x4
 142 009b 04       		.byte	0x4
ARM GAS  C:\Users\patel\AppData\Local\Temp\cckWxqqy.s 			page 4


 143 009c BC010000 		.4byte	.LASF13
 144 00a0 02       		.uleb128 0x2
 145 00a1 08       		.byte	0x8
 146 00a2 04       		.byte	0x4
 147 00a3 3C010000 		.4byte	.LASF14
 148 00a7 02       		.uleb128 0x2
 149 00a8 01       		.byte	0x1
 150 00a9 08       		.byte	0x8
 151 00aa 21010000 		.4byte	.LASF15
 152 00ae 02       		.uleb128 0x2
 153 00af 04       		.byte	0x4
 154 00b0 07       		.byte	0x7
 155 00b1 D4010000 		.4byte	.LASF16
 156 00b5 06       		.uleb128 0x6
 157 00b6 22000000 		.4byte	.LASF20
 158 00ba 01       		.byte	0x1
 159 00bb 0E       		.byte	0xe
 160 00bc 68000000 		.4byte	0x68
 161 00c0 00000000 		.4byte	.LFB63
 162 00c4 16000000 		.4byte	.LFE63-.LFB63
 163 00c8 01       		.uleb128 0x1
 164 00c9 9C       		.byte	0x9c
 165 00ca FB000000 		.4byte	0xfb
 166 00ce 07       		.uleb128 0x7
 167 00cf 08000000 		.4byte	.LVL0
 168 00d3 0C010000 		.4byte	0x10c
 169 00d7 08       		.uleb128 0x8
 170 00d8 0E000000 		.4byte	.LVL1
 171 00dc 13010000 		.4byte	0x113
 172 00e0 EB000000 		.4byte	0xeb
 173 00e4 09       		.uleb128 0x9
 174 00e5 01       		.uleb128 0x1
 175 00e6 50       		.byte	0x50
 176 00e7 02       		.uleb128 0x2
 177 00e8 08       		.byte	0x8
 178 00e9 34       		.byte	0x34
 179 00ea 00       		.byte	0
 180 00eb 0A       		.uleb128 0xa
 181 00ec 14000000 		.4byte	.LVL2
 182 00f0 24010000 		.4byte	0x124
 183 00f4 09       		.uleb128 0x9
 184 00f5 01       		.uleb128 0x1
 185 00f6 50       		.byte	0x50
 186 00f7 01       		.uleb128 0x1
 187 00f8 3A       		.byte	0x3a
 188 00f9 00       		.byte	0
 189 00fa 00       		.byte	0
 190 00fb 0B       		.uleb128 0xb
 191 00fc 43010000 		.4byte	.LASF21
 192 0100 05       		.byte	0x5
 193 0101 9606     		.2byte	0x696
 194 0103 07010000 		.4byte	0x107
 195 0107 0C       		.uleb128 0xc
 196 0108 76000000 		.4byte	0x76
 197 010c 0D       		.uleb128 0xd
 198 010d 08010000 		.4byte	.LASF22
 199 0111 06       		.byte	0x6
ARM GAS  C:\Users\patel\AppData\Local\Temp\cckWxqqy.s 			page 5


 200 0112 54       		.byte	0x54
 201 0113 0E       		.uleb128 0xe
 202 0114 2F010000 		.4byte	.LASF23
 203 0118 06       		.byte	0x6
 204 0119 8A       		.byte	0x8a
 205 011a 24010000 		.4byte	0x124
 206 011e 0F       		.uleb128 0xf
 207 011f 81000000 		.4byte	0x81
 208 0123 00       		.byte	0
 209 0124 10       		.uleb128 0x10
 210 0125 27000000 		.4byte	.LASF24
 211 0129 07       		.byte	0x7
 212 012a 76       		.byte	0x76
 213 012b 0F       		.uleb128 0xf
 214 012c 8D000000 		.4byte	0x8d
 215 0130 00       		.byte	0
 216 0131 00       		.byte	0
 217              		.section	.debug_abbrev,"",%progbits
 218              	.Ldebug_abbrev0:
 219 0000 01       		.uleb128 0x1
 220 0001 11       		.uleb128 0x11
 221 0002 01       		.byte	0x1
 222 0003 25       		.uleb128 0x25
 223 0004 0E       		.uleb128 0xe
 224 0005 13       		.uleb128 0x13
 225 0006 0B       		.uleb128 0xb
 226 0007 03       		.uleb128 0x3
 227 0008 0E       		.uleb128 0xe
 228 0009 1B       		.uleb128 0x1b
 229 000a 0E       		.uleb128 0xe
 230 000b 55       		.uleb128 0x55
 231 000c 17       		.uleb128 0x17
 232 000d 11       		.uleb128 0x11
 233 000e 01       		.uleb128 0x1
 234 000f 10       		.uleb128 0x10
 235 0010 17       		.uleb128 0x17
 236 0011 00       		.byte	0
 237 0012 00       		.byte	0
 238 0013 02       		.uleb128 0x2
 239 0014 24       		.uleb128 0x24
 240 0015 00       		.byte	0
 241 0016 0B       		.uleb128 0xb
 242 0017 0B       		.uleb128 0xb
 243 0018 3E       		.uleb128 0x3e
 244 0019 0B       		.uleb128 0xb
 245 001a 03       		.uleb128 0x3
 246 001b 0E       		.uleb128 0xe
 247 001c 00       		.byte	0
 248 001d 00       		.byte	0
 249 001e 03       		.uleb128 0x3
 250 001f 16       		.uleb128 0x16
 251 0020 00       		.byte	0
 252 0021 03       		.uleb128 0x3
 253 0022 0E       		.uleb128 0xe
 254 0023 3A       		.uleb128 0x3a
 255 0024 0B       		.uleb128 0xb
 256 0025 3B       		.uleb128 0x3b
ARM GAS  C:\Users\patel\AppData\Local\Temp\cckWxqqy.s 			page 6


 257 0026 0B       		.uleb128 0xb
 258 0027 49       		.uleb128 0x49
 259 0028 13       		.uleb128 0x13
 260 0029 00       		.byte	0
 261 002a 00       		.byte	0
 262 002b 04       		.uleb128 0x4
 263 002c 24       		.uleb128 0x24
 264 002d 00       		.byte	0
 265 002e 0B       		.uleb128 0xb
 266 002f 0B       		.uleb128 0xb
 267 0030 3E       		.uleb128 0x3e
 268 0031 0B       		.uleb128 0xb
 269 0032 03       		.uleb128 0x3
 270 0033 08       		.uleb128 0x8
 271 0034 00       		.byte	0
 272 0035 00       		.byte	0
 273 0036 05       		.uleb128 0x5
 274 0037 16       		.uleb128 0x16
 275 0038 00       		.byte	0
 276 0039 03       		.uleb128 0x3
 277 003a 0E       		.uleb128 0xe
 278 003b 3A       		.uleb128 0x3a
 279 003c 0B       		.uleb128 0xb
 280 003d 3B       		.uleb128 0x3b
 281 003e 05       		.uleb128 0x5
 282 003f 49       		.uleb128 0x49
 283 0040 13       		.uleb128 0x13
 284 0041 00       		.byte	0
 285 0042 00       		.byte	0
 286 0043 06       		.uleb128 0x6
 287 0044 2E       		.uleb128 0x2e
 288 0045 01       		.byte	0x1
 289 0046 3F       		.uleb128 0x3f
 290 0047 19       		.uleb128 0x19
 291 0048 03       		.uleb128 0x3
 292 0049 0E       		.uleb128 0xe
 293 004a 3A       		.uleb128 0x3a
 294 004b 0B       		.uleb128 0xb
 295 004c 3B       		.uleb128 0x3b
 296 004d 0B       		.uleb128 0xb
 297 004e 49       		.uleb128 0x49
 298 004f 13       		.uleb128 0x13
 299 0050 11       		.uleb128 0x11
 300 0051 01       		.uleb128 0x1
 301 0052 12       		.uleb128 0x12
 302 0053 06       		.uleb128 0x6
 303 0054 40       		.uleb128 0x40
 304 0055 18       		.uleb128 0x18
 305 0056 9742     		.uleb128 0x2117
 306 0058 19       		.uleb128 0x19
 307 0059 01       		.uleb128 0x1
 308 005a 13       		.uleb128 0x13
 309 005b 00       		.byte	0
 310 005c 00       		.byte	0
 311 005d 07       		.uleb128 0x7
 312 005e 898201   		.uleb128 0x4109
 313 0061 00       		.byte	0
ARM GAS  C:\Users\patel\AppData\Local\Temp\cckWxqqy.s 			page 7


 314 0062 11       		.uleb128 0x11
 315 0063 01       		.uleb128 0x1
 316 0064 31       		.uleb128 0x31
 317 0065 13       		.uleb128 0x13
 318 0066 00       		.byte	0
 319 0067 00       		.byte	0
 320 0068 08       		.uleb128 0x8
 321 0069 898201   		.uleb128 0x4109
 322 006c 01       		.byte	0x1
 323 006d 11       		.uleb128 0x11
 324 006e 01       		.uleb128 0x1
 325 006f 31       		.uleb128 0x31
 326 0070 13       		.uleb128 0x13
 327 0071 01       		.uleb128 0x1
 328 0072 13       		.uleb128 0x13
 329 0073 00       		.byte	0
 330 0074 00       		.byte	0
 331 0075 09       		.uleb128 0x9
 332 0076 8A8201   		.uleb128 0x410a
 333 0079 00       		.byte	0
 334 007a 02       		.uleb128 0x2
 335 007b 18       		.uleb128 0x18
 336 007c 9142     		.uleb128 0x2111
 337 007e 18       		.uleb128 0x18
 338 007f 00       		.byte	0
 339 0080 00       		.byte	0
 340 0081 0A       		.uleb128 0xa
 341 0082 898201   		.uleb128 0x4109
 342 0085 01       		.byte	0x1
 343 0086 11       		.uleb128 0x11
 344 0087 01       		.uleb128 0x1
 345 0088 31       		.uleb128 0x31
 346 0089 13       		.uleb128 0x13
 347 008a 00       		.byte	0
 348 008b 00       		.byte	0
 349 008c 0B       		.uleb128 0xb
 350 008d 34       		.uleb128 0x34
 351 008e 00       		.byte	0
 352 008f 03       		.uleb128 0x3
 353 0090 0E       		.uleb128 0xe
 354 0091 3A       		.uleb128 0x3a
 355 0092 0B       		.uleb128 0xb
 356 0093 3B       		.uleb128 0x3b
 357 0094 05       		.uleb128 0x5
 358 0095 49       		.uleb128 0x49
 359 0096 13       		.uleb128 0x13
 360 0097 3F       		.uleb128 0x3f
 361 0098 19       		.uleb128 0x19
 362 0099 3C       		.uleb128 0x3c
 363 009a 19       		.uleb128 0x19
 364 009b 00       		.byte	0
 365 009c 00       		.byte	0
 366 009d 0C       		.uleb128 0xc
 367 009e 35       		.uleb128 0x35
 368 009f 00       		.byte	0
 369 00a0 49       		.uleb128 0x49
 370 00a1 13       		.uleb128 0x13
ARM GAS  C:\Users\patel\AppData\Local\Temp\cckWxqqy.s 			page 8


 371 00a2 00       		.byte	0
 372 00a3 00       		.byte	0
 373 00a4 0D       		.uleb128 0xd
 374 00a5 2E       		.uleb128 0x2e
 375 00a6 00       		.byte	0
 376 00a7 3F       		.uleb128 0x3f
 377 00a8 19       		.uleb128 0x19
 378 00a9 03       		.uleb128 0x3
 379 00aa 0E       		.uleb128 0xe
 380 00ab 3A       		.uleb128 0x3a
 381 00ac 0B       		.uleb128 0xb
 382 00ad 3B       		.uleb128 0x3b
 383 00ae 0B       		.uleb128 0xb
 384 00af 27       		.uleb128 0x27
 385 00b0 19       		.uleb128 0x19
 386 00b1 3C       		.uleb128 0x3c
 387 00b2 19       		.uleb128 0x19
 388 00b3 00       		.byte	0
 389 00b4 00       		.byte	0
 390 00b5 0E       		.uleb128 0xe
 391 00b6 2E       		.uleb128 0x2e
 392 00b7 01       		.byte	0x1
 393 00b8 3F       		.uleb128 0x3f
 394 00b9 19       		.uleb128 0x19
 395 00ba 03       		.uleb128 0x3
 396 00bb 0E       		.uleb128 0xe
 397 00bc 3A       		.uleb128 0x3a
 398 00bd 0B       		.uleb128 0xb
 399 00be 3B       		.uleb128 0x3b
 400 00bf 0B       		.uleb128 0xb
 401 00c0 27       		.uleb128 0x27
 402 00c1 19       		.uleb128 0x19
 403 00c2 3C       		.uleb128 0x3c
 404 00c3 19       		.uleb128 0x19
 405 00c4 01       		.uleb128 0x1
 406 00c5 13       		.uleb128 0x13
 407 00c6 00       		.byte	0
 408 00c7 00       		.byte	0
 409 00c8 0F       		.uleb128 0xf
 410 00c9 05       		.uleb128 0x5
 411 00ca 00       		.byte	0
 412 00cb 49       		.uleb128 0x49
 413 00cc 13       		.uleb128 0x13
 414 00cd 00       		.byte	0
 415 00ce 00       		.byte	0
 416 00cf 10       		.uleb128 0x10
 417 00d0 2E       		.uleb128 0x2e
 418 00d1 01       		.byte	0x1
 419 00d2 3F       		.uleb128 0x3f
 420 00d3 19       		.uleb128 0x19
 421 00d4 03       		.uleb128 0x3
 422 00d5 0E       		.uleb128 0xe
 423 00d6 3A       		.uleb128 0x3a
 424 00d7 0B       		.uleb128 0xb
 425 00d8 3B       		.uleb128 0x3b
 426 00d9 0B       		.uleb128 0xb
 427 00da 27       		.uleb128 0x27
ARM GAS  C:\Users\patel\AppData\Local\Temp\cckWxqqy.s 			page 9


 428 00db 19       		.uleb128 0x19
 429 00dc 3C       		.uleb128 0x3c
 430 00dd 19       		.uleb128 0x19
 431 00de 00       		.byte	0
 432 00df 00       		.byte	0
 433 00e0 00       		.byte	0
 434              		.section	.debug_aranges,"",%progbits
 435 0000 1C000000 		.4byte	0x1c
 436 0004 0200     		.2byte	0x2
 437 0006 00000000 		.4byte	.Ldebug_info0
 438 000a 04       		.byte	0x4
 439 000b 00       		.byte	0
 440 000c 0000     		.2byte	0
 441 000e 0000     		.2byte	0
 442 0010 00000000 		.4byte	.LFB63
 443 0014 16000000 		.4byte	.LFE63-.LFB63
 444 0018 00000000 		.4byte	0
 445 001c 00000000 		.4byte	0
 446              		.section	.debug_ranges,"",%progbits
 447              	.Ldebug_ranges0:
 448 0000 00000000 		.4byte	.LFB63
 449 0004 16000000 		.4byte	.LFE63
 450 0008 00000000 		.4byte	0
 451 000c 00000000 		.4byte	0
 452              		.section	.debug_line,"",%progbits
 453              	.Ldebug_line0:
 454 0000 4C010000 		.section	.debug_str,"MS",%progbits,1
 454      02002601 
 454      00000201 
 454      FB0E0D00 
 454      01010101 
 455              	.LASF6:
 456 0000 6C6F6E67 		.ascii	"long long int\000"
 456      206C6F6E 
 456      6720696E 
 456      7400
 457              	.LASF12:
 458 000e 75696E74 		.ascii	"uint32\000"
 458      333200
 459              	.LASF8:
 460 0015 756E7369 		.ascii	"unsigned int\000"
 460      676E6564 
 460      20696E74 
 460      00
 461              	.LASF20:
 462 0022 6D61696E 		.ascii	"main\000"
 462      00
 463              	.LASF24:
 464 0027 43794465 		.ascii	"CyDelay\000"
 464      6C617900 
 465              	.LASF11:
 466 002f 75696E74 		.ascii	"uint8\000"
 466      3800
 467              	.LASF5:
 468 0035 6C6F6E67 		.ascii	"long unsigned int\000"
 468      20756E73 
 468      69676E65 
ARM GAS  C:\Users\patel\AppData\Local\Temp\cckWxqqy.s 			page 10


 468      6420696E 
 468      7400
 469              	.LASF18:
 470 0047 2E5C6D61 		.ascii	".\\main.c\000"
 470      696E2E63 
 470      00
 471              	.LASF7:
 472 0050 6C6F6E67 		.ascii	"long long unsigned int\000"
 472      206C6F6E 
 472      6720756E 
 472      7369676E 
 472      65642069 
 473              	.LASF3:
 474 0067 73686F72 		.ascii	"short unsigned int\000"
 474      7420756E 
 474      7369676E 
 474      65642069 
 474      6E7400
 475              	.LASF17:
 476 007a 474E5520 		.ascii	"GNU C 4.9.3 20150303 (release) [ARM/embedded-4_9-br"
 476      4320342E 
 476      392E3320 
 476      32303135 
 476      30333033 
 477 00ad 616E6368 		.ascii	"anch revision 221220] -mcpu=cortex-m3 -mthumb -g -O"
 477      20726576 
 477      6973696F 
 477      6E203232 
 477      31323230 
 478 00e0 67202D66 		.ascii	"g -ffunction-sections -ffat-lto-objects\000"
 478      66756E63 
 478      74696F6E 
 478      2D736563 
 478      74696F6E 
 479              	.LASF22:
 480 0108 55415254 		.ascii	"UART_Start\000"
 480      5F537461 
 480      727400
 481              	.LASF1:
 482 0113 756E7369 		.ascii	"unsigned char\000"
 482      676E6564 
 482      20636861 
 482      7200
 483              	.LASF15:
 484 0121 63686172 		.ascii	"char\000"
 484      00
 485              	.LASF4:
 486 0126 6C6F6E67 		.ascii	"long int\000"
 486      20696E74 
 486      00
 487              	.LASF23:
 488 012f 55415254 		.ascii	"UART_PutChar\000"
 488      5F507574 
 488      43686172 
 488      00
 489              	.LASF14:
 490 013c 646F7562 		.ascii	"double\000"
ARM GAS  C:\Users\patel\AppData\Local\Temp\cckWxqqy.s 			page 11


 490      6C6500
 491              	.LASF21:
 492 0143 49544D5F 		.ascii	"ITM_RxBuffer\000"
 492      52784275 
 492      66666572 
 492      00
 493              	.LASF0:
 494 0150 7369676E 		.ascii	"signed char\000"
 494      65642063 
 494      68617200 
 495              	.LASF9:
 496 015c 5F5F696E 		.ascii	"__int32_t\000"
 496      7433325F 
 496      7400
 497              	.LASF19:
 498 0166 433A5C55 		.ascii	"C:\\Users\\patel\\Downloads\\New\\CS301_Class.cyprj"
 498      73657273 
 498      5C706174 
 498      656C5C44 
 498      6F776E6C 
 499 0194 2E417263 		.ascii	".Archive01\\CS301_Class.cydsn\\UART.cydsn\000"
 499      68697665 
 499      30315C43 
 499      53333031 
 499      5F436C61 
 500              	.LASF13:
 501 01bc 666C6F61 		.ascii	"float\000"
 501      7400
 502              	.LASF2:
 503 01c2 73686F72 		.ascii	"short int\000"
 503      7420696E 
 503      7400
 504              	.LASF10:
 505 01cc 696E7433 		.ascii	"int32_t\000"
 505      325F7400 
 506              	.LASF16:
 507 01d4 73697A65 		.ascii	"sizetype\000"
 507      74797065 
 507      00
 508              		.ident	"GCC: (GNU Tools for ARM Embedded Processors) 4.9.3 20150303 (release) [ARM/embedded-4_9-br
